{"tenant_id":"default","source":"sysmon","timestamp":"2026-07-14T17:02:58.086Z","event":{"EventID":1,"Computer":"WKSTN-1189.aegiscorp.local","User":"AEGISCORP\\djohnson","Image":"C:\\Windows\\System32\\notepad.exe","CommandLine":"C:\\Windows\\System32\\notepad.exe C:\\Users\\djohnson\\Documents\\notes.txt","ParentImage":"C:\\Program Files\\Microsoft Office\\root\\Office16\\EXCEL.EXE","ParentCommandLine":"C:\\Program Files\\Microsoft Office\\root\\Office16\\EXCEL.EXE","ProcessId":43644,"ParentProcessId":725,"IntegrityLevel":"Medium","Hashes":"SHA256=e951fa0dedc5efd3ca3754cfc7e8aef6d5d761a80eeb8a03335afb6261b4eca0","CurrentDirectory":"C:\\Users\\djohnson\\"}}
{"tenant_id":"default","source":"sysmon","timestamp":"2026-07-14T17:43:32.411Z","event":{"EventID":1,"Computer":"WKSTN-1204.aegiscorp.local","User":"AEGISCORP\\jahmed","Image":"C:\\Windows\\System32\\SearchProtocolHost.exe","CommandLine":"C:\\Windows\\System32\\SearchProtocolHost.exe Global\\UsGthrFltPipeMssGthrPipe1","ParentImage":"C:\\Windows\\System32\\taskeng.exe","ParentCommandLine":"C:\\Windows\\System32\\taskeng.exe","ProcessId":42745,"ParentProcessId":513,"IntegrityLevel":"Medium","Hashes":"SHA256=3ebb5eebed80f06a7ad0f4782494d8dfb024707c1758b5f78f6b18afff0ddcea","CurrentDirectory":"C:\\Users\\jahmed\\"}}
{"tenant_id":"default","source":"sysmon","timestamp":"2026-07-14T18:06:37.294Z","event":{"EventID":3,"Computer":"WKSTN-1164.aegiscorp.local","User":"AEGISCORP\\rnovak","Image":"firefox.exe","ProcessId":58473,"SourceIp":"10.20.20.24","SourcePort":50536,"DestinationIp":"20.190.128.10","DestinationPort":443,"DestinationHostname":"s3.amazonaws.com","Protocol":"tcp"}}
{"tenant_id":"default","source":"sysmon","timestamp":"2026-07-14T19:29:38.545Z","event":{"EventID":1,"Computer":"WKSTN-1131.aegiscorp.local","User":"AEGISCORP\\apatel","Image":"C:\\Windows\\System32\\dllhost.exe","CommandLine":"C:\\Windows\\System32\\dllhost.exe /Processid:{guid}","ParentImage":"C:\\Program Files\\Microsoft Office\\root\\Office16\\EXCEL.EXE","ParentCommandLine":"C:\\Program Files\\Microsoft Office\\root\\Office16\\EXCEL.EXE","ProcessId":24754,"ParentProcessId":657,"IntegrityLevel":"Medium","Hashes":"SHA256=c04fcaec8dec4bd46aff54c2bf249bcc7f6ab2410b0b5bada8e4eebab6ba275d","CurrentDirectory":"C:\\Users\\apatel\\"}}
{"tenant_id":"default","source":"sysmon","timestamp":"2026-07-14T19:37:52.315Z","event":{"EventID":1,"Computer":"WKSTN-1278.aegiscorp.local","User":"AEGISCORP\\fkhan","Image":"C:\\Program","CommandLine":"C:\\Program Files\\Microsoft Office\\root\\Office16\\OUTLOOK.EXE /recycle","ParentImage":"C:\\Windows\\System32\\taskeng.exe","ParentCommandLine":"C:\\Windows\\System32\\taskeng.exe","ProcessId":49196,"ParentProcessId":802,"IntegrityLevel":"Medium","Hashes":"SHA256=976e1489e400b7d1a9c12f5ebedfcc4df4ea9d8dc8dbfe33a1298de454d2c66a","CurrentDirectory":"C:\\Users\\fkhan\\"}}
{"tenant_id":"default","source":"sysmon","timestamp":"2026-07-14T21:32:46.975Z","event":{"EventID":1,"Computer":"WKSTN-1130.aegiscorp.local","User":"AEGISCORP\\ldubois","Image":"C:\\Windows\\System32\\notepad.exe","CommandLine":"C:\\Windows\\System32\\notepad.exe C:\\Users\\ldubois\\Documents\\notes.txt","ParentImage":"C:\\Windows\\System32\\svchost.exe","ParentCommandLine":"C:\\Windows\\System32\\svchost.exe","ProcessId":61627,"ParentProcessId":676,"IntegrityLevel":"Medium","Hashes":"SHA256=e2f9cfd32da4b6ae6e6a20ec5e241ed2c469d8045f9421f8dc95ed240acec631","CurrentDirectory":"C:\\Users\\ldubois\\"}}
{"tenant_id":"default","source":"sysmon","timestamp":"2026-07-14T21:44:05.845Z","event":{"EventID":1,"Computer":"WKSTN-1139.aegiscorp.local","User":"AEGISCORP\\mbaker","Image":"C:\\Windows\\System32\\svchost.exe","CommandLine":"C:\\Windows\\System32\\svchost.exe -k netsvcs -p","ParentImage":"C:\\Program Files\\Microsoft Office\\root\\Office16\\WINWORD.EXE","ParentCommandLine":"C:\\Program Files\\Microsoft Office\\root\\Office16\\WINWORD.EXE","ProcessId":55723,"ParentProcessId":839,"IntegrityLevel":"Medium","Hashes":"SHA256=a9b96cdb017fe1df492519b66df6c960085d3a9ce9becf18af7c0ece17c63b4f","CurrentDirectory":"C:\\Users\\mbaker\\"}}
{"tenant_id":"default","source":"sysmon","timestamp":"2026-07-14T21:53:20.919Z","event":{"EventID":1,"Computer":"WKSTN-1190.aegiscorp.local","User":"AEGISCORP\\gosei","Image":"C:\\Windows\\System32\\dllhost.exe","CommandLine":"C:\\Windows\\System32\\dllhost.exe /Processid:{guid}","ParentImage":"C:\\Windows\\System32\\cmd.exe","ParentCommandLine":"C:\\Windows\\System32\\cmd.exe","ProcessId":5991,"ParentProcessId":585,"IntegrityLevel":"Medium","Hashes":"SHA256=d8d0d68f98c3dba85aaaafe4d8efec4a9b1ecdaf28bd49958cb5ea7babd0be7e","CurrentDirectory":"C:\\Users\\gosei\\"}}
{"tenant_id":"default","source":"sysmon","timestamp":"2026-07-14T22:20:52.802Z","event":{"EventID":3,"Computer":"WKSTN-1231.aegiscorp.local","User":"AEGISCORP\\swallace3","Image":"teams.exe","ProcessId":63741,"SourceIp":"10.20.30.41","SourcePort":61134,"DestinationIp":"34.194.23.11","DestinationPort":80,"DestinationHostname":"update.microsoft.com","Protocol":"tcp"}}
{"tenant_id":"default","source":"sysmon","timestamp":"2026-07-14T23:41:53.313Z","event":{"EventID":3,"Computer":"WKSTN-1194.aegiscorp.local","User":"AEGISCORP\\nlund","Image":"outlook.exe","ProcessId":61745,"SourceIp":"10.20.50.24","SourcePort":60259,"DestinationIp":"104.16.85.20","DestinationPort":80,"DestinationHostname":"zoom.us","Protocol":"tcp"}}
{"tenant_id":"default","source":"sysmon","timestamp":"2026-07-14T23:57:36.946Z","event":{"EventID":1,"Computer":"WKSTN-1229.aegiscorp.local","User":"AEGISCORP\\gbrooks2","Image":"C:\\Windows\\System32\\SearchProtocolHost.exe","CommandLine":"C:\\Windows\\System32\\SearchProtocolHost.exe Global\\UsGthrFltPipeMssGthrPipe1","ParentImage":"C:\\Program Files\\Mozilla Firefox\\firefox.exe","ParentCommandLine":"C:\\Program Files\\Mozilla Firefox\\firefox.exe","ProcessId":22146,"ParentProcessId":903,"IntegrityLevel":"Medium","Hashes":"SHA256=2560b33b88eb8fbff818b0dfb5f3ef34de22ecb6f4bbfb2d2ed8e926effa8cd7","CurrentDirectory":"C:\\Users\\gbrooks2\\"}}
{"tenant_id":"default","source":"sysmon","timestamp":"2026-07-14T23:59:41.558Z","event":{"EventID":13,"Computer":"WKSTN-1171.aegiscorp.local","User":"AEGISCORP\\hibrahim","Image":"C:\\Windows\\System32\\svchost.exe","ProcessId":56921,"TargetObject":"HKCU\\Software\\Microsoft\\Windows\\CurrentVersion\\Run\\OneDriveSync","EventType":"SetValue","Details":"DWORD (0x00000001)"}}
{"tenant_id":"default","source":"sysmon","timestamp":"2026-07-15T00:01:51.985Z","event":{"EventID":1,"Computer":"WKSTN-1290.aegiscorp.local","User":"AEGISCORP\\syamamoto","Image":"C:\\Windows\\System32\\SearchProtocolHost.exe","CommandLine":"C:\\Windows\\System32\\SearchProtocolHost.exe Global\\UsGthrFltPipeMssGthrPipe1","ParentImage":"C:\\Program Files\\Google\\Chrome\\Application\\chrome.exe","ParentCommandLine":"C:\\Program Files\\Google\\Chrome\\Application\\chrome.exe","ProcessId":46819,"ParentProcessId":624,"IntegrityLevel":"Medium","Hashes":"SHA256=a448eaea58bf9d1c45d1ce10dfbd33bd9adf53cc5abeba24acefb7dfbffe4d01","CurrentDirectory":"C:\\Users\\syamamoto\\"}}
{"tenant_id":"default","source":"sysmon","timestamp":"2026-07-15T01:23:04.345Z","event":{"EventID":3,"Computer":"WKSTN-1238.aegiscorp.local","User":"AEGISCORP\\emendes","Image":"outlook.exe","ProcessId":12283,"SourceIp":"10.20.30.48","SourcePort":60543,"DestinationIp":"34.194.23.11","DestinationPort":443,"DestinationHostname":"teams.microsoft.com","Protocol":"tcp"}}
{"tenant_id":"default","source":"sysmon","timestamp":"2026-07-15T02:01:41.783Z","event":{"EventID":3,"Computer":"WKSTN-1299.aegiscorp.local","User":"AEGISCORP\\znakamura2","Image":"teams.exe","ProcessId":64146,"SourceIp":"10.20.40.59","SourcePort":62162,"DestinationIp":"151.101.1.140","DestinationPort":443,"DestinationHostname":"teams.microsoft.com","Protocol":"tcp"}}
{"tenant_id":"default","source":"sysmon","timestamp":"2026-07-15T02:22:54.736Z","event":{"EventID":1,"Computer":"WKSTN-1128.aegiscorp.local","User":"AEGISCORP\\enakamura","Image":"C:\\Windows\\System32\\notepad.exe","CommandLine":"C:\\Windows\\System32\\notepad.exe C:\\Users\\enakamura\\Documents\\notes.txt","ParentImage":"C:\\Windows\\System32\\cmd.exe","ParentCommandLine":"C:\\Windows\\System32\\cmd.exe","ProcessId":27866,"ParentProcessId":634,"IntegrityLevel":"Medium","Hashes":"SHA256=3bc6bed8ec391f19801dd6bd9dadeb801e3b75ea2bfad2e1e6bfe321b4bccc49","CurrentDirectory":"C:\\Users\\enakamura\\"}}
{"tenant_id":"default","source":"sysmon","timestamp":"2026-07-15T02:47:28.042Z","event":{"EventID":3,"Computer":"WKSTN-1241.aegiscorp.local","User":"AEGISCORP\\znakamura","Image":"teams.exe","ProcessId":11353,"SourceIp":"10.20.30.51","SourcePort":54427,"DestinationIp":"52.96.10.4","DestinationPort":80,"DestinationHostname":"api.stripe.com","Protocol":"tcp"}}
{"tenant_id":"default","source":"sysmon","timestamp":"2026-07-15T03:04:05.030Z","event":{"EventID":1,"Computer":"WKSTN-1176.aegiscorp.local","User":"AEGISCORP\\akhan","Image":"C:\\Program","CommandLine":"C:\\Program Files\\Google\\Chrome\\Application\\chrome.exe --type=renderer","ParentImage":"C:\\Windows\\System32\\svchost.exe","ParentCommandLine":"C:\\Windows\\System32\\svchost.exe","ProcessId":8793,"ParentProcessId":801,"IntegrityLevel":"Medium","Hashes":"SHA256=dfb12eee4cb1e21dab4d1f3003a60504dcbfbbfa976b5cd8a67ef2b53c33a4ed","CurrentDirectory":"C:\\Users\\akhan\\"}}
{"tenant_id":"default","source":"sysmon","timestamp":"2026-07-15T03:40:09.891Z","event":{"EventID":1,"Computer":"WKSTN-1223.aegiscorp.local","User":"AEGISCORP\\rpatel","Image":"C:\\Program","CommandLine":"C:\\Program Files\\Microsoft Office\\root\\Office16\\OUTLOOK.EXE /recycle","ParentImage":"C:\\Program Files\\Google\\Chrome\\Application\\chrome.exe","ParentCommandLine":"C:\\Program Files\\Google\\Chrome\\Application\\chrome.exe","ProcessId":61444,"ParentProcessId":803,"IntegrityLevel":"Medium","Hashes":"SHA256=5189b288bfe79f7dbea9276213a32ae3bdddac78bf79712cd664ca2fe0df00de","CurrentDirectory":"C:\\Users\\rpatel\\"}}
{"tenant_id":"default","source":"sysmon","timestamp":"2026-07-15T04:17:32.272Z","event":{"EventID":1,"Computer":"WKSTN-1147.aegiscorp.local","User":"AEGISCORP\\emartinez","Image":"C:\\Program","CommandLine":"C:\\Program Files\\Google\\Chrome\\Application\\chrome.exe --type=renderer","ParentImage":"C:\\Program Files\\Microsoft Office\\root\\Office16\\OUTLOOK.EXE","ParentCommandLine":"C:\\Program Files\\Microsoft Office\\root\\Office16\\OUTLOOK.EXE","ProcessId":44435,"ParentProcessId":679,"IntegrityLevel":"Medium","Hashes":"SHA256=faa8a0ae1dee3cce0d03f8e0ddcdb60f49eff459a8cb7b517a366dae0e39ef8b","CurrentDirectory":"C:\\Users\\emartinez\\"}}
{"tenant_id":"default","source":"sysmon","timestamp":"2026-07-15T07:02:01.334Z","event":{"EventID":11,"Computer":"WKSTN-1102.aegiscorp.local","User":"AEGISCORP\\ckowalski","Image":"C:\\Program Files\\Microsoft Office\\root\\Office16\\WINWORD.EXE","ProcessId":19469,"TargetFilename":"C:\\Users\\ckowalski\\Documents\\report.xlsx","CreationUtcTime":"2026-07-15T07:02:01.334Z"}}
{"tenant_id":"default","source":"sysmon","timestamp":"2026-07-15T07:48:57.958Z","event":{"EventID":13,"Computer":"WKSTN-1294.aegiscorp.local","User":"AEGISCORP\\rmartinez","Image":"C:\\Windows\\System32\\svchost.exe","ProcessId":44986,"TargetObject":"HKCU\\Software\\Microsoft\\Windows\\CurrentVersion\\Run\\OneDriveSync","EventType":"SetValue","Details":"DWORD (0x00000001)"}}
{"tenant_id":"default","source":"sysmon","timestamp":"2026-07-15T10:23:24.167Z","event":{"EventID":3,"Computer":"WKSTN-1202.aegiscorp.local","User":"AEGISCORP\\mnakamura","Image":"outlook.exe","ProcessId":41851,"SourceIp":"10.20.30.12","SourcePort":49418,"DestinationIp":"20.190.128.10","DestinationPort":443,"DestinationHostname":"teams.microsoft.com","Protocol":"tcp"}}
{"tenant_id":"default","source":"sysmon","timestamp":"2026-07-15T10:44:59.496Z","event":{"EventID":3,"Computer":"WKSTN-1292.aegiscorp.local","User":"AEGISCORP\\pkhan","Image":"firefox.exe","ProcessId":49565,"SourceIp":"10.20.40.52","SourcePort":61941,"DestinationIp":"52.96.10.4","DestinationPort":443,"DestinationHostname":"www.salesforce.com","Protocol":"tcp"}}
{"tenant_id":"default","source":"sysmon","timestamp":"2026-07-15T12:26:55.402Z","event":{"EventID":11,"Computer":"WKSTN-1118.aegiscorp.local","User":"AEGISCORP\\tjansen","Image":"C:\\Program Files\\Microsoft Office\\root\\Office16\\WINWORD.EXE","ProcessId":49556,"TargetFilename":"C:\\Users\\tjansen\\Documents\\report.xlsx","CreationUtcTime":"2026-07-15T12:26:55.402Z"}}
{"tenant_id":"default","source":"sysmon","timestamp":"2026-07-15T14:29:09.424Z","event":{"EventID":11,"Computer":"WKSTN-1223.aegiscorp.local","User":"AEGISCORP\\rpatel","Image":"C:\\Program Files\\Microsoft Office\\root\\Office16\\WINWORD.EXE","ProcessId":19512,"TargetFilename":"C:\\Users\\rpatel\\Documents\\budget.pptx","CreationUtcTime":"2026-07-15T14:29:09.424Z"}}
{"tenant_id":"default","source":"sysmon","timestamp":"2026-07-15T16:37:09.026Z","event":{"EventID":3,"Computer":"WKSTN-1124.aegiscorp.local","User":"AEGISCORP\\tnovak","Image":"firefox.exe","ProcessId":31331,"SourceIp":"10.20.10.34","SourcePort":58387,"DestinationIp":"8.8.8.8","DestinationPort":443,"DestinationHostname":"login.microsoftonline.com","Protocol":"tcp"}}
{"tenant_id":"default","source":"sysmon","timestamp":"2026-07-15T16:53:52.163Z","event":{"EventID":1,"Computer":"WKSTN-1117.aegiscorp.local","User":"AEGISCORP\\ayamamoto","Image":"C:\\Windows\\System32\\SearchProtocolHost.exe","CommandLine":"C:\\Windows\\System32\\SearchProtocolHost.exe Global\\UsGthrFltPipeMssGthrPipe1","ParentImage":"C:\\Windows\\System32\\cmd.exe","ParentCommandLine":"C:\\Windows\\System32\\cmd.exe","ProcessId":9447,"ParentProcessId":763,"IntegrityLevel":"Medium","Hashes":"SHA256=effae0ddfcfbd14ba8ee7bde66fa9fe67f1b42ee0dd7b4b639c6f261f65ebbaf","CurrentDirectory":"C:\\Users\\ayamamoto\\"}}
{"tenant_id":"default","source":"sysmon","timestamp":"2026-07-15T17:42:56.064Z","event":{"EventID":1,"Computer":"WKSTN-1144.aegiscorp.local","User":"AEGISCORP\\ksilva","Image":"C:\\Program","CommandLine":"C:\\Program Files\\Google\\Chrome\\Application\\chrome.exe --type=renderer","ParentImage":"C:\\Windows\\System32\\svchost.exe","ParentCommandLine":"C:\\Windows\\System32\\svchost.exe","ProcessId":12128,"ParentProcessId":937,"IntegrityLevel":"Medium","Hashes":"SHA256=e440a27e2bea36b54ce94e9f3b867eefaebbc0dedabfea4e7ff0d8a2167e04dc","CurrentDirectory":"C:\\Users\\ksilva\\"}}
{"tenant_id":"default","source":"sysmon","timestamp":"2026-07-15T17:50:44.084Z","event":{"EventID":11,"Computer":"WKSTN-1266.aegiscorp.local","User":"AEGISCORP\\mwallace","Image":"C:\\Windows\\System32\\cmd.exe","ProcessId":24296,"TargetFilename":"C:\\Users\\mwallace\\Documents\\budget.pptx","CreationUtcTime":"2026-07-15T17:50:44.084Z"}}
{"tenant_id":"default","source":"sysmon","timestamp":"2026-07-15T18:33:13.242Z","event":{"EventID":1,"Computer":"WKSTN-1171.aegiscorp.local","User":"AEGISCORP\\hibrahim","Image":"C:\\Program","CommandLine":"C:\\Program Files\\Microsoft Office\\root\\Office16\\OUTLOOK.EXE /recycle","ParentImage":"C:\\Windows\\System32\\taskeng.exe","ParentCommandLine":"C:\\Windows\\System32\\taskeng.exe","ProcessId":50914,"ParentProcessId":740,"IntegrityLevel":"Medium","Hashes":"SHA256=fed3eb1ee4d4559a9927f333aee41cfde77c5de9e74106cd5065ec04f5cc2da0","CurrentDirectory":"C:\\Users\\hibrahim\\"}}
{"tenant_id":"default","source":"sysmon","timestamp":"2026-07-15T19:05:18.376Z","event":{"EventID":1,"Computer":"WKSTN-1191.aegiscorp.local","User":"AEGISCORP\\kbaker","Image":"C:\\Windows\\System32\\notepad.exe","CommandLine":"C:\\Windows\\System32\\notepad.exe C:\\Users\\kbaker\\Documents\\notes.txt","ParentImage":"C:\\Windows\\System32\\WindowsPowerShell\\v1.0\\powershell.exe","ParentCommandLine":"C:\\Windows\\System32\\WindowsPowerShell\\v1.0\\powershell.exe","ProcessId":34169,"ParentProcessId":651,"IntegrityLevel":"Medium","Hashes":"SHA256=7066a4eb8aed41cfb82a6fdcfee3c5380f6f2c6abd1cbfab4cda85ee1fc5b6e4","CurrentDirectory":"C:\\Users\\kbaker\\"}}
{"tenant_id":"default","source":"sysmon","timestamp":"2026-07-15T19:20:02.787Z","event":{"EventID":13,"Computer":"WKSTN-1195.aegiscorp.local","User":"AEGISCORP\\dkhan","Image":"C:\\Windows\\System32\\svchost.exe","ProcessId":35232,"TargetObject":"HKLM\\SYSTEM\\CurrentControlSet\\Services\\Tcpip\\Parameters","EventType":"SetValue","Details":"DWORD (0x00000001)"}}
{"tenant_id":"default","source":"sysmon","timestamp":"2026-07-15T20:25:17.606Z","event":{"EventID":11,"Computer":"WKSTN-1248.aegiscorp.local","User":"AEGISCORP\\ahoffman2","Image":"C:\\Windows\\System32\\WindowsPowerShell\\v1.0\\powershell.exe","ProcessId":59028,"TargetFilename":"C:\\Users\\ahoffman2\\Documents\\budget.pptx","CreationUtcTime":"2026-07-15T20:25:17.606Z"}}
{"tenant_id":"default","source":"sysmon","timestamp":"2026-07-15T20:36:28.053Z","event":{"EventID":1,"Computer":"WKSTN-1205.aegiscorp.local","User":"AEGISCORP\\tsilva","Image":"C:\\Program","CommandLine":"C:\\Program Files\\Microsoft Office\\root\\Office16\\OUTLOOK.EXE /recycle","ParentImage":"C:\\Program Files\\Microsoft Office\\root\\Office16\\EXCEL.EXE","ParentCommandLine":"C:\\Program Files\\Microsoft Office\\root\\Office16\\EXCEL.EXE","ProcessId":55633,"ParentProcessId":566,"IntegrityLevel":"Medium","Hashes":"SHA256=3722bdad663e4f278dc17aab19aa644c213b13642debd62ca38222e225d07dee","CurrentDirectory":"C:\\Users\\tsilva\\"}}
{"tenant_id":"default","source":"sysmon","timestamp":"2026-07-15T21:47:02.956Z","event":{"EventID":1,"Computer":"WKSTN-1293.aegiscorp.local","User":"AEGISCORP\\ckhan","Image":"C:\\Program","CommandLine":"C:\\Program Files\\Google\\Chrome\\Application\\chrome.exe --type=renderer","ParentImage":"C:\\Windows\\System32\\taskeng.exe","ParentCommandLine":"C:\\Windows\\System32\\taskeng.exe","ProcessId":23828,"ParentProcessId":606,"IntegrityLevel":"Medium","Hashes":"SHA256=d7ec8dd70152ecb95d787e08a239fc861dcd5afd4c076a6affbf5bedc9dbcab9","CurrentDirectory":"C:\\Users\\ckhan\\"}}
{"tenant_id":"default","source":"sysmon","timestamp":"2026-07-16T01:20:09.325Z","event":{"EventID":1,"Computer":"WKSTN-1174.aegiscorp.local","User":"AEGISCORP\\hlindqvist","Image":"C:\\Windows\\System32\\svchost.exe","CommandLine":"C:\\Windows\\System32\\svchost.exe -k netsvcs -p","ParentImage":"C:\\Windows\\System32\\WindowsPowerShell\\v1.0\\powershell.exe","ParentCommandLine":"C:\\Windows\\System32\\WindowsPowerShell\\v1.0\\powershell.exe","ProcessId":38434,"ParentProcessId":976,"IntegrityLevel":"Medium","Hashes":"SHA256=ceb2bfb662da2ef8f5cb9000aab0dffc1fd4dbfac6fbf6d53a1b9ada08e4b7ad","CurrentDirectory":"C:\\Users\\hlindqvist\\"}}
{"tenant_id":"default","source":"sysmon","timestamp":"2026-07-16T05:01:57.707Z","event":{"EventID":3,"Computer":"WKSTN-1109.aegiscorp.local","User":"AEGISCORP\\jgrant","Image":"firefox.exe","ProcessId":52882,"SourceIp":"10.20.10.19","SourcePort":55701,"DestinationIp":"8.8.8.8","DestinationPort":443,"DestinationHostname":"docs.google.com","Protocol":"tcp"}}
{"tenant_id":"default","source":"sysmon","timestamp":"2026-07-16T05:25:51.543Z","event":{"EventID":1,"Computer":"WKSTN-1268.aegiscorp.local","User":"AEGISCORP\\epatel","Image":"C:\\Windows\\System32\\svchost.exe","CommandLine":"C:\\Windows\\System32\\svchost.exe -k netsvcs -p","ParentImage":"C:\\Windows\\System32\\svchost.exe","ParentCommandLine":"C:\\Windows\\System32\\svchost.exe","ProcessId":6035,"ParentProcessId":913,"IntegrityLevel":"Medium","Hashes":"SHA256=14fbbce59a65f6b0240ea9dfbaa72ac2acb99caca5fcd2615d7cc99fbeeccea8","CurrentDirectory":"C:\\Users\\epatel\\"}}
{"tenant_id":"default","source":"sysmon","timestamp":"2026-07-16T07:56:53.627Z","event":{"EventID":1,"Computer":"WKSTN-1184.aegiscorp.local","User":"AEGISCORP\\lhoffman","Image":"C:\\Windows\\System32\\SearchProtocolHost.exe","CommandLine":"C:\\Windows\\System32\\SearchProtocolHost.exe Global\\UsGthrFltPipeMssGthrPipe1","ParentImage":"C:\\Windows\\System32\\WindowsPowerShell\\v1.0\\powershell.exe","ParentCommandLine":"C:\\Windows\\System32\\WindowsPowerShell\\v1.0\\powershell.exe","ProcessId":45430,"ParentProcessId":763,"IntegrityLevel":"Medium","Hashes":"SHA256=704fe8e7dbbeeeae76c0e6b687beacbab1dae1aede6bbb8717abbff0e6d28cdf","CurrentDirectory":"C:\\Users\\lhoffman\\"}}
{"tenant_id":"default","source":"sysmon","timestamp":"2026-07-16T08:17:32.002Z","event":{"EventID":1,"Computer":"WKSTN-1288.aegiscorp.local","User":"AEGISCORP\\nibrahim","Image":"C:\\Windows\\System32\\svchost.exe","CommandLine":"C:\\Windows\\System32\\svchost.exe -k netsvcs -p","ParentImage":"C:\\Program Files\\Microsoft Office\\root\\Office16\\OUTLOOK.EXE","ParentCommandLine":"C:\\Program Files\\Microsoft Office\\root\\Office16\\OUTLOOK.EXE","ProcessId":33751,"ParentProcessId":809,"IntegrityLevel":"Medium","Hashes":"SHA256=ededf5dedc8b8e9b3df73f75cc7eeb248ed0e6d8deea17dcdf9cf59fcc4eee6d","CurrentDirectory":"C:\\Users\\nibrahim\\"}}
{"tenant_id":"default","source":"sysmon","timestamp":"2026-07-16T09:28:24.529Z","event":{"EventID":1,"Computer":"WKSTN-1186.aegiscorp.local","User":"AEGISCORP\\wpatel","Image":"C:\\Windows\\System32\\svchost.exe","CommandLine":"C:\\Windows\\System32\\svchost.exe -k netsvcs -p","ParentImage":"C:\\Windows\\System32\\svchost.exe","ParentCommandLine":"C:\\Windows\\System32\\svchost.exe","ProcessId":16929,"ParentProcessId":750,"IntegrityLevel":"Medium","Hashes":"SHA256=4f76ade9f675de0cd8bfdbdaafdbc209a34a7feba4fef8acfb6b93cd83948adb","CurrentDirectory":"C:\\Users\\wpatel\\"}}
{"tenant_id":"default","source":"sysmon","timestamp":"2026-07-16T09:31:36.798Z","event":{"EventID":11,"Computer":"WKSTN-1156.aegiscorp.local","User":"AEGISCORP\\bmendes2","Image":"C:\\Program Files\\Microsoft Office\\root\\Office16\\OUTLOOK.EXE","ProcessId":22258,"TargetFilename":"C:\\Users\\bmendes2\\Documents\\report.xlsx","CreationUtcTime":"2026-07-16T09:31:36.798Z"}}
{"tenant_id":"default","source":"sysmon","timestamp":"2026-07-16T09:38:47.086Z","event":{"EventID":11,"Computer":"WKSTN-1289.aegiscorp.local","User":"AEGISCORP\\mcosta2","Image":"C:\\Windows\\System32\\taskeng.exe","ProcessId":57194,"TargetFilename":"C:\\Users\\mcosta2\\Documents\\meeting_minutes.pdf","CreationUtcTime":"2026-07-16T09:38:47.086Z"}}
{"tenant_id":"default","source":"sysmon","timestamp":"2026-07-16T10:41:11.671Z","event":{"EventID":13,"Computer":"WKSTN-1199.aegiscorp.local","User":"AEGISCORP\\jkhan","Image":"C:\\Windows\\System32\\svchost.exe","ProcessId":7037,"TargetObject":"HKCU\\Software\\Microsoft\\Windows\\CurrentVersion\\Run\\OneDriveSync","EventType":"SetValue","Details":"DWORD (0x00000001)"}}
{"tenant_id":"default","source":"sysmon","timestamp":"2026-07-16T10:49:37.477Z","event":{"EventID":1,"Computer":"WKSTN-1293.aegiscorp.local","User":"AEGISCORP\\ckhan","Image":"C:\\Program","CommandLine":"C:\\Program Files\\Google\\Chrome\\Application\\chrome.exe --type=renderer","ParentImage":"C:\\Windows\\System32\\WindowsPowerShell\\v1.0\\powershell.exe","ParentCommandLine":"C:\\Windows\\System32\\WindowsPowerShell\\v1.0\\powershell.exe","ProcessId":18290,"ParentProcessId":513,"IntegrityLevel":"Medium","Hashes":"SHA256=8fdba8fdd4d6c44b2e737acadcb5d6909b8f1b72c58947f896ef2cb2916d3dc1","CurrentDirectory":"C:\\Users\\ckhan\\"}}
{"tenant_id":"default","source":"sysmon","timestamp":"2026-07-16T12:05:39.311Z","event":{"EventID":1,"Computer":"WKSTN-1115.aegiscorp.local","User":"AEGISCORP\\cfischer","Image":"C:\\Windows\\System32\\notepad.exe","CommandLine":"C:\\Windows\\System32\\notepad.exe C:\\Users\\cfischer\\Documents\\notes.txt","ParentImage":"C:\\Windows\\System32\\taskeng.exe","ParentCommandLine":"C:\\Windows\\System32\\taskeng.exe","ProcessId":4097,"ParentProcessId":844,"IntegrityLevel":"Medium","Hashes":"SHA256=0a8db3cbdd2baeb146c2cde5211ea697be41ca47eae979831ed0dc12afabc0da","CurrentDirectory":"C:\\Users\\cfischer\\"}}
{"tenant_id":"default","source":"sysmon","timestamp":"2026-07-16T12:45:48.382Z","event":{"EventID":3,"Computer":"WKSTN-1107.aegiscorp.local","User":"AEGISCORP\\ckim","Image":"chrome.exe","ProcessId":41645,"SourceIp":"10.20.10.17","SourcePort":62308,"DestinationIp":"151.101.1.140","DestinationPort":443,"DestinationHostname":"update.microsoft.com","Protocol":"tcp"}}
{"tenant_id":"default","source":"sysmon","timestamp":"2026-07-16T18:57:00.152Z","event":{"EventID":13,"Computer":"WKSTN-1120.aegiscorp.local","User":"AEGISCORP\\rkowalski","Image":"C:\\Windows\\System32\\svchost.exe","ProcessId":19483,"TargetObject":"HKCU\\Software\\Microsoft\\Office\\16.0\\Common\\General","EventType":"SetValue","Details":"DWORD (0x00000001)"}}
{"tenant_id":"default","source":"sysmon","timestamp":"2026-07-16T19:16:59.592Z","event":{"EventID":1,"Computer":"WKSTN-1256.aegiscorp.local","User":"AEGISCORP\\josei","Image":"C:\\Program","CommandLine":"C:\\Program Files\\Google\\Chrome\\Application\\chrome.exe --type=renderer","ParentImage":"C:\\Program Files\\Microsoft Office\\root\\Office16\\EXCEL.EXE","ParentCommandLine":"C:\\Program Files\\Microsoft Office\\root\\Office16\\EXCEL.EXE","ProcessId":46627,"ParentProcessId":730,"IntegrityLevel":"Medium","Hashes":"SHA256=b03b6eb54fceeac2a770bad5c0b4b827e3da4490d9d3afad93a7a7cc65a9d0f4","CurrentDirectory":"C:\\Users\\josei\\"}}
{"tenant_id":"default","source":"sysmon","timestamp":"2026-07-16T19:44:48.206Z","event":{"EventID":11,"Computer":"WKSTN-1214.aegiscorp.local","User":"AEGISCORP\\tsilva2","Image":"C:\\Program Files\\Microsoft Office\\root\\Office16\\WINWORD.EXE","ProcessId":17694,"TargetFilename":"C:\\Users\\tsilva2\\Documents\\report.xlsx","CreationUtcTime":"2026-07-16T19:44:48.206Z"}}
{"tenant_id":"default","source":"sysmon","timestamp":"2026-07-16T21:49:20.810Z","event":{"EventID":13,"Computer":"WKSTN-1176.aegiscorp.local","User":"AEGISCORP\\akhan","Image":"C:\\Windows\\System32\\svchost.exe","ProcessId":57808,"TargetObject":"HKLM\\SYSTEM\\CurrentControlSet\\Services\\Tcpip\\Parameters","EventType":"SetValue","Details":"DWORD (0x00000001)"}}
{"tenant_id":"default","source":"sysmon","timestamp":"2026-07-16T22:23:08.203Z","event":{"EventID":1,"Computer":"WKSTN-1214.aegiscorp.local","User":"AEGISCORP\\tsilva2","Image":"C:\\Windows\\System32\\svchost.exe","CommandLine":"C:\\Windows\\System32\\svchost.exe -k netsvcs -p","ParentImage":"C:\\Program Files\\Google\\Chrome\\Application\\chrome.exe","ParentCommandLine":"C:\\Program Files\\Google\\Chrome\\Application\\chrome.exe","ProcessId":28104,"ParentProcessId":613,"IntegrityLevel":"Medium","Hashes":"SHA256=8c8bc3b90fc35becddbac0f60df6ccb6b1387caeeb94aa2747b43e24c5d1cca8","CurrentDirectory":"C:\\Users\\tsilva2\\"}}
{"tenant_id":"default","source":"sysmon","timestamp":"2026-07-17T00:04:26.669Z","event":{"EventID":1,"Computer":"WKSTN-1160.aegiscorp.local","User":"AEGISCORP\\rokafor2","Image":"C:\\Windows\\System32\\SearchProtocolHost.exe","CommandLine":"C:\\Windows\\System32\\SearchProtocolHost.exe Global\\UsGthrFltPipeMssGthrPipe1","ParentImage":"C:\\Program Files\\Microsoft Office\\root\\Office16\\EXCEL.EXE","ParentCommandLine":"C:\\Program Files\\Microsoft Office\\root\\Office16\\EXCEL.EXE","ProcessId":61131,"ParentProcessId":588,"IntegrityLevel":"Medium","Hashes":"SHA256=a35a46c4d1e09770ffb0ca47988a5ea2ea1fc54b36fbc7fdbeace448b90deb9e","CurrentDirectory":"C:\\Users\\rokafor2\\"}}
{"tenant_id":"default","source":"sysmon","timestamp":"2026-07-17T00:42:31.221Z","event":{"EventID":1,"Computer":"WKSTN-1201.aegiscorp.local","User":"AEGISCORP\\falvarez","Image":"C:\\Windows\\System32\\svchost.exe","CommandLine":"C:\\Windows\\System32\\svchost.exe -k netsvcs -p","ParentImage":"C:\\Program Files\\Microsoft Office\\root\\Office16\\EXCEL.EXE","ParentCommandLine":"C:\\Program Files\\Microsoft Office\\root\\Office16\\EXCEL.EXE","ProcessId":13156,"ParentProcessId":957,"IntegrityLevel":"Medium","Hashes":"SHA256=d5aae9baaddbc3d80de4eaeaadfcbc9dba1a016db8b0f4a4aa8c72530498ef9d","CurrentDirectory":"C:\\Users\\falvarez\\"}}
{"tenant_id":"default","source":"sysmon","timestamp":"2026-07-17T01:27:37.893Z","event":{"EventID":1,"Computer":"WKSTN-1123.aegiscorp.local","User":"AEGISCORP\\kchen","Image":"C:\\Windows\\System32\\SearchProtocolHost.exe","CommandLine":"C:\\Windows\\System32\\SearchProtocolHost.exe Global\\UsGthrFltPipeMssGthrPipe1","ParentImage":"C:\\Program Files\\Mozilla Firefox\\firefox.exe","ParentCommandLine":"C:\\Program Files\\Mozilla Firefox\\firefox.exe","ProcessId":34292,"ParentProcessId":814,"IntegrityLevel":"Medium","Hashes":"SHA256=2775d2fcc664a0c5eb68dc5ddadc3089b34fdde9a4302c6321c96af863074b23","CurrentDirectory":"C:\\Users\\kchen\\"}}
{"tenant_id":"default","source":"sysmon","timestamp":"2026-07-17T01:43:09.620Z","event":{"EventID":1,"Computer":"WKSTN-1140.aegiscorp.local","User":"AEGISCORP\\jmoreau2","Image":"C:\\Windows\\System32\\SearchProtocolHost.exe","CommandLine":"C:\\Windows\\System32\\SearchProtocolHost.exe Global\\UsGthrFltPipeMssGthrPipe1","ParentImage":"C:\\Program Files\\Microsoft Office\\root\\Office16\\OUTLOOK.EXE","ParentCommandLine":"C:\\Program Files\\Microsoft Office\\root\\Office16\\OUTLOOK.EXE","ProcessId":44528,"ParentProcessId":832,"IntegrityLevel":"Medium","Hashes":"SHA256=2505ccace194637d85beb3fbc1cfccaefc3b8bd2b2faaf63f9cb9c0d7c7d72d7","CurrentDirectory":"C:\\Users\\jmoreau2\\"}}
{"tenant_id":"default","source":"sysmon","timestamp":"2026-07-17T02:07:43.354Z","event":{"EventID":3,"Computer":"WKSTN-1159.aegiscorp.local","User":"AEGISCORP\\swallace","Image":"outlook.exe","ProcessId":31020,"SourceIp":"10.20.20.19","SourcePort":56309,"DestinationIp":"13.107.42.14","DestinationPort":80,"DestinationHostname":"github.com","Protocol":"tcp"}}
{"tenant_id":"default","source":"sysmon","timestamp":"2026-07-17T02:27:52.079Z","event":{"EventID":1,"Computer":"WKSTN-1146.aegiscorp.local","User":"AEGISCORP\\tlindqvist2","Image":"C:\\Program","CommandLine":"C:\\Program Files\\Microsoft Office\\root\\Office16\\OUTLOOK.EXE /recycle","ParentImage":"C:\\Program Files\\Microsoft Office\\root\\Office16\\WINWORD.EXE","ParentCommandLine":"C:\\Program Files\\Microsoft Office\\root\\Office16\\WINWORD.EXE","ProcessId":13704,"ParentProcessId":956,"IntegrityLevel":"Medium","Hashes":"SHA256=af06ce0b201ab0ada4f8df2c45743adeece2b8cdb5e59b64bac1feeefade6a51","CurrentDirectory":"C:\\Users\\tlindqvist2\\"}}
{"tenant_id":"default","source":"sysmon","timestamp":"2026-07-17T03:48:33.600Z","event":{"EventID":1,"Computer":"WKSTN-1285.aegiscorp.local","User":"AEGISCORP\\cnakamura","Image":"C:\\Program","CommandLine":"C:\\Program Files\\Google\\Chrome\\Application\\chrome.exe --type=renderer","ParentImage":"C:\\Windows\\System32\\cmd.exe","ParentCommandLine":"C:\\Windows\\System32\\cmd.exe","ProcessId":42263,"ParentProcessId":990,"IntegrityLevel":"Medium","Hashes":"SHA256=1c6a66f137eb888a56ebf42433de1bc2ba0d1cc1c7edaea8b8a6e15ac4aed712","CurrentDirectory":"C:\\Users\\cnakamura\\"}}
{"tenant_id":"default","source":"sysmon","timestamp":"2026-07-17T04:24:23.195Z","event":{"EventID":13,"Computer":"WKSTN-1147.aegiscorp.local","User":"AEGISCORP\\jyamamoto","Image":"C:\\Windows\\System32\\svchost.exe","ProcessId":54390,"TargetObject":"HKLM\\SYSTEM\\CurrentControlSet\\Services\\Tcpip\\Parameters","EventType":"SetValue","Details":"DWORD (0x00000001)"}}
{"tenant_id":"default","source":"sysmon","timestamp":"2026-07-17T07:26:32.641Z","event":{"EventID":1,"Computer":"WKSTN-1121.aegiscorp.local","User":"AEGISCORP\\rtorres","Image":"C:\\Windows\\System32\\dllhost.exe","CommandLine":"C:\\Windows\\System32\\dllhost.exe /Processid:{guid}","ParentImage":"C:\\Program Files\\Mozilla Firefox\\firefox.exe","ParentCommandLine":"C:\\Program Files\\Mozilla Firefox\\firefox.exe","ProcessId":31287,"ParentProcessId":780,"IntegrityLevel":"Medium","Hashes":"SHA256=622e9cb4370fa5dfab5f84084afc0d413ee04ce27aa0e5a297ca31acab3f0c08","CurrentDirectory":"C:\\Users\\rtorres\\"}}
{"tenant_id":"default","source":"sysmon","timestamp":"2026-07-17T09:05:11.551Z","event":{"EventID":11,"Computer":"WKSTN-1106.aegiscorp.local","User":"AEGISCORP\\yrossi","Image":"C:\\Program Files\\Mozilla Firefox\\firefox.exe","ProcessId":6770,"TargetFilename":"C:\\Users\\yrossi\\Documents\\budget.pptx","CreationUtcTime":"2026-07-17T09:05:11.551Z"}}
{"tenant_id":"default","source":"sysmon","timestamp":"2026-07-17T09:09:58.550Z","event":{"EventID":3,"Computer":"WKSTN-1195.aegiscorp.local","User":"AEGISCORP\\dkhan","Image":"chrome.exe","ProcessId":51024,"SourceIp":"10.20.50.25","SourcePort":50207,"DestinationIp":"104.16.85.20","DestinationPort":80,"DestinationHostname":"teams.microsoft.com","Protocol":"tcp"}}
{"tenant_id":"default","source":"sysmon","timestamp":"2026-07-17T10:23:21.276Z","event":{"EventID":11,"Computer":"WKSTN-1145.aegiscorp.local","User":"AEGISCORP\\inguyen","Image":"C:\\Windows\\explorer.exe","ProcessId":40856,"TargetFilename":"C:\\Users\\inguyen\\Documents\\report.xlsx","CreationUtcTime":"2026-07-17T10:23:21.276Z"}}
{"tenant_id":"default","source":"sysmon","timestamp":"2026-07-17T12:41:26.876Z","event":{"EventID":1,"Computer":"WKSTN-1114.aegiscorp.local","User":"AEGISCORP\\eschmidt","Image":"C:\\Windows\\System32\\notepad.exe","CommandLine":"C:\\Windows\\System32\\notepad.exe C:\\Users\\eschmidt\\Documents\\notes.txt","ParentImage":"C:\\Program Files\\Google\\Chrome\\Application\\chrome.exe","ParentCommandLine":"C:\\Program Files\\Google\\Chrome\\Application\\chrome.exe","ProcessId":3554,"ParentProcessId":960,"IntegrityLevel":"Medium","Hashes":"SHA256=be39f09af18853da2be59db276bb8ba83fac6fa699fdd2fdc4a57aa32dfefa37","CurrentDirectory":"C:\\Users\\eschmidt\\"}}
{"tenant_id":"default","source":"sysmon","timestamp":"2026-07-17T12:48:50.847Z","event":{"EventID":3,"Computer":"WKSTN-1174.aegiscorp.local","User":"AEGISCORP\\hlindqvist","Image":"chrome.exe","ProcessId":39674,"SourceIp":"10.20.20.34","SourcePort":53912,"DestinationIp":"34.194.23.11","DestinationPort":443,"DestinationHostname":"zoom.us","Protocol":"tcp"}}
{"tenant_id":"default","source":"sysmon","timestamp":"2026-07-17T12:57:35.556Z","event":{"EventID":11,"Computer":"WKSTN-1128.aegiscorp.local","User":"AEGISCORP\\enakamura","Image":"C:\\Program Files\\Mozilla Firefox\\firefox.exe","ProcessId":28880,"TargetFilename":"C:\\Users\\enakamura\\Documents\\backup.zip","CreationUtcTime":"2026-07-17T12:57:35.556Z"}}
{"tenant_id":"default","source":"sysmon","timestamp":"2026-07-17T14:44:06.041Z","event":{"EventID":3,"Computer":"WKSTN-1227.aegiscorp.local","User":"AEGISCORP\\isuzuki2","Image":"teams.exe","ProcessId":43219,"SourceIp":"10.20.30.37","SourcePort":53516,"DestinationIp":"34.194.23.11","DestinationPort":443,"DestinationHostname":"update.microsoft.com","Protocol":"tcp"}}
{"tenant_id":"default","source":"sysmon","timestamp":"2026-07-17T15:48:02.059Z","event":{"EventID":1,"Computer":"WKSTN-1160.aegiscorp.local","User":"AEGISCORP\\rokafor2","Image":"C:\\Windows\\System32\\SearchProtocolHost.exe","CommandLine":"C:\\Windows\\System32\\SearchProtocolHost.exe Global\\UsGthrFltPipeMssGthrPipe1","ParentImage":"C:\\Program Files\\Microsoft Office\\root\\Office16\\OUTLOOK.EXE","ParentCommandLine":"C:\\Program Files\\Microsoft Office\\root\\Office16\\OUTLOOK.EXE","ProcessId":11292,"ParentProcessId":756,"IntegrityLevel":"Medium","Hashes":"SHA256=fdf2d1ef2e3bedbf40700debb2dc04efd62d70ece9aaacc7c000155be3437ba7","CurrentDirectory":"C:\\Users\\rokafor2\\"}}
{"tenant_id":"default","source":"sysmon","timestamp":"2026-07-17T17:36:50.952Z","event":{"EventID":1,"Computer":"WKSTN-1147.aegiscorp.local","User":"AEGISCORP\\jyamamoto","Image":"C:\\Windows\\System32\\conhost.exe","CommandLine":"C:\\Windows\\System32\\conhost.exe 0xffffffff -ForceV1","ParentImage":"C:\\Windows\\System32\\svchost.exe","ParentCommandLine":"C:\\Windows\\System32\\svchost.exe","ProcessId":47133,"ParentProcessId":776,"IntegrityLevel":"Medium","Hashes":"SHA256=1ffd7fc0cf0c15cd3a12da5c81aebd3c5abfaaf58a0de13ee98bc80e50abfddd","CurrentDirectory":"C:\\Users\\jyamamoto\\"}}
{"tenant_id":"default","source":"sysmon","timestamp":"2026-07-17T18:56:48.053Z","event":{"EventID":11,"Computer":"WKSTN-1135.aegiscorp.local","User":"AEGISCORP\\mhoffman","Image":"C:\\Windows\\explorer.exe","ProcessId":17981,"TargetFilename":"C:\\Users\\mhoffman\\Documents\\report.xlsx","CreationUtcTime":"2026-07-17T18:56:48.053Z"}}
{"tenant_id":"default","source":"sysmon","timestamp":"2026-07-17T19:11:31.192Z","event":{"EventID":11,"Computer":"WKSTN-1117.aegiscorp.local","User":"AEGISCORP\\ayamamoto","Image":"C:\\Windows\\System32\\svchost.exe","ProcessId":37572,"TargetFilename":"C:\\Users\\ayamamoto\\Documents\\budget.pptx","CreationUtcTime":"2026-07-17T19:11:31.192Z"}}
{"tenant_id":"default","source":"sysmon","timestamp":"2026-07-17T20:21:05.451Z","event":{"EventID":3,"Computer":"WKSTN-1143.aegiscorp.local","User":"AEGISCORP\\jzhang","Image":"chrome.exe","ProcessId":16383,"SourceIp":"10.20.10.53","SourcePort":53303,"DestinationIp":"151.101.1.140","DestinationPort":80,"DestinationHostname":"teams.microsoft.com","Protocol":"tcp"}}
{"tenant_id":"default","source":"sysmon","timestamp":"2026-07-17T20:23:11.203Z","event":{"EventID":13,"Computer":"WKSTN-1290.aegiscorp.local","User":"AEGISCORP\\syamamoto","Image":"C:\\Windows\\System32\\svchost.exe","ProcessId":20375,"TargetObject":"HKCU\\Software\\Microsoft\\Office\\16.0\\Common\\General","EventType":"SetValue","Details":"DWORD (0x00000001)"}}
{"tenant_id":"default","source":"sysmon","timestamp":"2026-07-18T02:12:37.812Z","event":{"EventID":3,"Computer":"WKSTN-1191.aegiscorp.local","User":"AEGISCORP\\kbaker","Image":"firefox.exe","ProcessId":28011,"SourceIp":"10.20.50.21","SourcePort":57789,"DestinationIp":"142.250.72.4","DestinationPort":443,"DestinationHostname":"cdn.jsdelivr.net","Protocol":"tcp"}}
{"tenant_id":"default","source":"sysmon","timestamp":"2026-07-18T03:04:57.484Z","event":{"EventID":1,"Computer":"WKSTN-1169.aegiscorp.local","User":"AEGISCORP\\jmendes","Image":"C:\\Windows\\System32\\dllhost.exe","CommandLine":"C:\\Windows\\System32\\dllhost.exe /Processid:{guid}","ParentImage":"C:\\Windows\\explorer.exe","ParentCommandLine":"C:\\Windows\\explorer.exe","ProcessId":23915,"ParentProcessId":679,"IntegrityLevel":"Medium","Hashes":"SHA256=9edbeca8bedeb0ac18bcadbd21016aeeaec8fec0c0857d6ec91fbff08d20bacb","CurrentDirectory":"C:\\Users\\jmendes\\"}}
{"tenant_id":"default","source":"sysmon","timestamp":"2026-07-18T04:26:58.564Z","event":{"EventID":1,"Computer":"WKSTN-1246.aegiscorp.local","User":"AEGISCORP\\jokafor2","Image":"C:\\Program","CommandLine":"C:\\Program Files\\Microsoft Office\\root\\Office16\\OUTLOOK.EXE /recycle","ParentImage":"C:\\Windows\\System32\\WindowsPowerShell\\v1.0\\powershell.exe","ParentCommandLine":"C:\\Windows\\System32\\WindowsPowerShell\\v1.0\\powershell.exe","ProcessId":4793,"ParentProcessId":784,"IntegrityLevel":"Medium","Hashes":"SHA256=1041edc9b04e4ef88d293c230ccfeec9db1ef023f275a0bbe1dab4ccbcb5bd54","CurrentDirectory":"C:\\Users\\jokafor2\\"}}
{"tenant_id":"default","source":"sysmon","timestamp":"2026-07-18T05:15:51.143Z","event":{"EventID":3,"Computer":"WKSTN-1269.aegiscorp.local","User":"AEGISCORP\\rokafor3","Image":"chrome.exe","ProcessId":7247,"SourceIp":"10.20.40.29","SourcePort":52476,"DestinationIp":"13.107.42.14","DestinationPort":80,"DestinationHostname":"docs.google.com","Protocol":"tcp"}}
{"tenant_id":"default","source":"sysmon","timestamp":"2026-07-18T06:39:48.949Z","event":{"EventID":11,"Computer":"WKSTN-1220.aegiscorp.local","User":"AEGISCORP\\zdubois","Image":"C:\\Program Files\\Microsoft Office\\root\\Office16\\EXCEL.EXE","ProcessId":36743,"TargetFilename":"C:\\Users\\zdubois\\Documents\\backup.zip","CreationUtcTime":"2026-07-18T06:39:48.949Z"}}
{"tenant_id":"default","source":"sysmon","timestamp":"2026-07-18T07:32:36.016Z","event":{"EventID":1,"Computer":"WKSTN-1205.aegiscorp.local","User":"AEGISCORP\\tsilva","Image":"C:\\Windows\\System32\\notepad.exe","CommandLine":"C:\\Windows\\System32\\notepad.exe C:\\Users\\tsilva\\Documents\\notes.txt","ParentImage":"C:\\Program Files\\Microsoft Office\\root\\Office16\\OUTLOOK.EXE","ParentCommandLine":"C:\\Program Files\\Microsoft Office\\root\\Office16\\OUTLOOK.EXE","ProcessId":35543,"ParentProcessId":835,"IntegrityLevel":"Medium","Hashes":"SHA256=3d6fcea7a9b2af7d0043b6ce8abe8acb4b5807db902fd7bbebda7ba6257ab3b3","CurrentDirectory":"C:\\Users\\tsilva\\"}}
{"tenant_id":"default","source":"sysmon","timestamp":"2026-07-18T08:14:33.403Z","event":{"EventID":11,"Computer":"WKSTN-1287.aegiscorp.local","User":"AEGISCORP\\aferreira2","Image":"C:\\Windows\\System32\\cmd.exe","ProcessId":64191,"TargetFilename":"C:\\Users\\aferreira2\\Documents\\budget.pptx","CreationUtcTime":"2026-07-18T08:14:33.403Z"}}
{"tenant_id":"default","source":"sysmon","timestamp":"2026-07-18T08:19:07.224Z","event":{"EventID":3,"Computer":"WKSTN-1188.aegiscorp.local","User":"AEGISCORP\\jchen","Image":"chrome.exe","ProcessId":21433,"SourceIp":"10.20.50.18","SourcePort":49171,"DestinationIp":"151.101.1.140","DestinationPort":443,"DestinationHostname":"slack.com","Protocol":"tcp"}}
{"tenant_id":"default","source":"sysmon","timestamp":"2026-07-18T10:14:50.258Z","event":{"EventID":1,"Computer":"WKSTN-1155.aegiscorp.local","User":"AEGISCORP\\jrossi","Image":"C:\\Windows\\System32\\notepad.exe","CommandLine":"C:\\Windows\\System32\\notepad.exe C:\\Users\\jrossi\\Documents\\notes.txt","ParentImage":"C:\\Windows\\System32\\svchost.exe","ParentCommandLine":"C:\\Windows\\System32\\svchost.exe","ProcessId":58486,"ParentProcessId":956,"IntegrityLevel":"Medium","Hashes":"SHA256=7bab9744eb828fcc2b2fa3b4315602f3c72cf7bad19dc713dabdb0c1f57c00c5","CurrentDirectory":"C:\\Users\\jrossi\\"}}
{"tenant_id":"default","source":"sysmon","timestamp":"2026-07-18T13:18:33.269Z","event":{"EventID":1,"Computer":"WKSTN-1284.aegiscorp.local","User":"AEGISCORP\\storres","Image":"C:\\Windows\\System32\\SearchProtocolHost.exe","CommandLine":"C:\\Windows\\System32\\SearchProtocolHost.exe Global\\UsGthrFltPipeMssGthrPipe1","ParentImage":"C:\\Program Files\\Google\\Chrome\\Application\\chrome.exe","ParentCommandLine":"C:\\Program Files\\Google\\Chrome\\Application\\chrome.exe","ProcessId":22218,"ParentProcessId":781,"IntegrityLevel":"Medium","Hashes":"SHA256=ea2b94abbf58089c7caf6dc2f1c05cdbf4ccbe0e24adad034aecc866c2bbfbaf","CurrentDirectory":"C:\\Users\\storres\\"}}
{"tenant_id":"default","source":"sysmon","timestamp":"2026-07-18T14:34:59.553Z","event":{"EventID":13,"Computer":"WKSTN-1264.aegiscorp.local","User":"AEGISCORP\\jchen2","Image":"C:\\Windows\\System32\\svchost.exe","ProcessId":57543,"TargetObject":"HKLM\\SYSTEM\\CurrentControlSet\\Services\\Tcpip\\Parameters","EventType":"SetValue","Details":"DWORD (0x00000001)"}}
{"tenant_id":"default","source":"sysmon","timestamp":"2026-07-18T15:28:16.477Z","event":{"EventID":3,"Computer":"WKSTN-1210.aegiscorp.local","User":"AEGISCORP\\jokafor","Image":"chrome.exe","ProcessId":53017,"SourceIp":"10.20.30.20","SourcePort":55073,"DestinationIp":"52.96.10.4","DestinationPort":80,"DestinationHostname":"zoom.us","Protocol":"tcp"}}
{"tenant_id":"default","source":"sysmon","timestamp":"2026-07-18T17:31:21.821Z","event":{"EventID":11,"Computer":"WKSTN-1255.aegiscorp.local","User":"AEGISCORP\\zhoffman","Image":"C:\\Windows\\System32\\WindowsPowerShell\\v1.0\\powershell.exe","ProcessId":33317,"TargetFilename":"C:\\Users\\zhoffman\\Documents\\meeting_minutes.pdf","CreationUtcTime":"2026-07-18T17:31:21.821Z"}}
{"tenant_id":"default","source":"sysmon","timestamp":"2026-07-18T17:42:21.489Z","event":{"EventID":3,"Computer":"WKSTN-1211.aegiscorp.local","User":"AEGISCORP\\bkim","Image":"outlook.exe","ProcessId":44389,"SourceIp":"10.20.30.21","SourcePort":64495,"DestinationIp":"8.8.8.8","DestinationPort":443,"DestinationHostname":"docs.google.com","Protocol":"tcp"}}
{"tenant_id":"default","source":"sysmon","timestamp":"2026-07-18T18:10:58.284Z","event":{"EventID":1,"Computer":"WKSTN-1119.aegiscorp.local","User":"AEGISCORP\\jhoffman","Image":"C:\\Windows\\System32\\dllhost.exe","CommandLine":"C:\\Windows\\System32\\dllhost.exe /Processid:{guid}","ParentImage":"C:\\Program Files\\Microsoft Office\\root\\Office16\\WINWORD.EXE","ParentCommandLine":"C:\\Program Files\\Microsoft Office\\root\\Office16\\WINWORD.EXE","ProcessId":46008,"ParentProcessId":775,"IntegrityLevel":"Medium","Hashes":"SHA256=8daba41d984ee6dd6f76faa525a07d7b2de27cdaad0d0bb0b70f92f53a76dc10","CurrentDirectory":"C:\\Users\\jhoffman\\"}}
{"tenant_id":"default","source":"sysmon","timestamp":"2026-07-18T18:40:29.933Z","event":{"EventID":13,"Computer":"WKSTN-1223.aegiscorp.local","User":"AEGISCORP\\snovak","Image":"C:\\Windows\\System32\\svchost.exe","ProcessId":20328,"TargetObject":"HKLM\\SYSTEM\\CurrentControlSet\\Services\\Tcpip\\Parameters","EventType":"SetValue","Details":"DWORD (0x00000001)"}}
{"tenant_id":"default","source":"sysmon","timestamp":"2026-07-18T20:35:04.168Z","event":{"EventID":1,"Computer":"WKSTN-1189.aegiscorp.local","User":"AEGISCORP\\djohnson","Image":"C:\\Windows\\System32\\notepad.exe","CommandLine":"C:\\Windows\\System32\\notepad.exe C:\\Users\\djohnson\\Documents\\notes.txt","ParentImage":"C:\\Program Files\\Microsoft Office\\root\\Office16\\EXCEL.EXE","ParentCommandLine":"C:\\Program Files\\Microsoft Office\\root\\Office16\\EXCEL.EXE","ProcessId":43434,"ParentProcessId":634,"IntegrityLevel":"Medium","Hashes":"SHA256=2cbf4701bcafdce9df6fdebfe645268acb4aa5486fd816de2defef9f6f57fbd5","CurrentDirectory":"C:\\Users\\djohnson\\"}}
{"tenant_id":"default","source":"sysmon","timestamp":"2026-07-18T21:29:53.010Z","event":{"EventID":1,"Computer":"WKSTN-1219.aegiscorp.local","User":"AEGISCORP\\gbrooks","Image":"C:\\Windows\\System32\\conhost.exe","CommandLine":"C:\\Windows\\System32\\conhost.exe 0xffffffff -ForceV1","ParentImage":"C:\\Program Files\\Microsoft Office\\root\\Office16\\OUTLOOK.EXE","ParentCommandLine":"C:\\Program Files\\Microsoft Office\\root\\Office16\\OUTLOOK.EXE","ProcessId":49587,"ParentProcessId":662,"IntegrityLevel":"Medium","Hashes":"SHA256=d6c8ea75dca031aa76d85eaeddde978619baf83c78b2a9be73dd737a745ed03c","CurrentDirectory":"C:\\Users\\gbrooks\\"}}
{"tenant_id":"default","source":"sysmon","timestamp":"2026-07-18T21:40:16.884Z","event":{"EventID":1,"Computer":"WKSTN-1126.aegiscorp.local","User":"AEGISCORP\\tlindqvist","Image":"C:\\Windows\\System32\\SearchProtocolHost.exe","CommandLine":"C:\\Windows\\System32\\SearchProtocolHost.exe Global\\UsGthrFltPipeMssGthrPipe1","ParentImage":"C:\\Program Files\\Microsoft Office\\root\\Office16\\OUTLOOK.EXE","ParentCommandLine":"C:\\Program Files\\Microsoft Office\\root\\Office16\\OUTLOOK.EXE","ProcessId":20901,"ParentProcessId":540,"IntegrityLevel":"Medium","Hashes":"SHA256=8429c6feaebd89f7630bd860ff93b8fd13eabf6c291aeb013b5a6f73b7c4c7e0","CurrentDirectory":"C:\\Users\\tlindqvist\\"}}
{"tenant_id":"default","source":"sysmon","timestamp":"2026-07-18T22:33:32.678Z","event":{"EventID":1,"Computer":"WKSTN-1278.aegiscorp.local","User":"AEGISCORP\\fkhan","Image":"C:\\Windows\\System32\\notepad.exe","CommandLine":"C:\\Windows\\System32\\notepad.exe C:\\Users\\fkhan\\Documents\\notes.txt","ParentImage":"C:\\Program Files\\Microsoft Office\\root\\Office16\\EXCEL.EXE","ParentCommandLine":"C:\\Program Files\\Microsoft Office\\root\\Office16\\EXCEL.EXE","ProcessId":49719,"ParentProcessId":958,"IntegrityLevel":"Medium","Hashes":"SHA256=df9ecfdae03d2ffd16ddc940a2bbb6c25893ee087f9c3cf330ee7686f9a3a4f2","CurrentDirectory":"C:\\Users\\fkhan\\"}}
{"tenant_id":"default","source":"sysmon","timestamp":"2026-07-18T22:44:03.950Z","event":{"EventID":3,"Computer":"WKSTN-1162.aegiscorp.local","User":"AEGISCORP\\cdubois","Image":"chrome.exe","ProcessId":54958,"SourceIp":"10.20.20.22","SourcePort":55126,"DestinationIp":"151.101.1.140","DestinationPort":443,"DestinationHostname":"slack.com","Protocol":"tcp"}}
{"tenant_id":"default","source":"sysmon","timestamp":"2026-07-18T23:45:15.460Z","event":{"EventID":13,"Computer":"WKSTN-1136.aegiscorp.local","User":"AEGISCORP\\abrooks","Image":"C:\\Windows\\System32\\svchost.exe","ProcessId":29776,"TargetObject":"HKCU\\Software\\Microsoft\\Windows\\CurrentVersion\\Run\\OneDriveSync","EventType":"SetValue","Details":"DWORD (0x00000001)"}}
{"tenant_id":"default","source":"sysmon","timestamp":"2026-07-19T03:23:57.198Z","event":{"EventID":3,"Computer":"WKSTN-1204.aegiscorp.local","User":"AEGISCORP\\jahmed","Image":"firefox.exe","ProcessId":20965,"SourceIp":"10.20.30.14","SourcePort":61923,"DestinationIp":"20.190.128.10","DestinationPort":80,"DestinationHostname":"s3.amazonaws.com","Protocol":"tcp"}}
{"tenant_id":"default","source":"sysmon","timestamp":"2026-07-19T04:06:21.561Z","event":{"EventID":3,"Computer":"WKSTN-1143.aegiscorp.local","User":"AEGISCORP\\jzhang","Image":"chrome.exe","ProcessId":30960,"SourceIp":"10.20.10.53","SourcePort":57841,"DestinationIp":"34.194.23.11","DestinationPort":443,"DestinationHostname":"www.salesforce.com","Protocol":"tcp"}}
{"tenant_id":"default","source":"sysmon","timestamp":"2026-07-19T04:53:53.934Z","event":{"EventID":11,"Computer":"WKSTN-1147.aegiscorp.local","User":"AEGISCORP\\emartinez","Image":"C:\\Program Files\\Microsoft Office\\root\\Office16\\OUTLOOK.EXE","ProcessId":56840,"TargetFilename":"C:\\Users\\emartinez\\Documents\\notes.docx","CreationUtcTime":"2026-07-19T04:53:53.934Z"}}
{"tenant_id":"default","source":"sysmon","timestamp":"2026-07-19T05:45:13.090Z","event":{"EventID":1,"Computer":"WKSTN-1239.aegiscorp.local","User":"AEGISCORP\\knguyen","Image":"C:\\Program","CommandLine":"C:\\Program Files\\Microsoft Office\\root\\Office16\\OUTLOOK.EXE /recycle","ParentImage":"C:\\Windows\\System32\\WindowsPowerShell\\v1.0\\powershell.exe","ParentCommandLine":"C:\\Windows\\System32\\WindowsPowerShell\\v1.0\\powershell.exe","ProcessId":46458,"ParentProcessId":792,"IntegrityLevel":"Medium","Hashes":"SHA256=aff7f7d9b2f9f9c1b841ebf3cfdf5e23df2fcfa7c2ebe7041c77dbef463c26ff","CurrentDirectory":"C:\\Users\\knguyen\\"}}
