{"tenant_id":"default","source":"sysmon","timestamp":"2026-07-19T06:43:07.121Z","event":{"EventID":13,"Computer":"WKSTN-1274.aegiscorp.local","User":"AEGISCORP\\vrossi","Image":"C:\\Windows\\System32\\svchost.exe","ProcessId":63264,"TargetObject":"HKCU\\Software\\Microsoft\\Office\\16.0\\Common\\General","EventType":"SetValue","Details":"DWORD (0x00000001)"}}
{"tenant_id":"default","source":"sysmon","timestamp":"2026-07-19T06:46:17.325Z","event":{"EventID":1,"Computer":"WKSTN-1217.aegiscorp.local","User":"AEGISCORP\\awallace","Image":"C:\\Windows\\System32\\SearchProtocolHost.exe","CommandLine":"C:\\Windows\\System32\\SearchProtocolHost.exe Global\\UsGthrFltPipeMssGthrPipe1","ParentImage":"C:\\Program Files\\Microsoft Office\\root\\Office16\\EXCEL.EXE","ParentCommandLine":"C:\\Program Files\\Microsoft Office\\root\\Office16\\EXCEL.EXE","ProcessId":6881,"ParentProcessId":996,"IntegrityLevel":"Medium","Hashes":"SHA256=ccd37fadb8f9cc0a3fe15a4479ea1a3463b54a3fa8bad2d74f9a5f0fd99a615e","CurrentDirectory":"C:\\Users\\awallace\\"}}
{"tenant_id":"default","source":"sysmon","timestamp":"2026-07-19T07:04:03.616Z","event":{"EventID":1,"Computer":"WKSTN-1138.aegiscorp.local","User":"AEGISCORP\\echen","Image":"C:\\Windows\\System32\\SearchProtocolHost.exe","CommandLine":"C:\\Windows\\System32\\SearchProtocolHost.exe Global\\UsGthrFltPipeMssGthrPipe1","ParentImage":"C:\\Windows\\System32\\cmd.exe","ParentCommandLine":"C:\\Windows\\System32\\cmd.exe","ProcessId":46392,"ParentProcessId":654,"IntegrityLevel":"Medium","Hashes":"SHA256=dccbeca52ee7e9799ee5f6a2c2a448e91b4bff86ed7bcdbcd17eedb8ab5c7482","CurrentDirectory":"C:\\Users\\echen\\"}}
{"tenant_id":"default","source":"sysmon","timestamp":"2026-07-19T07:08:51.213Z","event":{"EventID":3,"Computer":"WKSTN-1124.aegiscorp.local","User":"AEGISCORP\\tnovak","Image":"outlook.exe","ProcessId":11367,"SourceIp":"10.20.10.34","SourcePort":62904,"DestinationIp":"34.194.23.11","DestinationPort":80,"DestinationHostname":"github.com","Protocol":"tcp"}}
{"tenant_id":"default","source":"sysmon","timestamp":"2026-07-19T08:19:07.740Z","event":{"EventID":3,"Computer":"WKSTN-1194.aegiscorp.local","User":"AEGISCORP\\nlund","Image":"firefox.exe","ProcessId":10577,"SourceIp":"10.20.50.24","SourcePort":64986,"DestinationIp":"8.8.8.8","DestinationPort":80,"DestinationHostname":"cdn.jsdelivr.net","Protocol":"tcp"}}
{"tenant_id":"default","source":"sysmon","timestamp":"2026-07-19T09:19:47.615Z","event":{"EventID":3,"Computer":"WKSTN-1172.aegiscorp.local","User":"AEGISCORP\\iwallace","Image":"chrome.exe","ProcessId":54123,"SourceIp":"10.20.20.32","SourcePort":58688,"DestinationIp":"8.8.8.8","DestinationPort":443,"DestinationHostname":"www.google.com","Protocol":"tcp"}}
{"tenant_id":"default","source":"sysmon","timestamp":"2026-07-19T09:36:44.187Z","event":{"EventID":1,"Computer":"WKSTN-1192.aegiscorp.local","User":"AEGISCORP\\pmoreau","Image":"C:\\Windows\\System32\\notepad.exe","CommandLine":"C:\\Windows\\System32\\notepad.exe C:\\Users\\pmoreau\\Documents\\notes.txt","ParentImage":"C:\\Program Files\\Microsoft Office\\root\\Office16\\OUTLOOK.EXE","ParentCommandLine":"C:\\Program Files\\Microsoft Office\\root\\Office16\\OUTLOOK.EXE","ProcessId":40551,"ParentProcessId":761,"IntegrityLevel":"Medium","Hashes":"SHA256=cdef4dc0f34109d9dcccc816ba9c4eef9c1d3e3ff2b67f0f3d2bbdcbf2ecb8ec","CurrentDirectory":"C:\\Users\\pmoreau\\"}}
{"tenant_id":"default","source":"sysmon","timestamp":"2026-07-19T11:44:43.233Z","event":{"EventID":3,"Computer":"WKSTN-1141.aegiscorp.local","User":"AEGISCORP\\akowalski","Image":"firefox.exe","ProcessId":62975,"SourceIp":"10.20.10.51","SourcePort":55636,"DestinationIp":"142.250.72.4","DestinationPort":443,"DestinationHostname":"api.stripe.com","Protocol":"tcp"}}
{"tenant_id":"default","source":"sysmon","timestamp":"2026-07-19T15:06:41.991Z","event":{"EventID":3,"Computer":"WKSTN-1143.aegiscorp.local","User":"AEGISCORP\\jzhang","Image":"teams.exe","ProcessId":34756,"SourceIp":"10.20.10.53","SourcePort":62413,"DestinationIp":"34.194.23.11","DestinationPort":443,"DestinationHostname":"outlook.office365.com","Protocol":"tcp"}}
{"tenant_id":"default","source":"sysmon","timestamp":"2026-07-19T15:46:25.844Z","event":{"EventID":1,"Computer":"WKSTN-1228.aegiscorp.local","User":"AEGISCORP\\jmartinez","Image":"C:\\Windows\\System32\\SearchProtocolHost.exe","CommandLine":"C:\\Windows\\System32\\SearchProtocolHost.exe Global\\UsGthrFltPipeMssGthrPipe1","ParentImage":"C:\\Windows\\System32\\svchost.exe","ParentCommandLine":"C:\\Windows\\System32\\svchost.exe","ProcessId":43751,"ParentProcessId":892,"IntegrityLevel":"Medium","Hashes":"SHA256=849a62dbdf503dee3fc37becc7cf1ed9d7da693b28fbe4ddbfdccb26f05ed4a7","CurrentDirectory":"C:\\Users\\jmartinez\\"}}
{"tenant_id":"default","source":"sysmon","timestamp":"2026-07-19T15:52:13.399Z","event":{"EventID":1,"Computer":"WKSTN-1165.aegiscorp.local","User":"AEGISCORP\\rreyes","Image":"C:\\Windows\\System32\\conhost.exe","CommandLine":"C:\\Windows\\System32\\conhost.exe 0xffffffff -ForceV1","ParentImage":"C:\\Program Files\\Microsoft Office\\root\\Office16\\EXCEL.EXE","ParentCommandLine":"C:\\Program Files\\Microsoft Office\\root\\Office16\\EXCEL.EXE","ProcessId":2091,"ParentProcessId":822,"IntegrityLevel":"Medium","Hashes":"SHA256=fcd947dccbe41fc055bbbebaebd746d05fdffcaef304ec178a9fece492f4eec5","CurrentDirectory":"C:\\Users\\rreyes\\"}}
{"tenant_id":"default","source":"sysmon","timestamp":"2026-07-19T20:28:34.510Z","event":{"EventID":11,"Computer":"WKSTN-1189.aegiscorp.local","User":"AEGISCORP\\djohnson","Image":"C:\\Program Files\\Microsoft Office\\root\\Office16\\EXCEL.EXE","ProcessId":24214,"TargetFilename":"C:\\Users\\djohnson\\Documents\\backup.zip","CreationUtcTime":"2026-07-19T20:28:34.510Z"}}
{"tenant_id":"default","source":"sysmon","timestamp":"2026-07-19T21:22:16.112Z","event":{"EventID":3,"Computer":"WKSTN-1147.aegiscorp.local","User":"AEGISCORP\\jyamamoto","Image":"chrome.exe","ProcessId":42166,"SourceIp":"10.20.10.57","SourcePort":59451,"DestinationIp":"142.250.72.4","DestinationPort":443,"DestinationHostname":"s3.amazonaws.com","Protocol":"tcp"}}
{"tenant_id":"default","source":"sysmon","timestamp":"2026-07-19T21:22:36.642Z","event":{"EventID":1,"Computer":"WKSTN-1229.aegiscorp.local","User":"AEGISCORP\\gbrooks2","Image":"C:\\Windows\\System32\\notepad.exe","CommandLine":"C:\\Windows\\System32\\notepad.exe C:\\Users\\gbrooks2\\Documents\\notes.txt","ParentImage":"C:\\Windows\\System32\\svchost.exe","ParentCommandLine":"C:\\Windows\\System32\\svchost.exe","ProcessId":52494,"ParentProcessId":767,"IntegrityLevel":"Medium","Hashes":"SHA256=5f5292fee4e17fbe3dbca0bed6c4fb8ead528fca3f9ddc53fed37bc500dba480","CurrentDirectory":"C:\\Users\\gbrooks2\\"}}
{"tenant_id":"default","source":"sysmon","timestamp":"2026-07-19T21:36:50.002Z","event":{"EventID":3,"Computer":"WKSTN-1128.aegiscorp.local","User":"AEGISCORP\\enakamura","Image":"outlook.exe","ProcessId":35316,"SourceIp":"10.20.10.38","SourcePort":57896,"DestinationIp":"8.8.8.8","DestinationPort":443,"DestinationHostname":"outlook.office365.com","Protocol":"tcp"}}
{"tenant_id":"default","source":"sysmon","timestamp":"2026-07-19T21:56:58.483Z","event":{"EventID":11,"Computer":"WKSTN-1176.aegiscorp.local","User":"AEGISCORP\\akhan","Image":"C:\\Program Files\\Microsoft Office\\root\\Office16\\EXCEL.EXE","ProcessId":36092,"TargetFilename":"C:\\Users\\akhan\\Documents\\backup.zip","CreationUtcTime":"2026-07-19T21:56:58.483Z"}}
{"tenant_id":"default","source":"sysmon","timestamp":"2026-07-19T22:29:01.031Z","event":{"EventID":1,"Computer":"WKSTN-1236.aegiscorp.local","User":"AEGISCORP\\lhaddad","Image":"C:\\Program","CommandLine":"C:\\Program Files\\Google\\Chrome\\Application\\chrome.exe --type=renderer","ParentImage":"C:\\Program Files\\Microsoft Office\\root\\Office16\\OUTLOOK.EXE","ParentCommandLine":"C:\\Program Files\\Microsoft Office\\root\\Office16\\OUTLOOK.EXE","ProcessId":36475,"ParentProcessId":995,"IntegrityLevel":"Medium","Hashes":"SHA256=b3a6ffeca45a6aa16dfbfacacbc59bcdcbca90c56c04d3a0fbedbad8db24cbba","CurrentDirectory":"C:\\Users\\lhaddad\\"}}
{"tenant_id":"default","source":"sysmon","timestamp":"2026-07-19T22:41:56.644Z","event":{"EventID":11,"Computer":"WKSTN-1107.aegiscorp.local","User":"AEGISCORP\\ckim","Image":"C:\\Windows\\System32\\WindowsPowerShell\\v1.0\\powershell.exe","ProcessId":63300,"TargetFilename":"C:\\Users\\ckim\\Documents\\backup.zip","CreationUtcTime":"2026-07-19T22:41:56.644Z"}}
{"tenant_id":"default","source":"sysmon","timestamp":"2026-07-19T23:01:13.214Z","event":{"EventID":3,"Computer":"WKSTN-1271.aegiscorp.local","User":"AEGISCORP\\imendes","Image":"firefox.exe","ProcessId":29399,"SourceIp":"10.20.40.31","SourcePort":63274,"DestinationIp":"52.96.10.4","DestinationPort":443,"DestinationHostname":"s3.amazonaws.com","Protocol":"tcp"}}
{"tenant_id":"default","source":"sysmon","timestamp":"2026-07-19T23:03:20.419Z","event":{"EventID":1,"Computer":"WKSTN-1187.aegiscorp.local","User":"AEGISCORP\\vlund","Image":"C:\\Windows\\System32\\SearchProtocolHost.exe","CommandLine":"C:\\Windows\\System32\\SearchProtocolHost.exe Global\\UsGthrFltPipeMssGthrPipe1","ParentImage":"C:\\Windows\\System32\\WindowsPowerShell\\v1.0\\powershell.exe","ParentCommandLine":"C:\\Windows\\System32\\WindowsPowerShell\\v1.0\\powershell.exe","ProcessId":56997,"ParentProcessId":673,"IntegrityLevel":"Medium","Hashes":"SHA256=df14cfc2fbec9f0efdf92837c27d20619a1ea61e44de3b9a430febd3dec79def","CurrentDirectory":"C:\\Users\\vlund\\"}}
{"tenant_id":"default","source":"sysmon","timestamp":"2026-07-20T00:55:26.239Z","event":{"EventID":11,"Computer":"WKSTN-1125.aegiscorp.local","User":"AEGISCORP\\dpetrov","Image":"C:\\Windows\\System32\\taskeng.exe","ProcessId":9537,"TargetFilename":"C:\\Users\\dpetrov\\Documents\\report.xlsx","CreationUtcTime":"2026-07-20T00:55:26.239Z"}}
{"tenant_id":"default","source":"sysmon","timestamp":"2026-07-20T01:39:48.109Z","event":{"EventID":11,"Computer":"WKSTN-1160.aegiscorp.local","User":"AEGISCORP\\rokafor2","Image":"C:\\Program Files\\Microsoft Office\\root\\Office16\\OUTLOOK.EXE","ProcessId":54161,"TargetFilename":"C:\\Users\\rokafor2\\Documents\\report.xlsx","CreationUtcTime":"2026-07-20T01:39:48.109Z"}}
{"tenant_id":"default","source":"sysmon","timestamp":"2026-07-20T02:44:44.982Z","event":{"EventID":1,"Computer":"WKSTN-1155.aegiscorp.local","User":"AEGISCORP\\jrossi","Image":"C:\\Windows\\System32\\notepad.exe","CommandLine":"C:\\Windows\\System32\\notepad.exe C:\\Users\\jrossi\\Documents\\notes.txt","ParentImage":"C:\\Windows\\System32\\svchost.exe","ParentCommandLine":"C:\\Windows\\System32\\svchost.exe","ProcessId":55749,"ParentProcessId":781,"IntegrityLevel":"Medium","Hashes":"SHA256=bbe90bb121fca4bfbb92a040cbbab544d20e0f0cb85a5b5950b5bf6a6d3d20bb","CurrentDirectory":"C:\\Users\\jrossi\\"}}
{"tenant_id":"default","source":"sysmon","timestamp":"2026-07-20T03:51:31.124Z","event":{"EventID":13,"Computer":"WKSTN-1204.aegiscorp.local","User":"AEGISCORP\\jahmed","Image":"C:\\Windows\\System32\\svchost.exe","ProcessId":9544,"TargetObject":"HKCU\\Software\\Microsoft\\Windows\\CurrentVersion\\Run\\OneDriveSync","EventType":"SetValue","Details":"DWORD (0x00000001)"}}
{"tenant_id":"default","source":"sysmon","timestamp":"2026-07-20T04:02:06.835Z","event":{"EventID":11,"Computer":"WKSTN-1106.aegiscorp.local","User":"AEGISCORP\\yrossi","Image":"C:\\Windows\\System32\\taskeng.exe","ProcessId":33514,"TargetFilename":"C:\\Users\\yrossi\\Documents\\budget.pptx","CreationUtcTime":"2026-07-20T04:02:06.835Z"}}
{"tenant_id":"default","source":"sysmon","timestamp":"2026-07-20T04:25:00.128Z","event":{"EventID":1,"Computer":"WKSTN-1111.aegiscorp.local","User":"AEGISCORP\\yosei","Image":"C:\\Windows\\System32\\SearchProtocolHost.exe","CommandLine":"C:\\Windows\\System32\\SearchProtocolHost.exe Global\\UsGthrFltPipeMssGthrPipe1","ParentImage":"C:\\Windows\\System32\\taskeng.exe","ParentCommandLine":"C:\\Windows\\System32\\taskeng.exe","ProcessId":19491,"ParentProcessId":836,"IntegrityLevel":"Medium","Hashes":"SHA256=aa5e625977663b40bc85bab1c7f052feaf9cd2d85efb8d79f03b5bf6ceeedcaf","CurrentDirectory":"C:\\Users\\yosei\\"}}
{"tenant_id":"default","source":"sysmon","timestamp":"2026-07-20T06:58:14.212Z","event":{"EventID":11,"Computer":"WKSTN-1138.aegiscorp.local","User":"AEGISCORP\\echen","Image":"C:\\Windows\\explorer.exe","ProcessId":47551,"TargetFilename":"C:\\Users\\echen\\Documents\\report.xlsx","CreationUtcTime":"2026-07-20T06:58:14.212Z"}}
{"tenant_id":"default","source":"sysmon","timestamp":"2026-07-20T07:19:05.152Z","event":{"EventID":1,"Computer":"WKSTN-1274.aegiscorp.local","User":"AEGISCORP\\vrossi","Image":"C:\\Program","CommandLine":"C:\\Program Files\\Microsoft Office\\root\\Office16\\OUTLOOK.EXE /recycle","ParentImage":"C:\\Program Files\\Microsoft Office\\root\\Office16\\WINWORD.EXE","ParentCommandLine":"C:\\Program Files\\Microsoft Office\\root\\Office16\\WINWORD.EXE","ProcessId":24209,"ParentProcessId":517,"IntegrityLevel":"Medium","Hashes":"SHA256=a4ea030cdb0ffcc194cefc3cdde57cefdea68ffebfbed98c011e24cbdcc4de6d","CurrentDirectory":"C:\\Users\\vrossi\\"}}
{"tenant_id":"default","source":"sysmon","timestamp":"2026-07-20T09:43:03.103Z","event":{"EventID":3,"Computer":"WKSTN-1244.aegiscorp.local","User":"AEGISCORP\\ebaker","Image":"outlook.exe","ProcessId":8902,"SourceIp":"10.20.30.54","SourcePort":63322,"DestinationIp":"8.8.8.8","DestinationPort":443,"DestinationHostname":"s3.amazonaws.com","Protocol":"tcp"}}
{"tenant_id":"default","source":"sysmon","timestamp":"2026-07-20T10:27:30.375Z","event":{"EventID":1,"Computer":"WKSTN-1229.aegiscorp.local","User":"AEGISCORP\\gbrooks2","Image":"C:\\Windows\\System32\\svchost.exe","CommandLine":"C:\\Windows\\System32\\svchost.exe -k netsvcs -p","ParentImage":"C:\\Program Files\\Mozilla Firefox\\firefox.exe","ParentCommandLine":"C:\\Program Files\\Mozilla Firefox\\firefox.exe","ProcessId":63888,"ParentProcessId":641,"IntegrityLevel":"Medium","Hashes":"SHA256=e55ce02671556fbd0d2b56f1ea5e2bebcc91700f5cd9cd3dd01d59cf2fc8cfa3","CurrentDirectory":"C:\\Users\\gbrooks2\\"}}
{"tenant_id":"default","source":"sysmon","timestamp":"2026-07-20T11:01:12.816Z","event":{"EventID":11,"Computer":"WKSTN-1136.aegiscorp.local","User":"AEGISCORP\\abrooks","Image":"C:\\Windows\\explorer.exe","ProcessId":60905,"TargetFilename":"C:\\Users\\abrooks\\Documents\\meeting_minutes.pdf","CreationUtcTime":"2026-07-20T11:01:12.816Z"}}
{"tenant_id":"default","source":"sysmon","timestamp":"2026-07-20T11:45:29.173Z","event":{"EventID":3,"Computer":"WKSTN-1174.aegiscorp.local","User":"AEGISCORP\\hlindqvist","Image":"teams.exe","ProcessId":19581,"SourceIp":"10.20.20.34","SourcePort":62454,"DestinationIp":"52.96.10.4","DestinationPort":443,"DestinationHostname":"zoom.us","Protocol":"tcp"}}
{"tenant_id":"default","source":"sysmon","timestamp":"2026-07-20T14:23:10.768Z","event":{"EventID":3,"Computer":"WKSTN-1147.aegiscorp.local","User":"AEGISCORP\\jyamamoto","Image":"outlook.exe","ProcessId":1089,"SourceIp":"10.20.10.57","SourcePort":58633,"DestinationIp":"142.250.72.4","DestinationPort":443,"DestinationHostname":"github.com","Protocol":"tcp"}}
{"tenant_id":"default","source":"sysmon","timestamp":"2026-07-20T16:53:11.623Z","event":{"EventID":1,"Computer":"WKSTN-1134.aegiscorp.local","User":"AEGISCORP\\ahoffman","Image":"C:\\Windows\\System32\\conhost.exe","CommandLine":"C:\\Windows\\System32\\conhost.exe 0xffffffff -ForceV1","ParentImage":"C:\\Program Files\\Microsoft Office\\root\\Office16\\EXCEL.EXE","ParentCommandLine":"C:\\Program Files\\Microsoft Office\\root\\Office16\\EXCEL.EXE","ProcessId":1932,"ParentProcessId":811,"IntegrityLevel":"Medium","Hashes":"SHA256=35c08c85015dfcf1b887543cb7199bd7166adff9ce058da7ccb5561fdabdbb7d","CurrentDirectory":"C:\\Users\\ahoffman\\"}}
{"tenant_id":"default","source":"sysmon","timestamp":"2026-07-20T18:01:14.955Z","event":{"EventID":1,"Computer":"WKSTN-1227.aegiscorp.local","User":"AEGISCORP\\isuzuki2","Image":"C:\\Program","CommandLine":"C:\\Program Files\\Google\\Chrome\\Application\\chrome.exe --type=renderer","ParentImage":"C:\\Program Files\\Microsoft Office\\root\\Office16\\EXCEL.EXE","ParentCommandLine":"C:\\Program Files\\Microsoft Office\\root\\Office16\\EXCEL.EXE","ProcessId":12473,"ParentProcessId":520,"IntegrityLevel":"Medium","Hashes":"SHA256=d5a3fbadaf7d37e94a1d5b4c4c3405e0bd4d6cbf99e82ffcf0ebcaf4170ac6ba","CurrentDirectory":"C:\\Users\\isuzuki2\\"}}
{"tenant_id":"default","source":"sysmon","timestamp":"2026-07-20T18:13:21.736Z","event":{"EventID":1,"Computer":"WKSTN-1261.aegiscorp.local","User":"AEGISCORP\\clund","Image":"C:\\Windows\\System32\\dllhost.exe","CommandLine":"C:\\Windows\\System32\\dllhost.exe /Processid:{guid}","ParentImage":"C:\\Windows\\explorer.exe","ParentCommandLine":"C:\\Windows\\explorer.exe","ProcessId":47468,"ParentProcessId":552,"IntegrityLevel":"Medium","Hashes":"SHA256=fdf3783a13b71bd4de2ac214035cadeb3cafeff8ae7c4fbd436ffca48e7736fd","CurrentDirectory":"C:\\Users\\clund\\"}}
