{"tenant_id":"default","source":"sysmon","timestamp":"2026-07-09T17:19:23.653Z","event":{"EventID":1,"Computer":"WKSTN-1248.aegiscorp.local","User":"AEGISCORP\\ahoffman2","Image":"C:\\Windows\\System32\\conhost.exe","CommandLine":"C:\\Windows\\System32\\conhost.exe 0xffffffff -ForceV1","ParentImage":"C:\\Program Files\\Mozilla Firefox\\firefox.exe","ParentCommandLine":"C:\\Program Files\\Mozilla Firefox\\firefox.exe","ProcessId":39315,"ParentProcessId":588,"IntegrityLevel":"Medium","Hashes":"SHA256=c33cf5edd6e8f5a2e44495bd02e3e6e8ef1bb6aebdfbc40acfdf1a2b9da17eed","CurrentDirectory":"C:\\Users\\ahoffman2\\"}}
{"tenant_id":"default","source":"sysmon","timestamp":"2026-07-09T18:12:29.441Z","event":{"EventID":1,"Computer":"WKSTN-1225.aegiscorp.local","User":"AEGISCORP\\jzhang2","Image":"C:\\Program","CommandLine":"C:\\Program Files\\Google\\Chrome\\Application\\chrome.exe --type=renderer","ParentImage":"C:\\Program Files\\Microsoft Office\\root\\Office16\\OUTLOOK.EXE","ParentCommandLine":"C:\\Program Files\\Microsoft Office\\root\\Office16\\OUTLOOK.EXE","ProcessId":25972,"ParentProcessId":925,"IntegrityLevel":"Medium","Hashes":"SHA256=c22af9387541bebe6eca0230e014ca57c81df5133a84a2cabbb9cae7affc4b42","CurrentDirectory":"C:\\Users\\jzhang2\\"}}
{"tenant_id":"default","source":"sysmon","timestamp":"2026-07-09T18:48:21.767Z","event":{"EventID":3,"Computer":"WKSTN-1105.aegiscorp.local","User":"AEGISCORP\\cosei","Image":"firefox.exe","ProcessId":42771,"SourceIp":"10.20.10.15","SourcePort":53509,"DestinationIp":"20.190.128.10","DestinationPort":443,"DestinationHostname":"s3.amazonaws.com","Protocol":"tcp"}}
{"tenant_id":"default","source":"sysmon","timestamp":"2026-07-09T19:21:28.851Z","event":{"EventID":11,"Computer":"WKSTN-1264.aegiscorp.local","User":"AEGISCORP\\jchen2","Image":"C:\\Windows\\System32\\WindowsPowerShell\\v1.0\\powershell.exe","ProcessId":21083,"TargetFilename":"C:\\Users\\jchen2\\Documents\\meeting_minutes.pdf","CreationUtcTime":"2026-07-09T19:21:28.851Z"}}
{"tenant_id":"default","source":"sysmon","timestamp":"2026-07-10T04:52:53.867Z","event":{"EventID":3,"Computer":"WKSTN-1223.aegiscorp.local","User":"AEGISCORP\\snovak","Image":"outlook.exe","ProcessId":57547,"SourceIp":"10.20.30.33","SourcePort":64339,"DestinationIp":"13.107.42.14","DestinationPort":80,"DestinationHostname":"update.microsoft.com","Protocol":"tcp"}}
{"tenant_id":"default","source":"sysmon","timestamp":"2026-07-10T05:31:15.761Z","event":{"EventID":3,"Computer":"WKSTN-1188.aegiscorp.local","User":"AEGISCORP\\anovak","Image":"firefox.exe","ProcessId":58188,"SourceIp":"10.20.50.18","SourcePort":50717,"DestinationIp":"20.190.128.10","DestinationPort":80,"DestinationHostname":"update.microsoft.com","Protocol":"tcp"}}
{"tenant_id":"default","source":"sysmon","timestamp":"2026-07-10T09:09:08.172Z","event":{"EventID":1,"Computer":"WKSTN-1168.aegiscorp.local","User":"AEGISCORP\\rchen","Image":"C:\\Windows\\System32\\dllhost.exe","CommandLine":"C:\\Windows\\System32\\dllhost.exe /Processid:{guid}","ParentImage":"C:\\Program Files\\Microsoft Office\\root\\Office16\\OUTLOOK.EXE","ParentCommandLine":"C:\\Program Files\\Microsoft Office\\root\\Office16\\OUTLOOK.EXE","ProcessId":10907,"ParentProcessId":772,"IntegrityLevel":"Medium","Hashes":"SHA256=d6ee94b569d7f7fce1acfa0cbfe2caf6bcff3bcfa80c9a9eaaf0acbdfb230efd","CurrentDirectory":"C:\\Users\\rchen\\"}}
{"tenant_id":"default","source":"sysmon","timestamp":"2026-07-10T10:39:20.380Z","event":{"EventID":1,"Computer":"WKSTN-1276.aegiscorp.local","User":"AEGISCORP\\ihaddad","Image":"C:\\Program","CommandLine":"C:\\Program Files\\Microsoft Office\\root\\Office16\\OUTLOOK.EXE /recycle","ParentImage":"C:\\Windows\\explorer.exe","ParentCommandLine":"C:\\Windows\\explorer.exe","ProcessId":7404,"ParentProcessId":814,"IntegrityLevel":"Medium","Hashes":"SHA256=d0bfde7767b32dd3a4e56fbe1dcc8a81faeffeda0cf51febe1de9c40147ef04f","CurrentDirectory":"C:\\Users\\ihaddad\\"}}
{"tenant_id":"default","source":"sysmon","timestamp":"2026-07-10T10:51:00.405Z","event":{"EventID":1,"Computer":"WKSTN-1158.aegiscorp.local","User":"AEGISCORP\\tzhang","Image":"C:\\Windows\\System32\\svchost.exe","CommandLine":"C:\\Windows\\System32\\svchost.exe -k netsvcs -p","ParentImage":"C:\\Windows\\System32\\taskeng.exe","ParentCommandLine":"C:\\Windows\\System32\\taskeng.exe","ProcessId":17907,"ParentProcessId":771,"IntegrityLevel":"Medium","Hashes":"SHA256=8bd5cd0beac901be77fbe9125bfd3753fe0c47be5aa123f275704677143b3f12","CurrentDirectory":"C:\\Users\\tzhang\\"}}
{"tenant_id":"default","source":"sysmon","timestamp":"2026-07-10T12:58:26.034Z","event":{"EventID":13,"Computer":"WKSTN-1270.aegiscorp.local","User":"AEGISCORP\\enguyen","Image":"C:\\Windows\\System32\\svchost.exe","ProcessId":10061,"TargetObject":"HKCU\\Software\\Microsoft\\Windows\\CurrentVersion\\Run\\OneDriveSync","EventType":"SetValue","Details":"DWORD (0x00000001)"}}
{"tenant_id":"default","source":"sysmon","timestamp":"2026-07-10T14:08:28.110Z","event":{"EventID":3,"Computer":"WKSTN-1156.aegiscorp.local","User":"AEGISCORP\\bmendes2","Image":"teams.exe","ProcessId":51363,"SourceIp":"10.20.20.16","SourcePort":51667,"DestinationIp":"52.96.10.4","DestinationPort":443,"DestinationHostname":"teams.microsoft.com","Protocol":"tcp"}}
{"tenant_id":"default","source":"sysmon","timestamp":"2026-07-10T14:10:56.988Z","event":{"EventID":1,"Computer":"WKSTN-1144.aegiscorp.local","User":"AEGISCORP\\ksilva","Image":"C:\\Windows\\System32\\svchost.exe","CommandLine":"C:\\Windows\\System32\\svchost.exe -k netsvcs -p","ParentImage":"C:\\Program Files\\Microsoft Office\\root\\Office16\\EXCEL.EXE","ParentCommandLine":"C:\\Program Files\\Microsoft Office\\root\\Office16\\EXCEL.EXE","ProcessId":34486,"ParentProcessId":571,"IntegrityLevel":"Medium","Hashes":"SHA256=7bd4a404d1167580dda8cebc28defddbeedb2c24ffdc04cbd8bbede38cfe774f","CurrentDirectory":"C:\\Users\\ksilva\\"}}
{"tenant_id":"default","source":"sysmon","timestamp":"2026-07-10T16:15:07.568Z","event":{"EventID":11,"Computer":"WKSTN-1231.aegiscorp.local","User":"AEGISCORP\\swallace3","Image":"C:\\Windows\\System32\\WindowsPowerShell\\v1.0\\powershell.exe","ProcessId":32664,"TargetFilename":"C:\\Users\\swallace3\\Documents\\notes.docx","CreationUtcTime":"2026-07-10T16:15:07.568Z"}}
{"tenant_id":"default","source":"sysmon","timestamp":"2026-07-10T17:35:17.628Z","event":{"EventID":3,"Computer":"WKSTN-1141.aegiscorp.local","User":"AEGISCORP\\akowalski","Image":"outlook.exe","ProcessId":38048,"SourceIp":"10.20.10.51","SourcePort":63735,"DestinationIp":"151.101.1.140","DestinationPort":443,"DestinationHostname":"s3.amazonaws.com","Protocol":"tcp"}}
{"tenant_id":"default","source":"sysmon","timestamp":"2026-07-10T20:49:28.792Z","event":{"EventID":3,"Computer":"WKSTN-1208.aegiscorp.local","User":"AEGISCORP\\ewallace","Image":"teams.exe","ProcessId":27412,"SourceIp":"10.20.30.18","SourcePort":63779,"DestinationIp":"8.8.8.8","DestinationPort":443,"DestinationHostname":"cdn.jsdelivr.net","Protocol":"tcp"}}
{"tenant_id":"default","source":"sysmon","timestamp":"2026-07-10T20:59:48.820Z","event":{"EventID":11,"Computer":"WKSTN-1153.aegiscorp.local","User":"AEGISCORP\\kalvarez","Image":"C:\\Windows\\System32\\taskeng.exe","ProcessId":41730,"TargetFilename":"C:\\Users\\kalvarez\\Documents\\budget.pptx","CreationUtcTime":"2026-07-10T20:59:48.820Z"}}
{"tenant_id":"default","source":"sysmon","timestamp":"2026-07-10T22:40:19.214Z","event":{"EventID":1,"Computer":"WKSTN-1232.aegiscorp.local","User":"AEGISCORP\\nhoffman","Image":"C:\\Program","CommandLine":"C:\\Program Files\\Google\\Chrome\\Application\\chrome.exe --type=renderer","ParentImage":"C:\\Program Files\\Mozilla Firefox\\firefox.exe","ParentCommandLine":"C:\\Program Files\\Mozilla Firefox\\firefox.exe","ProcessId":36473,"ParentProcessId":707,"IntegrityLevel":"Medium","Hashes":"SHA256=8ccb8dbabf08cdcebcce2c930d7cad9f1eff06d1be2f2049fbda1ab256bd31fb","CurrentDirectory":"C:\\Users\\nhoffman\\"}}
{"tenant_id":"default","source":"sysmon","timestamp":"2026-07-11T00:59:52.156Z","event":{"EventID":3,"Computer":"WKSTN-1280.aegiscorp.local","User":"AEGISCORP\\rreyes2","Image":"chrome.exe","ProcessId":4787,"SourceIp":"10.20.40.40","SourcePort":56725,"DestinationIp":"13.107.42.14","DestinationPort":443,"DestinationHostname":"cdn.jsdelivr.net","Protocol":"tcp"}}
{"tenant_id":"default","source":"sysmon","timestamp":"2026-07-11T01:05:55.443Z","event":{"EventID":11,"Computer":"WKSTN-1175.aegiscorp.local","User":"AEGISCORP\\isuzuki","Image":"C:\\Windows\\System32\\cmd.exe","ProcessId":35578,"TargetFilename":"C:\\Users\\isuzuki\\Documents\\notes.docx","CreationUtcTime":"2026-07-11T01:05:55.443Z"}}
{"tenant_id":"default","source":"sysmon","timestamp":"2026-07-11T03:17:13.957Z","event":{"EventID":1,"Computer":"WKSTN-1201.aegiscorp.local","User":"AEGISCORP\\falvarez","Image":"C:\\Windows\\System32\\conhost.exe","CommandLine":"C:\\Windows\\System32\\conhost.exe 0xffffffff -ForceV1","ParentImage":"C:\\Program Files\\Microsoft Office\\root\\Office16\\EXCEL.EXE","ParentCommandLine":"C:\\Program Files\\Microsoft Office\\root\\Office16\\EXCEL.EXE","ProcessId":60332,"ParentProcessId":593,"IntegrityLevel":"Medium","Hashes":"SHA256=9faf2e12d455eea8a68b0d5e4a22d5b3ce578db4cd675fbef8bfddcad22cd0c4","CurrentDirectory":"C:\\Users\\falvarez\\"}}
{"tenant_id":"default","source":"sysmon","timestamp":"2026-07-11T04:58:44.273Z","event":{"EventID":1,"Computer":"WKSTN-1224.aegiscorp.local","User":"AEGISCORP\\jtorres2","Image":"C:\\Windows\\System32\\notepad.exe","CommandLine":"C:\\Windows\\System32\\notepad.exe C:\\Users\\jtorres2\\Documents\\notes.txt","ParentImage":"C:\\Windows\\System32\\cmd.exe","ParentCommandLine":"C:\\Windows\\System32\\cmd.exe","ProcessId":15783,"ParentProcessId":691,"IntegrityLevel":"Medium","Hashes":"SHA256=db6dd0cde11d1aed57b7b522ee3abbe5f697effeebe95b57cdaaba22d3c64d0d","CurrentDirectory":"C:\\Users\\jtorres2\\"}}
{"tenant_id":"default","source":"sysmon","timestamp":"2026-07-11T05:25:16.962Z","event":{"EventID":1,"Computer":"WKSTN-1162.aegiscorp.local","User":"AEGISCORP\\cdubois","Image":"C:\\Program","CommandLine":"C:\\Program Files\\Google\\Chrome\\Application\\chrome.exe --type=renderer","ParentImage":"C:\\Program Files\\Microsoft Office\\root\\Office16\\OUTLOOK.EXE","ParentCommandLine":"C:\\Program Files\\Microsoft Office\\root\\Office16\\OUTLOOK.EXE","ProcessId":32989,"ParentProcessId":678,"IntegrityLevel":"Medium","Hashes":"SHA256=c9c11ef0aa2c3d1a69aff05b34af8fa24950f8c2c546e2efecbc5f0f6493b816","CurrentDirectory":"C:\\Users\\cdubois\\"}}
{"tenant_id":"default","source":"sysmon","timestamp":"2026-07-11T06:17:20.293Z","event":{"EventID":1,"Computer":"WKSTN-1141.aegiscorp.local","User":"AEGISCORP\\akowalski","Image":"C:\\Windows\\System32\\dllhost.exe","CommandLine":"C:\\Windows\\System32\\dllhost.exe /Processid:{guid}","ParentImage":"C:\\Windows\\System32\\cmd.exe","ParentCommandLine":"C:\\Windows\\System32\\cmd.exe","ProcessId":29996,"ParentProcessId":853,"IntegrityLevel":"Medium","Hashes":"SHA256=d211f1ecbdc0e4c9d3ee31ee85a44361d6a6a2298efaa3c5a28b5626ddc2edfa","CurrentDirectory":"C:\\Users\\akowalski\\"}}
{"tenant_id":"default","source":"sysmon","timestamp":"2026-07-11T06:32:17.088Z","event":{"EventID":11,"Computer":"WKSTN-1257.aegiscorp.local","User":"AEGISCORP\\dfischer","Image":"C:\\Windows\\System32\\svchost.exe","ProcessId":25444,"TargetFilename":"C:\\Users\\dfischer\\Documents\\budget.pptx","CreationUtcTime":"2026-07-11T06:32:17.088Z"}}
{"tenant_id":"default","source":"sysmon","timestamp":"2026-07-11T07:18:33.108Z","event":{"EventID":13,"Computer":"WKSTN-1198.aegiscorp.local","User":"AEGISCORP\\lpetrov","Image":"C:\\Windows\\System32\\svchost.exe","ProcessId":63552,"TargetObject":"HKCU\\Software\\Microsoft\\Office\\16.0\\Common\\General","EventType":"SetValue","Details":"DWORD (0x00000001)"}}
{"tenant_id":"default","source":"sysmon","timestamp":"2026-07-11T08:19:13.882Z","event":{"EventID":1,"Computer":"WKSTN-1224.aegiscorp.local","User":"AEGISCORP\\jtorres2","Image":"C:\\Windows\\System32\\conhost.exe","CommandLine":"C:\\Windows\\System32\\conhost.exe 0xffffffff -ForceV1","ParentImage":"C:\\Program Files\\Microsoft Office\\root\\Office16\\OUTLOOK.EXE","ParentCommandLine":"C:\\Program Files\\Microsoft Office\\root\\Office16\\OUTLOOK.EXE","ProcessId":14084,"ParentProcessId":728,"IntegrityLevel":"Medium","Hashes":"SHA256=aceff508e12cf4db2d24ad9b3cfeaa3870fff5c9e7e74a83aad7d2f2acc143f4","CurrentDirectory":"C:\\Users\\jtorres2\\"}}
{"tenant_id":"default","source":"sysmon","timestamp":"2026-07-11T11:05:04.414Z","event":{"EventID":1,"Computer":"WKSTN-1254.aegiscorp.local","User":"AEGISCORP\\zchen","Image":"C:\\Windows\\System32\\conhost.exe","CommandLine":"C:\\Windows\\System32\\conhost.exe 0xffffffff -ForceV1","ParentImage":"C:\\Windows\\System32\\svchost.exe","ParentCommandLine":"C:\\Windows\\System32\\svchost.exe","ProcessId":3733,"ParentProcessId":698,"IntegrityLevel":"Medium","Hashes":"SHA256=2b6d6ec04e4cddbcf464bf9b1f0e2a92031ce8c845aa6213b5ac4cace5ab82b6","CurrentDirectory":"C:\\Users\\zchen\\"}}
{"tenant_id":"default","source":"sysmon","timestamp":"2026-07-11T11:08:38.857Z","event":{"EventID":1,"Computer":"WKSTN-1225.aegiscorp.local","User":"AEGISCORP\\jzhang2","Image":"C:\\Windows\\System32\\svchost.exe","CommandLine":"C:\\Windows\\System32\\svchost.exe -k netsvcs -p","ParentImage":"C:\\Windows\\System32\\taskeng.exe","ParentCommandLine":"C:\\Windows\\System32\\taskeng.exe","ProcessId":42664,"ParentProcessId":541,"IntegrityLevel":"Medium","Hashes":"SHA256=d5b3f115eb86b8c6d7b67806b33d4cc193f370c5276ff0122f044e3889aa8f28","CurrentDirectory":"C:\\Users\\jzhang2\\"}}
{"tenant_id":"default","source":"sysmon","timestamp":"2026-07-11T13:06:18.953Z","event":{"EventID":3,"Computer":"WKSTN-1148.aegiscorp.local","User":"AEGISCORP\\kjansen","Image":"outlook.exe","ProcessId":17781,"SourceIp":"10.20.10.58","SourcePort":64140,"DestinationIp":"151.101.1.140","DestinationPort":443,"DestinationHostname":"api.stripe.com","Protocol":"tcp"}}
{"tenant_id":"default","source":"sysmon","timestamp":"2026-07-11T13:48:29.926Z","event":{"EventID":1,"Computer":"WKSTN-1170.aegiscorp.local","User":"AEGISCORP\\tokafor","Image":"C:\\Windows\\System32\\dllhost.exe","CommandLine":"C:\\Windows\\System32\\dllhost.exe /Processid:{guid}","ParentImage":"C:\\Windows\\System32\\WindowsPowerShell\\v1.0\\powershell.exe","ParentCommandLine":"C:\\Windows\\System32\\WindowsPowerShell\\v1.0\\powershell.exe","ProcessId":47098,"ParentProcessId":709,"IntegrityLevel":"Medium","Hashes":"SHA256=1bf8a7e6d496c34a94dec59aac62aabd58eff51cde49ab16cb4cfcb4f9f8a169","CurrentDirectory":"C:\\Users\\tokafor\\"}}
{"tenant_id":"default","source":"sysmon","timestamp":"2026-07-11T14:01:39.903Z","event":{"EventID":11,"Computer":"WKSTN-1158.aegiscorp.local","User":"AEGISCORP\\tzhang","Image":"C:\\Windows\\explorer.exe","ProcessId":31937,"TargetFilename":"C:\\Users\\tzhang\\Documents\\backup.zip","CreationUtcTime":"2026-07-11T14:01:39.903Z"}}
{"tenant_id":"default","source":"sysmon","timestamp":"2026-07-11T14:53:37.248Z","event":{"EventID":1,"Computer":"WKSTN-1105.aegiscorp.local","User":"AEGISCORP\\cosei","Image":"C:\\Windows\\System32\\SearchProtocolHost.exe","CommandLine":"C:\\Windows\\System32\\SearchProtocolHost.exe Global\\UsGthrFltPipeMssGthrPipe1","ParentImage":"C:\\Program Files\\Microsoft Office\\root\\Office16\\WINWORD.EXE","ParentCommandLine":"C:\\Program Files\\Microsoft Office\\root\\Office16\\WINWORD.EXE","ProcessId":57279,"ParentProcessId":918,"IntegrityLevel":"Medium","Hashes":"SHA256=28ecda2a1f15bc5fdba9a1d91520afecbfb8a3270bcc2ffcec088992d036ec3f","CurrentDirectory":"C:\\Users\\cosei\\"}}
{"tenant_id":"default","source":"sysmon","timestamp":"2026-07-11T16:05:30.181Z","event":{"EventID":13,"Computer":"WKSTN-1255.aegiscorp.local","User":"AEGISCORP\\zhoffman","Image":"C:\\Windows\\System32\\svchost.exe","ProcessId":6841,"TargetObject":"HKCU\\Software\\Microsoft\\Office\\16.0\\Common\\General","EventType":"SetValue","Details":"DWORD (0x00000001)"}}
{"tenant_id":"default","source":"sysmon","timestamp":"2026-07-11T17:34:06.637Z","event":{"EventID":1,"Computer":"WKSTN-1110.aegiscorp.local","User":"AEGISCORP\\bwallace","Image":"C:\\Windows\\System32\\svchost.exe","CommandLine":"C:\\Windows\\System32\\svchost.exe -k netsvcs -p","ParentImage":"C:\\Windows\\System32\\cmd.exe","ParentCommandLine":"C:\\Windows\\System32\\cmd.exe","ProcessId":33808,"ParentProcessId":689,"IntegrityLevel":"Medium","Hashes":"SHA256=1fb34f20b292ff7a28e2895ccbaaabd03baffaeffbf5ff3ce4f2bc7b3e9f3cc9","CurrentDirectory":"C:\\Users\\bwallace\\"}}
{"tenant_id":"default","source":"sysmon","timestamp":"2026-07-11T18:48:45.693Z","event":{"EventID":1,"Computer":"WKSTN-1233.aegiscorp.local","User":"AEGISCORP\\apetrov","Image":"C:\\Program","CommandLine":"C:\\Program Files\\Microsoft Office\\root\\Office16\\OUTLOOK.EXE /recycle","ParentImage":"C:\\Program Files\\Microsoft Office\\root\\Office16\\OUTLOOK.EXE","ParentCommandLine":"C:\\Program Files\\Microsoft Office\\root\\Office16\\OUTLOOK.EXE","ProcessId":63462,"ParentProcessId":706,"IntegrityLevel":"Medium","Hashes":"SHA256=5b6af1739ba9a918daa2ebc8b81a14dffeca5dcaf0e2c6bc96affdddcec4ccc5","CurrentDirectory":"C:\\Users\\apetrov\\"}}
{"tenant_id":"default","source":"sysmon","timestamp":"2026-07-11T19:44:57.353Z","event":{"EventID":3,"Computer":"WKSTN-1247.aegiscorp.local","User":"AEGISCORP\\tnguyen","Image":"teams.exe","ProcessId":43114,"SourceIp":"10.20.30.57","SourcePort":61053,"DestinationIp":"13.107.42.14","DestinationPort":80,"DestinationHostname":"outlook.office365.com","Protocol":"tcp"}}
{"tenant_id":"default","source":"sysmon","timestamp":"2026-07-11T22:03:07.221Z","event":{"EventID":11,"Computer":"WKSTN-1285.aegiscorp.local","User":"AEGISCORP\\cnakamura","Image":"C:\\Windows\\System32\\WindowsPowerShell\\v1.0\\powershell.exe","ProcessId":44346,"TargetFilename":"C:\\Users\\cnakamura\\Documents\\backup.zip","CreationUtcTime":"2026-07-11T22:03:07.221Z"}}
{"tenant_id":"default","source":"sysmon","timestamp":"2026-07-12T00:44:56.449Z","event":{"EventID":3,"Computer":"WKSTN-1230.aegiscorp.local","User":"AEGISCORP\\jjansen","Image":"firefox.exe","ProcessId":55507,"SourceIp":"10.20.30.40","SourcePort":62176,"DestinationIp":"104.16.85.20","DestinationPort":80,"DestinationHostname":"www.google.com","Protocol":"tcp"}}
{"tenant_id":"default","source":"sysmon","timestamp":"2026-07-12T01:51:18.519Z","event":{"EventID":13,"Computer":"WKSTN-1280.aegiscorp.local","User":"AEGISCORP\\rreyes2","Image":"C:\\Windows\\System32\\svchost.exe","ProcessId":37996,"TargetObject":"HKCU\\Software\\Microsoft\\Office\\16.0\\Common\\General","EventType":"SetValue","Details":"DWORD (0x00000001)"}}
{"tenant_id":"default","source":"sysmon","timestamp":"2026-07-12T03:06:48.943Z","event":{"EventID":3,"Computer":"WKSTN-1252.aegiscorp.local","User":"AEGISCORP\\mdubois","Image":"firefox.exe","ProcessId":50455,"SourceIp":"10.20.40.12","SourcePort":50136,"DestinationIp":"20.190.128.10","DestinationPort":80,"DestinationHostname":"cdn.jsdelivr.net","Protocol":"tcp"}}
{"tenant_id":"default","source":"sysmon","timestamp":"2026-07-12T03:44:12.013Z","event":{"EventID":1,"Computer":"WKSTN-1111.aegiscorp.local","User":"AEGISCORP\\yosei","Image":"C:\\Program","CommandLine":"C:\\Program Files\\Microsoft Office\\root\\Office16\\OUTLOOK.EXE /recycle","ParentImage":"C:\\Program Files\\Microsoft Office\\root\\Office16\\WINWORD.EXE","ParentCommandLine":"C:\\Program Files\\Microsoft Office\\root\\Office16\\WINWORD.EXE","ProcessId":50404,"ParentProcessId":879,"IntegrityLevel":"Medium","Hashes":"SHA256=bcebdc4c87d943aa7e56d0df8b51dcf38ceb80e17de01f7db214b1f5f89fde7f","CurrentDirectory":"C:\\Users\\yosei\\"}}
{"tenant_id":"default","source":"sysmon","timestamp":"2026-07-12T04:25:04.033Z","event":{"EventID":11,"Computer":"WKSTN-1230.aegiscorp.local","User":"AEGISCORP\\jjansen","Image":"C:\\Windows\\System32\\WindowsPowerShell\\v1.0\\powershell.exe","ProcessId":16117,"TargetFilename":"C:\\Users\\jjansen\\Documents\\meeting_minutes.pdf","CreationUtcTime":"2026-07-12T04:25:04.033Z"}}
{"tenant_id":"default","source":"sysmon","timestamp":"2026-07-12T05:16:55.205Z","event":{"EventID":1,"Computer":"WKSTN-1158.aegiscorp.local","User":"AEGISCORP\\tzhang","Image":"C:\\Windows\\System32\\conhost.exe","CommandLine":"C:\\Windows\\System32\\conhost.exe 0xffffffff -ForceV1","ParentImage":"C:\\Windows\\System32\\cmd.exe","ParentCommandLine":"C:\\Windows\\System32\\cmd.exe","ProcessId":35295,"ParentProcessId":534,"IntegrityLevel":"Medium","Hashes":"SHA256=2487f6bb6f31dc4db8c2feb71edbed2ecea76abade9ac3b81d6ab2a9f5a4cfbf","CurrentDirectory":"C:\\Users\\tzhang\\"}}
{"tenant_id":"default","source":"sysmon","timestamp":"2026-07-12T07:20:11.607Z","event":{"EventID":1,"Computer":"WKSTN-1193.aegiscorp.local","User":"AEGISCORP\\jlarsen","Image":"C:\\Program","CommandLine":"C:\\Program Files\\Google\\Chrome\\Application\\chrome.exe --type=renderer","ParentImage":"C:\\Windows\\System32\\WindowsPowerShell\\v1.0\\powershell.exe","ParentCommandLine":"C:\\Windows\\System32\\WindowsPowerShell\\v1.0\\powershell.exe","ProcessId":34389,"ParentProcessId":981,"IntegrityLevel":"Medium","Hashes":"SHA256=0eaa5aba3f97b333ec4c1ed03ad7acc4e26a2e0b58276e7ecf9cfbeb66d2ff44","CurrentDirectory":"C:\\Users\\jlarsen\\"}}
{"tenant_id":"default","source":"sysmon","timestamp":"2026-07-12T10:16:20.063Z","event":{"EventID":3,"Computer":"WKSTN-1227.aegiscorp.local","User":"AEGISCORP\\isuzuki2","Image":"chrome.exe","ProcessId":52334,"SourceIp":"10.20.30.37","SourcePort":50019,"DestinationIp":"142.250.72.4","DestinationPort":443,"DestinationHostname":"api.stripe.com","Protocol":"tcp"}}
{"tenant_id":"default","source":"sysmon","timestamp":"2026-07-12T12:58:05.725Z","event":{"EventID":11,"Computer":"WKSTN-1147.aegiscorp.local","User":"AEGISCORP\\emartinez","Image":"C:\\Program Files\\Google\\Chrome\\Application\\chrome.exe","ProcessId":5068,"TargetFilename":"C:\\Users\\emartinez\\Documents\\meeting_minutes.pdf","CreationUtcTime":"2026-07-12T12:58:05.725Z"}}
{"tenant_id":"default","source":"sysmon","timestamp":"2026-07-12T13:17:34.234Z","event":{"EventID":11,"Computer":"WKSTN-1118.aegiscorp.local","User":"AEGISCORP\\tjansen","Image":"C:\\Program Files\\Microsoft Office\\root\\Office16\\WINWORD.EXE","ProcessId":32480,"TargetFilename":"C:\\Users\\tjansen\\Documents\\notes.docx","CreationUtcTime":"2026-07-12T13:17:34.234Z"}}
{"tenant_id":"default","source":"sysmon","timestamp":"2026-07-12T13:39:28.446Z","event":{"EventID":11,"Computer":"WKSTN-1119.aegiscorp.local","User":"AEGISCORP\\jhoffman","Image":"C:\\Windows\\System32\\cmd.exe","ProcessId":54592,"TargetFilename":"C:\\Users\\jhoffman\\Documents\\notes.docx","CreationUtcTime":"2026-07-12T13:39:28.446Z"}}
{"tenant_id":"default","source":"sysmon","timestamp":"2026-07-12T14:46:49.015Z","event":{"EventID":1,"Computer":"WKSTN-1201.aegiscorp.local","User":"AEGISCORP\\falvarez","Image":"C:\\Windows\\System32\\svchost.exe","CommandLine":"C:\\Windows\\System32\\svchost.exe -k netsvcs -p","ParentImage":"C:\\Program Files\\Microsoft Office\\root\\Office16\\WINWORD.EXE","ParentCommandLine":"C:\\Program Files\\Microsoft Office\\root\\Office16\\WINWORD.EXE","ProcessId":32140,"ParentProcessId":853,"IntegrityLevel":"Medium","Hashes":"SHA256=af41aeff7bfb818fefc0abf3a8a19a680dacbd6fcdd477eca53bd56ba6f6dd4b","CurrentDirectory":"C:\\Users\\falvarez\\"}}
{"tenant_id":"default","source":"sysmon","timestamp":"2026-07-12T16:56:17.412Z","event":{"EventID":11,"Computer":"WKSTN-1138.aegiscorp.local","User":"AEGISCORP\\echen","Image":"C:\\Windows\\System32\\cmd.exe","ProcessId":32739,"TargetFilename":"C:\\Users\\echen\\Documents\\budget.pptx","CreationUtcTime":"2026-07-12T16:56:17.412Z"}}
{"tenant_id":"default","source":"sysmon","timestamp":"2026-07-12T18:39:29.019Z","event":{"EventID":3,"Computer":"WKSTN-1140.aegiscorp.local","User":"AEGISCORP\\jmoreau2","Image":"chrome.exe","ProcessId":8300,"SourceIp":"10.20.10.50","SourcePort":51554,"DestinationIp":"104.16.85.20","DestinationPort":443,"DestinationHostname":"www.google.com","Protocol":"tcp"}}
{"tenant_id":"default","source":"sysmon","timestamp":"2026-07-12T18:40:34.415Z","event":{"EventID":1,"Computer":"WKSTN-1185.aegiscorp.local","User":"AEGISCORP\\asuzuki","Image":"C:\\Program","CommandLine":"C:\\Program Files\\Google\\Chrome\\Application\\chrome.exe --type=renderer","ParentImage":"C:\\Program Files\\Microsoft Office\\root\\Office16\\OUTLOOK.EXE","ParentCommandLine":"C:\\Program Files\\Microsoft Office\\root\\Office16\\OUTLOOK.EXE","ProcessId":43910,"ParentProcessId":686,"IntegrityLevel":"Medium","Hashes":"SHA256=f2f13bb8cbb18a542d383f8e3ebb1de1471eea1c3c4fe6700aa1fdae0d62ae13","CurrentDirectory":"C:\\Users\\asuzuki\\"}}
{"tenant_id":"default","source":"sysmon","timestamp":"2026-07-12T19:23:55.006Z","event":{"EventID":1,"Computer":"WKSTN-1295.aegiscorp.local","User":"AEGISCORP\\kschmidt","Image":"C:\\Program","CommandLine":"C:\\Program Files\\Google\\Chrome\\Application\\chrome.exe --type=renderer","ParentImage":"C:\\Windows\\explorer.exe","ParentCommandLine":"C:\\Windows\\explorer.exe","ProcessId":44498,"ParentProcessId":500,"IntegrityLevel":"Medium","Hashes":"SHA256=a26dffffd49fc885c4ae32d43a0735d77239b4f9e94bd4ccba27b3daf1bffef6","CurrentDirectory":"C:\\Users\\kschmidt\\"}}
{"tenant_id":"default","source":"sysmon","timestamp":"2026-07-12T19:25:56.306Z","event":{"EventID":3,"Computer":"WKSTN-1183.aegiscorp.local","User":"AEGISCORP\\mcosta","Image":"firefox.exe","ProcessId":32733,"SourceIp":"10.20.50.13","SourcePort":54922,"DestinationIp":"20.190.128.10","DestinationPort":443,"DestinationHostname":"login.microsoftonline.com","Protocol":"tcp"}}
{"tenant_id":"default","source":"sysmon","timestamp":"2026-07-12T20:14:41.447Z","event":{"EventID":1,"Computer":"WKSTN-1198.aegiscorp.local","User":"AEGISCORP\\lpetrov","Image":"C:\\Windows\\System32\\SearchProtocolHost.exe","CommandLine":"C:\\Windows\\System32\\SearchProtocolHost.exe Global\\UsGthrFltPipeMssGthrPipe1","ParentImage":"C:\\Program Files\\Microsoft Office\\root\\Office16\\OUTLOOK.EXE","ParentCommandLine":"C:\\Program Files\\Microsoft Office\\root\\Office16\\OUTLOOK.EXE","ProcessId":34356,"ParentProcessId":622,"IntegrityLevel":"Medium","Hashes":"SHA256=eccfd564271ddc27ebf59820a22494d9512d013e1baabdf6a72fe3a5d6da39a7","CurrentDirectory":"C:\\Users\\lpetrov\\"}}
{"tenant_id":"default","source":"sysmon","timestamp":"2026-07-12T20:15:31.711Z","event":{"EventID":13,"Computer":"WKSTN-1237.aegiscorp.local","User":"AEGISCORP\\rfischer2","Image":"C:\\Windows\\System32\\svchost.exe","ProcessId":3927,"TargetObject":"HKCU\\Software\\Microsoft\\Windows\\CurrentVersion\\Run\\OneDriveSync","EventType":"SetValue","Details":"DWORD (0x00000001)"}}
{"tenant_id":"default","source":"sysmon","timestamp":"2026-07-12T21:17:27.336Z","event":{"EventID":1,"Computer":"WKSTN-1166.aegiscorp.local","User":"AEGISCORP\\cferreira","Image":"C:\\Windows\\System32\\SearchProtocolHost.exe","CommandLine":"C:\\Windows\\System32\\SearchProtocolHost.exe Global\\UsGthrFltPipeMssGthrPipe1","ParentImage":"C:\\Windows\\System32\\svchost.exe","ParentCommandLine":"C:\\Windows\\System32\\svchost.exe","ProcessId":51986,"ParentProcessId":669,"IntegrityLevel":"Medium","Hashes":"SHA256=bfdcdfadc4a91eade33d4aefa851adcedbf86e2b9acbcf41d4d9230fcac4b8b3","CurrentDirectory":"C:\\Users\\cferreira\\"}}
{"tenant_id":"default","source":"sysmon","timestamp":"2026-07-12T21:21:02.806Z","event":{"EventID":11,"Computer":"WKSTN-1104.aegiscorp.local","User":"AEGISCORP\\ssuzuki","Image":"C:\\Windows\\System32\\svchost.exe","ProcessId":34392,"TargetFilename":"C:\\Users\\ssuzuki\\Documents\\budget.pptx","CreationUtcTime":"2026-07-12T21:21:02.806Z"}}
{"tenant_id":"default","source":"sysmon","timestamp":"2026-07-12T21:50:11.706Z","event":{"EventID":3,"Computer":"WKSTN-1128.aegiscorp.local","User":"AEGISCORP\\enakamura","Image":"chrome.exe","ProcessId":25600,"SourceIp":"10.20.10.38","SourcePort":63046,"DestinationIp":"20.190.128.10","DestinationPort":80,"DestinationHostname":"s3.amazonaws.com","Protocol":"tcp"}}
{"tenant_id":"default","source":"sysmon","timestamp":"2026-07-12T22:14:50.572Z","event":{"EventID":11,"Computer":"WKSTN-1239.aegiscorp.local","User":"AEGISCORP\\knguyen","Image":"C:\\Program Files\\Microsoft Office\\root\\Office16\\WINWORD.EXE","ProcessId":21177,"TargetFilename":"C:\\Users\\knguyen\\Documents\\notes.docx","CreationUtcTime":"2026-07-12T22:14:50.572Z"}}
{"tenant_id":"default","source":"sysmon","timestamp":"2026-07-12T22:24:37.419Z","event":{"EventID":1,"Computer":"WKSTN-1264.aegiscorp.local","User":"AEGISCORP\\jchen2","Image":"C:\\Windows\\System32\\SearchProtocolHost.exe","CommandLine":"C:\\Windows\\System32\\SearchProtocolHost.exe Global\\UsGthrFltPipeMssGthrPipe1","ParentImage":"C:\\Windows\\System32\\WindowsPowerShell\\v1.0\\powershell.exe","ParentCommandLine":"C:\\Windows\\System32\\WindowsPowerShell\\v1.0\\powershell.exe","ProcessId":47756,"ParentProcessId":796,"IntegrityLevel":"Medium","Hashes":"SHA256=5b6eb2d71c348ca4d7a4aa4fe7afdc5a0fbc3ad21dc159ef4feb0254f9ee7fc5","CurrentDirectory":"C:\\Users\\jchen2\\"}}
{"tenant_id":"default","source":"sysmon","timestamp":"2026-07-12T23:05:53.612Z","event":{"EventID":11,"Computer":"WKSTN-1108.aegiscorp.local","User":"AEGISCORP\\zwallace","Image":"C:\\Windows\\System32\\svchost.exe","ProcessId":62776,"TargetFilename":"C:\\Users\\zwallace\\Documents\\backup.zip","CreationUtcTime":"2026-07-12T23:05:53.612Z"}}
{"tenant_id":"default","source":"sysmon","timestamp":"2026-07-12T23:24:33.396Z","event":{"EventID":1,"Computer":"WKSTN-1295.aegiscorp.local","User":"AEGISCORP\\kschmidt","Image":"C:\\Windows\\System32\\conhost.exe","CommandLine":"C:\\Windows\\System32\\conhost.exe 0xffffffff -ForceV1","ParentImage":"C:\\Windows\\System32\\taskeng.exe","ParentCommandLine":"C:\\Windows\\System32\\taskeng.exe","ProcessId":21123,"ParentProcessId":924,"IntegrityLevel":"Medium","Hashes":"SHA256=085e7b17d0ecc32489fdbbf7a454b398749b1ee44aa4d8b3d1b5cf35c8f8286c","CurrentDirectory":"C:\\Users\\kschmidt\\"}}
{"tenant_id":"default","source":"sysmon","timestamp":"2026-07-12T23:53:37.110Z","event":{"EventID":13,"Computer":"WKSTN-1246.aegiscorp.local","User":"AEGISCORP\\jokafor2","Image":"C:\\Windows\\System32\\svchost.exe","ProcessId":19064,"TargetObject":"HKLM\\SYSTEM\\CurrentControlSet\\Services\\Tcpip\\Parameters","EventType":"SetValue","Details":"DWORD (0x00000001)"}}
{"tenant_id":"default","source":"sysmon","timestamp":"2026-07-13T00:41:15.139Z","event":{"EventID":1,"Computer":"WKSTN-1192.aegiscorp.local","User":"AEGISCORP\\pmoreau","Image":"C:\\Windows\\System32\\conhost.exe","CommandLine":"C:\\Windows\\System32\\conhost.exe 0xffffffff -ForceV1","ParentImage":"C:\\Program Files\\Microsoft Office\\root\\Office16\\WINWORD.EXE","ParentCommandLine":"C:\\Program Files\\Microsoft Office\\root\\Office16\\WINWORD.EXE","ProcessId":3717,"ParentProcessId":760,"IntegrityLevel":"Medium","Hashes":"SHA256=d87eec51ba95d1d9b6cc1dbae4b1514439eaad92fb17ffb950cceb1da2697527","CurrentDirectory":"C:\\Users\\pmoreau\\"}}
{"tenant_id":"default","source":"sysmon","timestamp":"2026-07-13T00:44:11.610Z","event":{"EventID":11,"Computer":"WKSTN-1113.aegiscorp.local","User":"AEGISCORP\\ajohnson","Image":"C:\\Program Files\\Google\\Chrome\\Application\\chrome.exe","ProcessId":55830,"TargetFilename":"C:\\Users\\ajohnson\\Documents\\notes.docx","CreationUtcTime":"2026-07-13T00:44:11.610Z"}}
{"tenant_id":"default","source":"sysmon","timestamp":"2026-07-13T02:09:42.937Z","event":{"EventID":13,"Computer":"WKSTN-1190.aegiscorp.local","User":"AEGISCORP\\gosei","Image":"C:\\Windows\\System32\\svchost.exe","ProcessId":36355,"TargetObject":"HKCU\\Software\\Microsoft\\Windows\\CurrentVersion\\Run\\OneDriveSync","EventType":"SetValue","Details":"DWORD (0x00000001)"}}
{"tenant_id":"default","source":"sysmon","timestamp":"2026-07-13T02:10:24.188Z","event":{"EventID":1,"Computer":"WKSTN-1298.aegiscorp.local","User":"AEGISCORP\\jgrant2","Image":"C:\\Program","CommandLine":"C:\\Program Files\\Microsoft Office\\root\\Office16\\OUTLOOK.EXE /recycle","ParentImage":"C:\\Windows\\System32\\WindowsPowerShell\\v1.0\\powershell.exe","ParentCommandLine":"C:\\Windows\\System32\\WindowsPowerShell\\v1.0\\powershell.exe","ProcessId":33891,"ParentProcessId":593,"IntegrityLevel":"Medium","Hashes":"SHA256=aaab9980b9cc7cef3fefc90ff90b5bcbde0ecf98928ad9993ecba04c14dc80bd","CurrentDirectory":"C:\\Users\\jgrant2\\"}}
{"tenant_id":"default","source":"sysmon","timestamp":"2026-07-13T03:11:09.131Z","event":{"EventID":1,"Computer":"WKSTN-1145.aegiscorp.local","User":"AEGISCORP\\inguyen","Image":"C:\\Windows\\System32\\SearchProtocolHost.exe","CommandLine":"C:\\Windows\\System32\\SearchProtocolHost.exe Global\\UsGthrFltPipeMssGthrPipe1","ParentImage":"C:\\Windows\\System32\\svchost.exe","ParentCommandLine":"C:\\Windows\\System32\\svchost.exe","ProcessId":6143,"ParentProcessId":565,"IntegrityLevel":"Medium","Hashes":"SHA256=fe12faa665a34e09e41004dd743cbb0d455dcd94c1f91199a15eddd15120f3b9","CurrentDirectory":"C:\\Users\\inguyen\\"}}
{"tenant_id":"default","source":"sysmon","timestamp":"2026-07-13T03:45:30.821Z","event":{"EventID":3,"Computer":"WKSTN-1103.aegiscorp.local","User":"AEGISCORP\\isilva","Image":"firefox.exe","ProcessId":38965,"SourceIp":"10.20.10.13","SourcePort":54007,"DestinationIp":"142.250.72.4","DestinationPort":443,"DestinationHostname":"cdn.jsdelivr.net","Protocol":"tcp"}}
{"tenant_id":"default","source":"sysmon","timestamp":"2026-07-13T04:16:17.464Z","event":{"EventID":13,"Computer":"WKSTN-1204.aegiscorp.local","User":"AEGISCORP\\jahmed","Image":"C:\\Windows\\System32\\svchost.exe","ProcessId":63275,"TargetObject":"HKLM\\SYSTEM\\CurrentControlSet\\Services\\Tcpip\\Parameters","EventType":"SetValue","Details":"DWORD (0x00000001)"}}
{"tenant_id":"default","source":"sysmon","timestamp":"2026-07-13T05:50:58.866Z","event":{"EventID":11,"Computer":"WKSTN-1266.aegiscorp.local","User":"AEGISCORP\\mwallace","Image":"C:\\Windows\\System32\\taskeng.exe","ProcessId":62490,"TargetFilename":"C:\\Users\\mwallace\\Documents\\budget.pptx","CreationUtcTime":"2026-07-13T05:50:58.866Z"}}
{"tenant_id":"default","source":"sysmon","timestamp":"2026-07-13T06:14:13.814Z","event":{"EventID":1,"Computer":"WKSTN-1147.aegiscorp.local","User":"AEGISCORP\\jyamamoto","Image":"C:\\Windows\\System32\\conhost.exe","CommandLine":"C:\\Windows\\System32\\conhost.exe 0xffffffff -ForceV1","ParentImage":"C:\\Program Files\\Mozilla Firefox\\firefox.exe","ParentCommandLine":"C:\\Program Files\\Mozilla Firefox\\firefox.exe","ProcessId":45551,"ParentProcessId":547,"IntegrityLevel":"Medium","Hashes":"SHA256=9ed1cabfd1b962d02cec9fbfbbafe9d07aca0fd4c6edb6f7b71df7ff381b88e5","CurrentDirectory":"C:\\Users\\jyamamoto\\"}}
{"tenant_id":"default","source":"sysmon","timestamp":"2026-07-13T07:40:31.632Z","event":{"EventID":3,"Computer":"WKSTN-1268.aegiscorp.local","User":"AEGISCORP\\epatel","Image":"teams.exe","ProcessId":7123,"SourceIp":"10.20.40.28","SourcePort":63145,"DestinationIp":"13.107.42.14","DestinationPort":443,"DestinationHostname":"www.salesforce.com","Protocol":"tcp"}}
{"tenant_id":"default","source":"sysmon","timestamp":"2026-07-13T07:48:23.837Z","event":{"EventID":1,"Computer":"WKSTN-1296.aegiscorp.local","User":"AEGISCORP\\bjohnson","Image":"C:\\Windows\\System32\\notepad.exe","CommandLine":"C:\\Windows\\System32\\notepad.exe C:\\Users\\bjohnson\\Documents\\notes.txt","ParentImage":"C:\\Program Files\\Microsoft Office\\root\\Office16\\WINWORD.EXE","ParentCommandLine":"C:\\Program Files\\Microsoft Office\\root\\Office16\\WINWORD.EXE","ProcessId":52637,"ParentProcessId":787,"IntegrityLevel":"Medium","Hashes":"SHA256=68d3e68e5c5d6ca878c327ad162d6beffc10efac3139f692bdaedaecbdad19ef","CurrentDirectory":"C:\\Users\\bjohnson\\"}}
{"tenant_id":"default","source":"sysmon","timestamp":"2026-07-13T07:56:32.357Z","event":{"EventID":3,"Computer":"WKSTN-1220.aegiscorp.local","User":"AEGISCORP\\zdubois","Image":"chrome.exe","ProcessId":33160,"SourceIp":"10.20.30.30","SourcePort":59381,"DestinationIp":"142.250.72.4","DestinationPort":80,"DestinationHostname":"www.google.com","Protocol":"tcp"}}
{"tenant_id":"default","source":"sysmon","timestamp":"2026-07-13T09:04:04.567Z","event":{"EventID":1,"Computer":"WKSTN-1131.aegiscorp.local","User":"AEGISCORP\\apatel","Image":"C:\\Windows\\System32\\dllhost.exe","CommandLine":"C:\\Windows\\System32\\dllhost.exe /Processid:{guid}","ParentImage":"C:\\Program Files\\Mozilla Firefox\\firefox.exe","ParentCommandLine":"C:\\Program Files\\Mozilla Firefox\\firefox.exe","ProcessId":37294,"ParentProcessId":764,"IntegrityLevel":"Medium","Hashes":"SHA256=e084930f01e2fefdbce2f3bdcecaeaf47fe5cc013dcffced4fa43caab8e4df03","CurrentDirectory":"C:\\Users\\apatel\\"}}
{"tenant_id":"default","source":"sysmon","timestamp":"2026-07-13T09:39:30.516Z","event":{"EventID":3,"Computer":"WKSTN-1164.aegiscorp.local","User":"AEGISCORP\\rnovak","Image":"teams.exe","ProcessId":64491,"SourceIp":"10.20.20.24","SourcePort":60374,"DestinationIp":"8.8.8.8","DestinationPort":443,"DestinationHostname":"teams.microsoft.com","Protocol":"tcp"}}
{"tenant_id":"default","source":"sysmon","timestamp":"2026-07-13T11:20:16.828Z","event":{"EventID":11,"Computer":"WKSTN-1186.aegiscorp.local","User":"AEGISCORP\\wpatel","Image":"C:\\Program Files\\Microsoft Office\\root\\Office16\\EXCEL.EXE","ProcessId":7213,"TargetFilename":"C:\\Users\\wpatel\\Documents\\report.xlsx","CreationUtcTime":"2026-07-13T11:20:16.828Z"}}
{"tenant_id":"default","source":"sysmon","timestamp":"2026-07-13T12:25:23.683Z","event":{"EventID":13,"Computer":"WKSTN-1141.aegiscorp.local","User":"AEGISCORP\\akowalski","Image":"C:\\Windows\\System32\\svchost.exe","ProcessId":56041,"TargetObject":"HKCU\\Software\\Microsoft\\Windows\\CurrentVersion\\Run\\OneDriveSync","EventType":"SetValue","Details":"DWORD (0x00000001)"}}
{"tenant_id":"default","source":"sysmon","timestamp":"2026-07-13T12:32:22.994Z","event":{"EventID":11,"Computer":"WKSTN-1229.aegiscorp.local","User":"AEGISCORP\\gbrooks2","Image":"C:\\Windows\\System32\\taskeng.exe","ProcessId":64517,"TargetFilename":"C:\\Users\\gbrooks2\\Documents\\report.xlsx","CreationUtcTime":"2026-07-13T12:32:22.994Z"}}
{"tenant_id":"default","source":"sysmon","timestamp":"2026-07-13T13:35:47.785Z","event":{"EventID":11,"Computer":"WKSTN-1118.aegiscorp.local","User":"AEGISCORP\\tjansen","Image":"C:\\Windows\\System32\\cmd.exe","ProcessId":25003,"TargetFilename":"C:\\Users\\tjansen\\Documents\\backup.zip","CreationUtcTime":"2026-07-13T13:35:47.785Z"}}
{"tenant_id":"default","source":"sysmon","timestamp":"2026-07-13T13:50:06.344Z","event":{"EventID":3,"Computer":"WKSTN-1151.aegiscorp.local","User":"AEGISCORP\\rokafor","Image":"teams.exe","ProcessId":10441,"SourceIp":"10.20.20.11","SourcePort":60399,"DestinationIp":"104.16.85.20","DestinationPort":443,"DestinationHostname":"www.salesforce.com","Protocol":"tcp"}}
{"tenant_id":"default","source":"sysmon","timestamp":"2026-07-13T14:54:24.017Z","event":{"EventID":1,"Computer":"WKSTN-1264.aegiscorp.local","User":"AEGISCORP\\jchen2","Image":"C:\\Program","CommandLine":"C:\\Program Files\\Google\\Chrome\\Application\\chrome.exe --type=renderer","ParentImage":"C:\\Program Files\\Google\\Chrome\\Application\\chrome.exe","ParentCommandLine":"C:\\Program Files\\Google\\Chrome\\Application\\chrome.exe","ProcessId":63226,"ParentProcessId":946,"IntegrityLevel":"Medium","Hashes":"SHA256=eb45d700c0500781a273ccc26fd9efd756bdba7dc8e0fbda9e7358cfbe62afa8","CurrentDirectory":"C:\\Users\\jchen2\\"}}
{"tenant_id":"default","source":"sysmon","timestamp":"2026-07-13T15:30:25.220Z","event":{"EventID":1,"Computer":"WKSTN-1249.aegiscorp.local","User":"AEGISCORP\\creyes","Image":"C:\\Windows\\System32\\dllhost.exe","CommandLine":"C:\\Windows\\System32\\dllhost.exe /Processid:{guid}","ParentImage":"C:\\Program Files\\Google\\Chrome\\Application\\chrome.exe","ParentCommandLine":"C:\\Program Files\\Google\\Chrome\\Application\\chrome.exe","ProcessId":34776,"ParentProcessId":504,"IntegrityLevel":"Medium","Hashes":"SHA256=d472d86da68b2cc03bc9d0620cbf8275db0e6ceebdf3fb6bfecbd7bae7e21fe9","CurrentDirectory":"C:\\Users\\creyes\\"}}
{"tenant_id":"default","source":"sysmon","timestamp":"2026-07-13T15:45:47.523Z","event":{"EventID":1,"Computer":"WKSTN-1238.aegiscorp.local","User":"AEGISCORP\\emendes","Image":"C:\\Windows\\System32\\notepad.exe","CommandLine":"C:\\Windows\\System32\\notepad.exe C:\\Users\\emendes\\Documents\\notes.txt","ParentImage":"C:\\Windows\\System32\\taskeng.exe","ParentCommandLine":"C:\\Windows\\System32\\taskeng.exe","ProcessId":6461,"ParentProcessId":702,"IntegrityLevel":"Medium","Hashes":"SHA256=21856a305a4ed7189b7244baa00e37e04a0c73b60bbdf8625720fdf9759a9a4e","CurrentDirectory":"C:\\Users\\emendes\\"}}
{"tenant_id":"default","source":"sysmon","timestamp":"2026-07-13T16:31:04.865Z","event":{"EventID":11,"Computer":"WKSTN-1188.aegiscorp.local","User":"AEGISCORP\\anovak","Image":"C:\\Windows\\explorer.exe","ProcessId":9135,"TargetFilename":"C:\\Users\\anovak\\Documents\\notes.docx","CreationUtcTime":"2026-07-13T16:31:04.865Z"}}
{"tenant_id":"default","source":"sysmon","timestamp":"2026-07-13T18:46:43.465Z","event":{"EventID":3,"Computer":"WKSTN-1299.aegiscorp.local","User":"AEGISCORP\\znakamura2","Image":"outlook.exe","ProcessId":60793,"SourceIp":"10.20.40.59","SourcePort":53173,"DestinationIp":"13.107.42.14","DestinationPort":80,"DestinationHostname":"www.google.com","Protocol":"tcp"}}
{"tenant_id":"default","source":"sysmon","timestamp":"2026-07-13T21:20:26.214Z","event":{"EventID":3,"Computer":"WKSTN-1291.aegiscorp.local","User":"AEGISCORP\\fkim","Image":"outlook.exe","ProcessId":38358,"SourceIp":"10.20.40.51","SourcePort":49496,"DestinationIp":"142.250.72.4","DestinationPort":443,"DestinationHostname":"api.stripe.com","Protocol":"tcp"}}
{"tenant_id":"default","source":"sysmon","timestamp":"2026-07-13T22:11:04.553Z","event":{"EventID":3,"Computer":"WKSTN-1255.aegiscorp.local","User":"AEGISCORP\\zhoffman","Image":"teams.exe","ProcessId":63456,"SourceIp":"10.20.40.15","SourcePort":51920,"DestinationIp":"8.8.8.8","DestinationPort":443,"DestinationHostname":"www.google.com","Protocol":"tcp"}}
{"tenant_id":"default","source":"sysmon","timestamp":"2026-07-13T23:38:35.889Z","event":{"EventID":11,"Computer":"WKSTN-1230.aegiscorp.local","User":"AEGISCORP\\jjansen","Image":"C:\\Windows\\explorer.exe","ProcessId":9630,"TargetFilename":"C:\\Users\\jjansen\\Documents\\notes.docx","CreationUtcTime":"2026-07-13T23:38:35.889Z"}}
{"tenant_id":"default","source":"sysmon","timestamp":"2026-07-14T00:44:47.234Z","event":{"EventID":11,"Computer":"WKSTN-1102.aegiscorp.local","User":"AEGISCORP\\ckowalski","Image":"C:\\Program Files\\Microsoft Office\\root\\Office16\\EXCEL.EXE","ProcessId":18595,"TargetFilename":"C:\\Users\\ckowalski\\Documents\\backup.zip","CreationUtcTime":"2026-07-14T00:44:47.234Z"}}
{"tenant_id":"default","source":"sysmon","timestamp":"2026-07-14T00:55:18.556Z","event":{"EventID":3,"Computer":"WKSTN-1132.aegiscorp.local","User":"AEGISCORP\\aosei","Image":"outlook.exe","ProcessId":57664,"SourceIp":"10.20.10.42","SourcePort":58845,"DestinationIp":"13.107.42.14","DestinationPort":443,"DestinationHostname":"api.stripe.com","Protocol":"tcp"}}
{"tenant_id":"default","source":"sysmon","timestamp":"2026-07-14T03:01:46.433Z","event":{"EventID":13,"Computer":"WKSTN-1298.aegiscorp.local","User":"AEGISCORP\\kbrooks","Image":"C:\\Windows\\System32\\svchost.exe","ProcessId":33143,"TargetObject":"HKCU\\Software\\Microsoft\\Windows\\CurrentVersion\\Run\\OneDriveSync","EventType":"SetValue","Details":"DWORD (0x00000001)"}}
{"tenant_id":"default","source":"sysmon","timestamp":"2026-07-14T03:03:21.155Z","event":{"EventID":1,"Computer":"WKSTN-1206.aegiscorp.local","User":"AEGISCORP\\gdubois","Image":"C:\\Windows\\System32\\notepad.exe","CommandLine":"C:\\Windows\\System32\\notepad.exe C:\\Users\\gdubois\\Documents\\notes.txt","ParentImage":"C:\\Windows\\explorer.exe","ParentCommandLine":"C:\\Windows\\explorer.exe","ProcessId":52078,"ParentProcessId":906,"IntegrityLevel":"Medium","Hashes":"SHA256=035ab1ff03ae04bb48a9e31819c9dcce812f32b8ad72a2bf430946a94ae7cde9","CurrentDirectory":"C:\\Users\\gdubois\\"}}
{"tenant_id":"default","source":"sysmon","timestamp":"2026-07-14T03:27:15.155Z","event":{"EventID":3,"Computer":"WKSTN-1195.aegiscorp.local","User":"AEGISCORP\\dkhan","Image":"teams.exe","ProcessId":54945,"SourceIp":"10.20.50.25","SourcePort":55957,"DestinationIp":"34.194.23.11","DestinationPort":443,"DestinationHostname":"update.microsoft.com","Protocol":"tcp"}}
{"tenant_id":"default","source":"sysmon","timestamp":"2026-07-14T03:41:03.059Z","event":{"EventID":1,"Computer":"WKSTN-1266.aegiscorp.local","User":"AEGISCORP\\mwallace","Image":"C:\\Program","CommandLine":"C:\\Program Files\\Google\\Chrome\\Application\\chrome.exe --type=renderer","ParentImage":"C:\\Program Files\\Microsoft Office\\root\\Office16\\WINWORD.EXE","ParentCommandLine":"C:\\Program Files\\Microsoft Office\\root\\Office16\\WINWORD.EXE","ProcessId":31908,"ParentProcessId":968,"IntegrityLevel":"Medium","Hashes":"SHA256=ddcc6e1d52400eeaa139b1ac6d73de462d9f974ee50bc16e98130b7ed11edadb","CurrentDirectory":"C:\\Users\\mwallace\\"}}
{"tenant_id":"default","source":"sysmon","timestamp":"2026-07-14T04:26:27.137Z","event":{"EventID":1,"Computer":"WKSTN-1251.aegiscorp.local","User":"AEGISCORP\\mmendes","Image":"C:\\Windows\\System32\\SearchProtocolHost.exe","CommandLine":"C:\\Windows\\System32\\SearchProtocolHost.exe Global\\UsGthrFltPipeMssGthrPipe1","ParentImage":"C:\\Program Files\\Mozilla Firefox\\firefox.exe","ParentCommandLine":"C:\\Program Files\\Mozilla Firefox\\firefox.exe","ProcessId":39273,"ParentProcessId":908,"IntegrityLevel":"Medium","Hashes":"SHA256=6a3d25fb052b0aff726ac2732d0bbb2b2a48ec2c9721db2ffce9d9bcebd9bcfb","CurrentDirectory":"C:\\Users\\mmendes\\"}}
{"tenant_id":"default","source":"sysmon","timestamp":"2026-07-14T04:41:54.187Z","event":{"EventID":11,"Computer":"WKSTN-1127.aegiscorp.local","User":"AEGISCORP\\lfischer","Image":"C:\\Program Files\\Mozilla Firefox\\firefox.exe","ProcessId":42764,"TargetFilename":"C:\\Users\\lfischer\\Documents\\meeting_minutes.pdf","CreationUtcTime":"2026-07-14T04:41:54.187Z"}}
{"tenant_id":"default","source":"sysmon","timestamp":"2026-07-14T04:59:53.758Z","event":{"EventID":3,"Computer":"WKSTN-1184.aegiscorp.local","User":"AEGISCORP\\lhoffman","Image":"chrome.exe","ProcessId":63169,"SourceIp":"10.20.50.14","SourcePort":62255,"DestinationIp":"13.107.42.14","DestinationPort":443,"DestinationHostname":"s3.amazonaws.com","Protocol":"tcp"}}
{"tenant_id":"default","source":"sysmon","timestamp":"2026-07-14T06:29:07.229Z","event":{"EventID":3,"Computer":"WKSTN-1164.aegiscorp.local","User":"AEGISCORP\\rnovak","Image":"outlook.exe","ProcessId":32889,"SourceIp":"10.20.20.24","SourcePort":57525,"DestinationIp":"104.16.85.20","DestinationPort":443,"DestinationHostname":"cdn.jsdelivr.net","Protocol":"tcp"}}
{"tenant_id":"default","source":"sysmon","timestamp":"2026-07-14T07:41:17.511Z","event":{"EventID":1,"Computer":"WKSTN-1187.aegiscorp.local","User":"AEGISCORP\\vlund","Image":"C:\\Windows\\System32\\conhost.exe","CommandLine":"C:\\Windows\\System32\\conhost.exe 0xffffffff -ForceV1","ParentImage":"C:\\Program Files\\Google\\Chrome\\Application\\chrome.exe","ParentCommandLine":"C:\\Program Files\\Google\\Chrome\\Application\\chrome.exe","ProcessId":27305,"ParentProcessId":566,"IntegrityLevel":"Medium","Hashes":"SHA256=4a28ea9ec8cf17933ab8d9db1b2519ddca20be5ed8a77f1f343c9ff9feb4ed8e","CurrentDirectory":"C:\\Users\\vlund\\"}}
{"tenant_id":"default","source":"sysmon","timestamp":"2026-07-14T07:55:09.066Z","event":{"EventID":11,"Computer":"WKSTN-1160.aegiscorp.local","User":"AEGISCORP\\rokafor2","Image":"C:\\Windows\\explorer.exe","ProcessId":11743,"TargetFilename":"C:\\Users\\rokafor2\\Documents\\notes.docx","CreationUtcTime":"2026-07-14T07:55:09.066Z"}}
{"tenant_id":"default","source":"sysmon","timestamp":"2026-07-14T09:06:07.764Z","event":{"EventID":3,"Computer":"WKSTN-1279.aegiscorp.local","User":"AEGISCORP\\ddubois","Image":"outlook.exe","ProcessId":3962,"SourceIp":"10.20.40.39","SourcePort":65523,"DestinationIp":"13.107.42.14","DestinationPort":443,"DestinationHostname":"s3.amazonaws.com","Protocol":"tcp"}}
{"tenant_id":"default","source":"sysmon","timestamp":"2026-07-14T09:34:04.163Z","event":{"EventID":1,"Computer":"WKSTN-1102.aegiscorp.local","User":"AEGISCORP\\ckowalski","Image":"C:\\Windows\\System32\\conhost.exe","CommandLine":"C:\\Windows\\System32\\conhost.exe 0xffffffff -ForceV1","ParentImage":"C:\\Windows\\System32\\WindowsPowerShell\\v1.0\\powershell.exe","ParentCommandLine":"C:\\Windows\\System32\\WindowsPowerShell\\v1.0\\powershell.exe","ProcessId":3952,"ParentProcessId":585,"IntegrityLevel":"Medium","Hashes":"SHA256=1f34fefd905e0bd122c8fd4faaa3dd40ea4ba6dad4665973fd8c0b2ccaa6ff83","CurrentDirectory":"C:\\Users\\ckowalski\\"}}
{"tenant_id":"default","source":"sysmon","timestamp":"2026-07-14T14:28:26.147Z","event":{"EventID":3,"Computer":"WKSTN-1173.aegiscorp.local","User":"AEGISCORP\\bdubois","Image":"firefox.exe","ProcessId":53480,"SourceIp":"10.20.20.33","SourcePort":51867,"DestinationIp":"52.96.10.4","DestinationPort":443,"DestinationHostname":"cdn.jsdelivr.net","Protocol":"tcp"}}
{"tenant_id":"default","source":"sysmon","timestamp":"2026-07-14T15:01:02.507Z","event":{"EventID":1,"Computer":"WKSTN-1226.aegiscorp.local","User":"AEGISCORP\\ccosta","Image":"C:\\Windows\\System32\\SearchProtocolHost.exe","CommandLine":"C:\\Windows\\System32\\SearchProtocolHost.exe Global\\UsGthrFltPipeMssGthrPipe1","ParentImage":"C:\\Windows\\System32\\WindowsPowerShell\\v1.0\\powershell.exe","ParentCommandLine":"C:\\Windows\\System32\\WindowsPowerShell\\v1.0\\powershell.exe","ProcessId":62389,"ParentProcessId":917,"IntegrityLevel":"Medium","Hashes":"SHA256=a91eea3371cdaf30c5a13a687eacb9203cbf295aecca4d6fff58e5e74a57f475","CurrentDirectory":"C:\\Users\\ccosta\\"}}
