{"tenant_id":"default","source":"sysmon","timestamp":"2026-06-29T20:39:40.810Z","event":{"EventID":13,"Computer":"WKSTN-1284.aegiscorp.local","User":"AEGISCORP\\storres","Image":"C:\\Windows\\System32\\svchost.exe","ProcessId":52828,"TargetObject":"HKLM\\SYSTEM\\CurrentControlSet\\Services\\Tcpip\\Parameters","EventType":"SetValue","Details":"DWORD (0x00000001)"}}
{"tenant_id":"default","source":"sysmon","timestamp":"2026-06-29T22:21:40.065Z","event":{"EventID":1,"Computer":"WKSTN-1109.aegiscorp.local","User":"AEGISCORP\\jgrant","Image":"C:\\Windows\\System32\\SearchProtocolHost.exe","CommandLine":"C:\\Windows\\System32\\SearchProtocolHost.exe Global\\UsGthrFltPipeMssGthrPipe1","ParentImage":"C:\\Windows\\System32\\taskeng.exe","ParentCommandLine":"C:\\Windows\\System32\\taskeng.exe","ProcessId":9417,"ParentProcessId":730,"IntegrityLevel":"Medium","Hashes":"SHA256=77fb501e843f1d9b0abc4bdb6ae3d4303ba2ad34eb3e87ad07daaba2cfeaadfe","CurrentDirectory":"C:\\Users\\jgrant\\"}}
{"tenant_id":"default","source":"sysmon","timestamp":"2026-06-30T01:44:27.512Z","event":{"EventID":3,"Computer":"WKSTN-1228.aegiscorp.local","User":"AEGISCORP\\jmartinez","Image":"chrome.exe","ProcessId":7521,"SourceIp":"10.20.30.38","SourcePort":60750,"DestinationIp":"104.16.85.20","DestinationPort":443,"DestinationHostname":"slack.com","Protocol":"tcp"}}
{"tenant_id":"default","source":"sysmon","timestamp":"2026-06-30T02:09:09.120Z","event":{"EventID":3,"Computer":"WKSTN-1237.aegiscorp.local","User":"AEGISCORP\\rfischer2","Image":"teams.exe","ProcessId":21697,"SourceIp":"10.20.30.47","SourcePort":55293,"DestinationIp":"104.16.85.20","DestinationPort":443,"DestinationHostname":"zoom.us","Protocol":"tcp"}}
{"tenant_id":"default","source":"sysmon","timestamp":"2026-06-30T03:11:20.937Z","event":{"EventID":1,"Computer":"WKSTN-1188.aegiscorp.local","User":"AEGISCORP\\jchen","Image":"C:\\Program","CommandLine":"C:\\Program Files\\Google\\Chrome\\Application\\chrome.exe --type=renderer","ParentImage":"C:\\Windows\\explorer.exe","ParentCommandLine":"C:\\Windows\\explorer.exe","ProcessId":35178,"ParentProcessId":841,"IntegrityLevel":"Medium","Hashes":"SHA256=7e1e55f02b98505d00ea6d09bff4de45d9a82fecb612ac5a8d35edfc0254d208","CurrentDirectory":"C:\\Users\\jchen\\"}}
{"tenant_id":"default","source":"sysmon","timestamp":"2026-06-30T03:42:25.895Z","event":{"EventID":11,"Computer":"WKSTN-1211.aegiscorp.local","User":"AEGISCORP\\bkim","Image":"C:\\Windows\\System32\\cmd.exe","ProcessId":47712,"TargetFilename":"C:\\Users\\bkim\\Documents\\budget.pptx","CreationUtcTime":"2026-06-30T03:42:25.895Z"}}
{"tenant_id":"default","source":"sysmon","timestamp":"2026-06-30T03:57:54.874Z","event":{"EventID":1,"Computer":"WKSTN-1262.aegiscorp.local","User":"AEGISCORP\\ilarsen","Image":"C:\\Windows\\System32\\dllhost.exe","CommandLine":"C:\\Windows\\System32\\dllhost.exe /Processid:{guid}","ParentImage":"C:\\Program Files\\Microsoft Office\\root\\Office16\\EXCEL.EXE","ParentCommandLine":"C:\\Program Files\\Microsoft Office\\root\\Office16\\EXCEL.EXE","ProcessId":40901,"ParentProcessId":542,"IntegrityLevel":"Medium","Hashes":"SHA256=e16dbb6aadaeb0d5dafbe7885a35dbf97827afc5b6bd562eddaba3b9cbfddeb0","CurrentDirectory":"C:\\Users\\ilarsen\\"}}
{"tenant_id":"default","source":"sysmon","timestamp":"2026-06-30T04:08:19.323Z","event":{"EventID":1,"Computer":"WKSTN-1238.aegiscorp.local","User":"AEGISCORP\\emendes","Image":"C:\\Windows\\System32\\SearchProtocolHost.exe","CommandLine":"C:\\Windows\\System32\\SearchProtocolHost.exe Global\\UsGthrFltPipeMssGthrPipe1","ParentImage":"C:\\Windows\\System32\\WindowsPowerShell\\v1.0\\powershell.exe","ParentCommandLine":"C:\\Windows\\System32\\WindowsPowerShell\\v1.0\\powershell.exe","ProcessId":11516,"ParentProcessId":768,"IntegrityLevel":"Medium","Hashes":"SHA256=f4da83ead96328e12e099cf04ce9bdccdea93bba3fefad6b153968fecafa2106","CurrentDirectory":"C:\\Users\\emendes\\"}}
{"tenant_id":"default","source":"sysmon","timestamp":"2026-06-30T04:13:41.212Z","event":{"EventID":3,"Computer":"WKSTN-1192.aegiscorp.local","User":"AEGISCORP\\pmoreau","Image":"chrome.exe","ProcessId":22742,"SourceIp":"10.20.50.22","SourcePort":65382,"DestinationIp":"151.101.1.140","DestinationPort":80,"DestinationHostname":"s3.amazonaws.com","Protocol":"tcp"}}
{"tenant_id":"default","source":"sysmon","timestamp":"2026-06-30T04:46:46.820Z","event":{"EventID":3,"Computer":"WKSTN-1161.aegiscorp.local","User":"AEGISCORP\\ayamamoto2","Image":"outlook.exe","ProcessId":26370,"SourceIp":"10.20.20.21","SourcePort":59154,"DestinationIp":"104.16.85.20","DestinationPort":80,"DestinationHostname":"github.com","Protocol":"tcp"}}
{"tenant_id":"default","source":"sysmon","timestamp":"2026-06-30T06:36:54.369Z","event":{"EventID":1,"Computer":"WKSTN-1167.aegiscorp.local","User":"AEGISCORP\\rfischer","Image":"C:\\Windows\\System32\\notepad.exe","CommandLine":"C:\\Windows\\System32\\notepad.exe C:\\Users\\rfischer\\Documents\\notes.txt","ParentImage":"C:\\Windows\\System32\\svchost.exe","ParentCommandLine":"C:\\Windows\\System32\\svchost.exe","ProcessId":38143,"ParentProcessId":777,"IntegrityLevel":"Medium","Hashes":"SHA256=83cc91566ee49aa07d8e82a5e52b460cd5c0bceacffc3cf534deec5badbbcc81","CurrentDirectory":"C:\\Users\\rfischer\\"}}
{"tenant_id":"default","source":"sysmon","timestamp":"2026-06-30T07:49:55.716Z","event":{"EventID":13,"Computer":"WKSTN-1215.aegiscorp.local","User":"AEGISCORP\\tkim","Image":"C:\\Windows\\System32\\svchost.exe","ProcessId":50214,"TargetObject":"HKLM\\SYSTEM\\CurrentControlSet\\Services\\Tcpip\\Parameters","EventType":"SetValue","Details":"DWORD (0x00000001)"}}
{"tenant_id":"default","source":"sysmon","timestamp":"2026-06-30T08:29:56.262Z","event":{"EventID":3,"Computer":"WKSTN-1125.aegiscorp.local","User":"AEGISCORP\\dpetrov","Image":"teams.exe","ProcessId":26943,"SourceIp":"10.20.10.35","SourcePort":51822,"DestinationIp":"13.107.42.14","DestinationPort":80,"DestinationHostname":"www.salesforce.com","Protocol":"tcp"}}
{"tenant_id":"default","source":"sysmon","timestamp":"2026-06-30T09:39:23.872Z","event":{"EventID":3,"Computer":"WKSTN-1188.aegiscorp.local","User":"AEGISCORP\\anovak","Image":"firefox.exe","ProcessId":42515,"SourceIp":"10.20.50.18","SourcePort":57170,"DestinationIp":"142.250.72.4","DestinationPort":443,"DestinationHostname":"update.microsoft.com","Protocol":"tcp"}}
{"tenant_id":"default","source":"sysmon","timestamp":"2026-06-30T11:05:21.715Z","event":{"EventID":1,"Computer":"WKSTN-1206.aegiscorp.local","User":"AEGISCORP\\gdubois","Image":"C:\\Windows\\System32\\SearchProtocolHost.exe","CommandLine":"C:\\Windows\\System32\\SearchProtocolHost.exe Global\\UsGthrFltPipeMssGthrPipe1","ParentImage":"C:\\Windows\\System32\\taskeng.exe","ParentCommandLine":"C:\\Windows\\System32\\taskeng.exe","ProcessId":34649,"ParentProcessId":721,"IntegrityLevel":"Medium","Hashes":"SHA256=487d7176fdddc7c612af4ca6b788adcd935ac8d6c61eee9aaeb250f4dca349df","CurrentDirectory":"C:\\Users\\gdubois\\"}}
{"tenant_id":"default","source":"sysmon","timestamp":"2026-06-30T12:06:07.292Z","event":{"EventID":1,"Computer":"WKSTN-1143.aegiscorp.local","User":"AEGISCORP\\jzhang","Image":"C:\\Program","CommandLine":"C:\\Program Files\\Microsoft Office\\root\\Office16\\OUTLOOK.EXE /recycle","ParentImage":"C:\\Windows\\System32\\WindowsPowerShell\\v1.0\\powershell.exe","ParentCommandLine":"C:\\Windows\\System32\\WindowsPowerShell\\v1.0\\powershell.exe","ProcessId":31793,"ParentProcessId":506,"IntegrityLevel":"Medium","Hashes":"SHA256=acce7fe3ced7ccffacccff3bfa9727bfbba7cbc3cb9b478cdc6bdca7cd64fcf5","CurrentDirectory":"C:\\Users\\jzhang\\"}}
{"tenant_id":"default","source":"sysmon","timestamp":"2026-06-30T13:50:10.513Z","event":{"EventID":1,"Computer":"WKSTN-1129.aegiscorp.local","User":"AEGISCORP\\sokafor","Image":"C:\\Windows\\System32\\dllhost.exe","CommandLine":"C:\\Windows\\System32\\dllhost.exe /Processid:{guid}","ParentImage":"C:\\Windows\\System32\\svchost.exe","ParentCommandLine":"C:\\Windows\\System32\\svchost.exe","ProcessId":25335,"ParentProcessId":967,"IntegrityLevel":"Medium","Hashes":"SHA256=75e36065cc91b73e531fd83933f02d4ed9bb56ae4ca6f99dab8610d0cdd392e1","CurrentDirectory":"C:\\Users\\sokafor\\"}}
{"tenant_id":"default","source":"sysmon","timestamp":"2026-06-30T15:04:18.925Z","event":{"EventID":13,"Computer":"WKSTN-1113.aegiscorp.local","User":"AEGISCORP\\ajohnson","Image":"C:\\Windows\\System32\\svchost.exe","ProcessId":48324,"TargetObject":"HKCU\\Software\\Microsoft\\Windows\\CurrentVersion\\Run\\OneDriveSync","EventType":"SetValue","Details":"DWORD (0x00000001)"}}
{"tenant_id":"default","source":"sysmon","timestamp":"2026-06-30T18:23:43.512Z","event":{"EventID":13,"Computer":"WKSTN-1145.aegiscorp.local","User":"AEGISCORP\\inguyen","Image":"C:\\Windows\\System32\\svchost.exe","ProcessId":12906,"TargetObject":"HKLM\\SYSTEM\\CurrentControlSet\\Services\\Tcpip\\Parameters","EventType":"SetValue","Details":"DWORD (0x00000001)"}}
{"tenant_id":"default","source":"sysmon","timestamp":"2026-06-30T19:25:13.527Z","event":{"EventID":1,"Computer":"WKSTN-1229.aegiscorp.local","User":"AEGISCORP\\gbrooks2","Image":"C:\\Windows\\System32\\dllhost.exe","CommandLine":"C:\\Windows\\System32\\dllhost.exe /Processid:{guid}","ParentImage":"C:\\Windows\\System32\\svchost.exe","ParentCommandLine":"C:\\Windows\\System32\\svchost.exe","ProcessId":16004,"ParentProcessId":833,"IntegrityLevel":"Medium","Hashes":"SHA256=102a050b7088b36f0300aae70baab6baa2af2ecda83b367a67ebfbd7cddb1c56","CurrentDirectory":"C:\\Users\\gbrooks2\\"}}
{"tenant_id":"default","source":"sysmon","timestamp":"2026-06-30T20:36:12.970Z","event":{"EventID":3,"Computer":"WKSTN-1270.aegiscorp.local","User":"AEGISCORP\\enguyen","Image":"chrome.exe","ProcessId":35420,"SourceIp":"10.20.40.30","SourcePort":56257,"DestinationIp":"52.96.10.4","DestinationPort":443,"DestinationHostname":"outlook.office365.com","Protocol":"tcp"}}
{"tenant_id":"default","source":"sysmon","timestamp":"2026-06-30T23:42:41.105Z","event":{"EventID":3,"Computer":"WKSTN-1147.aegiscorp.local","User":"AEGISCORP\\emartinez","Image":"teams.exe","ProcessId":48507,"SourceIp":"10.20.10.57","SourcePort":58107,"DestinationIp":"34.194.23.11","DestinationPort":443,"DestinationHostname":"www.salesforce.com","Protocol":"tcp"}}
{"tenant_id":"default","source":"sysmon","timestamp":"2026-06-30T23:44:00.008Z","event":{"EventID":1,"Computer":"WKSTN-1277.aegiscorp.local","User":"AEGISCORP\\cpatel","Image":"C:\\Windows\\System32\\dllhost.exe","CommandLine":"C:\\Windows\\System32\\dllhost.exe /Processid:{guid}","ParentImage":"C:\\Program Files\\Microsoft Office\\root\\Office16\\EXCEL.EXE","ParentCommandLine":"C:\\Program Files\\Microsoft Office\\root\\Office16\\EXCEL.EXE","ProcessId":37942,"ParentProcessId":663,"IntegrityLevel":"Medium","Hashes":"SHA256=d68bc4b7e6e47edc15d6ed5da793fe1b69a9cad30effbcba3501ae5bdb6b32c0","CurrentDirectory":"C:\\Users\\cpatel\\"}}
{"tenant_id":"default","source":"sysmon","timestamp":"2026-06-30T23:54:07.743Z","event":{"EventID":11,"Computer":"WKSTN-1118.aegiscorp.local","User":"AEGISCORP\\tjansen","Image":"C:\\Program Files\\Google\\Chrome\\Application\\chrome.exe","ProcessId":50783,"TargetFilename":"C:\\Users\\tjansen\\Documents\\notes.docx","CreationUtcTime":"2026-06-30T23:54:07.743Z"}}
{"tenant_id":"default","source":"sysmon","timestamp":"2026-07-01T00:12:38.885Z","event":{"EventID":3,"Computer":"WKSTN-1239.aegiscorp.local","User":"AEGISCORP\\knguyen","Image":"outlook.exe","ProcessId":54071,"SourceIp":"10.20.30.49","SourcePort":63618,"DestinationIp":"52.96.10.4","DestinationPort":443,"DestinationHostname":"github.com","Protocol":"tcp"}}
{"tenant_id":"default","source":"sysmon","timestamp":"2026-07-01T01:32:34.843Z","event":{"EventID":3,"Computer":"WKSTN-1254.aegiscorp.local","User":"AEGISCORP\\zchen","Image":"chrome.exe","ProcessId":63270,"SourceIp":"10.20.40.14","SourcePort":59268,"DestinationIp":"142.250.72.4","DestinationPort":80,"DestinationHostname":"s3.amazonaws.com","Protocol":"tcp"}}
{"tenant_id":"default","source":"sysmon","timestamp":"2026-07-01T02:42:52.739Z","event":{"EventID":1,"Computer":"WKSTN-1237.aegiscorp.local","User":"AEGISCORP\\rfischer2","Image":"C:\\Windows\\System32\\svchost.exe","CommandLine":"C:\\Windows\\System32\\svchost.exe -k netsvcs -p","ParentImage":"C:\\Windows\\System32\\cmd.exe","ParentCommandLine":"C:\\Windows\\System32\\cmd.exe","ProcessId":26856,"ParentProcessId":835,"IntegrityLevel":"Medium","Hashes":"SHA256=18c7edda395da4a2fd64d2c388da99bff59e50caae56bfc3e015fd0263ed0556","CurrentDirectory":"C:\\Users\\rfischer2\\"}}
{"tenant_id":"default","source":"sysmon","timestamp":"2026-07-01T03:23:52.159Z","event":{"EventID":13,"Computer":"WKSTN-1291.aegiscorp.local","User":"AEGISCORP\\fkim","Image":"C:\\Windows\\System32\\svchost.exe","ProcessId":48992,"TargetObject":"HKLM\\SYSTEM\\CurrentControlSet\\Services\\Tcpip\\Parameters","EventType":"SetValue","Details":"DWORD (0x00000001)"}}
{"tenant_id":"default","source":"sysmon","timestamp":"2026-07-01T04:05:17.935Z","event":{"EventID":1,"Computer":"WKSTN-1273.aegiscorp.local","User":"AEGISCORP\\djansen","Image":"C:\\Windows\\System32\\SearchProtocolHost.exe","CommandLine":"C:\\Windows\\System32\\SearchProtocolHost.exe Global\\UsGthrFltPipeMssGthrPipe1","ParentImage":"C:\\Windows\\System32\\cmd.exe","ParentCommandLine":"C:\\Windows\\System32\\cmd.exe","ProcessId":45356,"ParentProcessId":969,"IntegrityLevel":"Medium","Hashes":"SHA256=caafe094f5ae2cfcb46653eef6ebafebdaacc2fb1ab79cfeedb2ba47f9588c14","CurrentDirectory":"C:\\Users\\djansen\\"}}
{"tenant_id":"default","source":"sysmon","timestamp":"2026-07-01T07:01:04.903Z","event":{"EventID":1,"Computer":"WKSTN-1118.aegiscorp.local","User":"AEGISCORP\\tjansen","Image":"C:\\Windows\\System32\\dllhost.exe","CommandLine":"C:\\Windows\\System32\\dllhost.exe /Processid:{guid}","ParentImage":"C:\\Windows\\System32\\svchost.exe","ParentCommandLine":"C:\\Windows\\System32\\svchost.exe","ProcessId":9811,"ParentProcessId":952,"IntegrityLevel":"Medium","Hashes":"SHA256=dcf2f3a88f9332cc0da27f6f8eb9e6e89cedbac85abcc6fbee6b30ebb3cbef4b","CurrentDirectory":"C:\\Users\\tjansen\\"}}
{"tenant_id":"default","source":"sysmon","timestamp":"2026-07-01T08:48:27.039Z","event":{"EventID":1,"Computer":"WKSTN-1230.aegiscorp.local","User":"AEGISCORP\\jjansen","Image":"C:\\Program","CommandLine":"C:\\Program Files\\Google\\Chrome\\Application\\chrome.exe --type=renderer","ParentImage":"C:\\Program Files\\Microsoft Office\\root\\Office16\\WINWORD.EXE","ParentCommandLine":"C:\\Program Files\\Microsoft Office\\root\\Office16\\WINWORD.EXE","ProcessId":8047,"ParentProcessId":987,"IntegrityLevel":"Medium","Hashes":"SHA256=b1aff012af4ad235fa0e5b629f13b869e1ee51dfd95ffcac9baa2ca65adee77b","CurrentDirectory":"C:\\Users\\jjansen\\"}}
{"tenant_id":"default","source":"sysmon","timestamp":"2026-07-01T11:07:53.148Z","event":{"EventID":1,"Computer":"WKSTN-1293.aegiscorp.local","User":"AEGISCORP\\ckhan","Image":"C:\\Windows\\System32\\conhost.exe","CommandLine":"C:\\Windows\\System32\\conhost.exe 0xffffffff -ForceV1","ParentImage":"C:\\Program Files\\Microsoft Office\\root\\Office16\\EXCEL.EXE","ParentCommandLine":"C:\\Program Files\\Microsoft Office\\root\\Office16\\EXCEL.EXE","ProcessId":11508,"ParentProcessId":694,"IntegrityLevel":"Medium","Hashes":"SHA256=c7f23afff961f8a55d85dec6c0bd8aaadee5a35f5c45c507b05fbf9f0e3bd07f","CurrentDirectory":"C:\\Users\\ckhan\\"}}
{"tenant_id":"default","source":"sysmon","timestamp":"2026-07-01T11:14:26.925Z","event":{"EventID":3,"Computer":"WKSTN-1182.aegiscorp.local","User":"AEGISCORP\\elarsen","Image":"firefox.exe","ProcessId":58195,"SourceIp":"10.20.50.12","SourcePort":64156,"DestinationIp":"8.8.8.8","DestinationPort":443,"DestinationHostname":"login.microsoftonline.com","Protocol":"tcp"}}
{"tenant_id":"default","source":"sysmon","timestamp":"2026-07-01T11:40:38.955Z","event":{"EventID":11,"Computer":"WKSTN-1272.aegiscorp.local","User":"AEGISCORP\\mnakamura2","Image":"C:\\Windows\\System32\\taskeng.exe","ProcessId":11541,"TargetFilename":"C:\\Users\\mnakamura2\\Documents\\backup.zip","CreationUtcTime":"2026-07-01T11:40:38.955Z"}}
{"tenant_id":"default","source":"sysmon","timestamp":"2026-07-01T14:29:21.488Z","event":{"EventID":1,"Computer":"WKSTN-1281.aegiscorp.local","User":"AEGISCORP\\czhang","Image":"C:\\Windows\\System32\\dllhost.exe","CommandLine":"C:\\Windows\\System32\\dllhost.exe /Processid:{guid}","ParentImage":"C:\\Program Files\\Microsoft Office\\root\\Office16\\OUTLOOK.EXE","ParentCommandLine":"C:\\Program Files\\Microsoft Office\\root\\Office16\\OUTLOOK.EXE","ProcessId":56422,"ParentProcessId":646,"IntegrityLevel":"Medium","Hashes":"SHA256=1e78fdf09aa2a0c6e3062cda4c196b2384ecef57a38b2de88d3d4f2d1182ae8c","CurrentDirectory":"C:\\Users\\czhang\\"}}
{"tenant_id":"default","source":"sysmon","timestamp":"2026-07-01T14:46:31.602Z","event":{"EventID":1,"Computer":"WKSTN-1232.aegiscorp.local","User":"AEGISCORP\\nhoffman","Image":"C:\\Windows\\System32\\svchost.exe","CommandLine":"C:\\Windows\\System32\\svchost.exe -k netsvcs -p","ParentImage":"C:\\Program Files\\Google\\Chrome\\Application\\chrome.exe","ParentCommandLine":"C:\\Program Files\\Google\\Chrome\\Application\\chrome.exe","ProcessId":25656,"ParentProcessId":685,"IntegrityLevel":"Medium","Hashes":"SHA256=2b763bcdcc7def4924a37bcf611c60dd6beafc411db620b51ca43c04aefcd3c6","CurrentDirectory":"C:\\Users\\nhoffman\\"}}
{"tenant_id":"default","source":"sysmon","timestamp":"2026-07-01T14:57:40.511Z","event":{"EventID":1,"Computer":"WKSTN-1217.aegiscorp.local","User":"AEGISCORP\\awallace","Image":"C:\\Windows\\System32\\svchost.exe","CommandLine":"C:\\Windows\\System32\\svchost.exe -k netsvcs -p","ParentImage":"C:\\Windows\\System32\\cmd.exe","ParentCommandLine":"C:\\Windows\\System32\\cmd.exe","ProcessId":60481,"ParentProcessId":798,"IntegrityLevel":"Medium","Hashes":"SHA256=faceecfb4c7a4ffc9b3af6e6f7ef4bed9cf224ca0c611dde16e94dff45d53e0d","CurrentDirectory":"C:\\Users\\awallace\\"}}
{"tenant_id":"default","source":"sysmon","timestamp":"2026-07-01T15:35:50.846Z","event":{"EventID":1,"Computer":"WKSTN-1157.aegiscorp.local","User":"AEGISCORP\\orossi","Image":"C:\\Program","CommandLine":"C:\\Program Files\\Google\\Chrome\\Application\\chrome.exe --type=renderer","ParentImage":"C:\\Windows\\System32\\WindowsPowerShell\\v1.0\\powershell.exe","ParentCommandLine":"C:\\Windows\\System32\\WindowsPowerShell\\v1.0\\powershell.exe","ProcessId":43748,"ParentProcessId":623,"IntegrityLevel":"Medium","Hashes":"SHA256=dfac1bfbf2cfd5dbe00e5fc500364cbfa37c3fc0eba7744a9ec4e82db90276ab","CurrentDirectory":"C:\\Users\\orossi\\"}}
{"tenant_id":"default","source":"sysmon","timestamp":"2026-07-01T16:25:15.161Z","event":{"EventID":3,"Computer":"WKSTN-1119.aegiscorp.local","User":"AEGISCORP\\jhoffman","Image":"teams.exe","ProcessId":31228,"SourceIp":"10.20.10.29","SourcePort":61616,"DestinationIp":"20.190.128.10","DestinationPort":80,"DestinationHostname":"docs.google.com","Protocol":"tcp"}}
{"tenant_id":"default","source":"sysmon","timestamp":"2026-07-01T19:07:09.710Z","event":{"EventID":11,"Computer":"WKSTN-1281.aegiscorp.local","User":"AEGISCORP\\czhang","Image":"C:\\Windows\\System32\\cmd.exe","ProcessId":19861,"TargetFilename":"C:\\Users\\czhang\\Documents\\report.xlsx","CreationUtcTime":"2026-07-01T19:07:09.710Z"}}
{"tenant_id":"default","source":"sysmon","timestamp":"2026-07-01T19:08:21.087Z","event":{"EventID":1,"Computer":"WKSTN-1154.aegiscorp.local","User":"AEGISCORP\\bsuzuki","Image":"C:\\Windows\\System32\\SearchProtocolHost.exe","CommandLine":"C:\\Windows\\System32\\SearchProtocolHost.exe Global\\UsGthrFltPipeMssGthrPipe1","ParentImage":"C:\\Windows\\System32\\WindowsPowerShell\\v1.0\\powershell.exe","ParentCommandLine":"C:\\Windows\\System32\\WindowsPowerShell\\v1.0\\powershell.exe","ProcessId":25860,"ParentProcessId":779,"IntegrityLevel":"Medium","Hashes":"SHA256=d8cf3e6f2b9bf4c7cce49c3c8ce32a016eafecb6a0927c98dff78beecf25fae6","CurrentDirectory":"C:\\Users\\bsuzuki\\"}}
{"tenant_id":"default","source":"sysmon","timestamp":"2026-07-01T19:20:10.619Z","event":{"EventID":3,"Computer":"WKSTN-1143.aegiscorp.local","User":"AEGISCORP\\jzhang","Image":"chrome.exe","ProcessId":16184,"SourceIp":"10.20.10.53","SourcePort":57187,"DestinationIp":"8.8.8.8","DestinationPort":443,"DestinationHostname":"api.stripe.com","Protocol":"tcp"}}
{"tenant_id":"default","source":"sysmon","timestamp":"2026-07-01T19:31:37.426Z","event":{"EventID":11,"Computer":"WKSTN-1137.aegiscorp.local","User":"AEGISCORP\\llund","Image":"C:\\Windows\\System32\\taskeng.exe","ProcessId":4818,"TargetFilename":"C:\\Users\\llund\\Documents\\budget.pptx","CreationUtcTime":"2026-07-01T19:31:37.426Z"}}
{"tenant_id":"default","source":"sysmon","timestamp":"2026-07-01T19:43:01.402Z","event":{"EventID":3,"Computer":"WKSTN-1213.aegiscorp.local","User":"AEGISCORP\\eosei","Image":"chrome.exe","ProcessId":38170,"SourceIp":"10.20.30.23","SourcePort":64443,"DestinationIp":"20.190.128.10","DestinationPort":80,"DestinationHostname":"cdn.jsdelivr.net","Protocol":"tcp"}}
{"tenant_id":"default","source":"sysmon","timestamp":"2026-07-01T22:08:48.100Z","event":{"EventID":1,"Computer":"WKSTN-1243.aegiscorp.local","User":"AEGISCORP\\sahmed","Image":"C:\\Windows\\System32\\dllhost.exe","CommandLine":"C:\\Windows\\System32\\dllhost.exe /Processid:{guid}","ParentImage":"C:\\Windows\\explorer.exe","ParentCommandLine":"C:\\Windows\\explorer.exe","ProcessId":6339,"ParentProcessId":900,"IntegrityLevel":"Medium","Hashes":"SHA256=1b9d0aca9566dd1b3bad02cae63c5657ddabe5da78ebfa19f8d2fc39488fbb6f","CurrentDirectory":"C:\\Users\\sahmed\\"}}
{"tenant_id":"default","source":"sysmon","timestamp":"2026-07-01T23:23:59.929Z","event":{"EventID":1,"Computer":"WKSTN-1117.aegiscorp.local","User":"AEGISCORP\\ayamamoto","Image":"C:\\Program","CommandLine":"C:\\Program Files\\Microsoft Office\\root\\Office16\\OUTLOOK.EXE /recycle","ParentImage":"C:\\Windows\\System32\\cmd.exe","ParentCommandLine":"C:\\Windows\\System32\\cmd.exe","ProcessId":18641,"ParentProcessId":820,"IntegrityLevel":"Medium","Hashes":"SHA256=94d5e23bf22de0fa79c0620f1fdefae2d780aad5af3e70a35a21fade8d0dbd1a","CurrentDirectory":"C:\\Users\\ayamamoto\\"}}
{"tenant_id":"default","source":"sysmon","timestamp":"2026-07-02T00:06:41.054Z","event":{"EventID":1,"Computer":"WKSTN-1184.aegiscorp.local","User":"AEGISCORP\\lhoffman","Image":"C:\\Windows\\System32\\svchost.exe","CommandLine":"C:\\Windows\\System32\\svchost.exe -k netsvcs -p","ParentImage":"C:\\Windows\\explorer.exe","ParentCommandLine":"C:\\Windows\\explorer.exe","ProcessId":43703,"ParentProcessId":883,"IntegrityLevel":"Medium","Hashes":"SHA256=f375fb19bb3da95bd9e60ebcd4cabcd241b0acec51ce7debbc9dfbc183cefdd4","CurrentDirectory":"C:\\Users\\lhoffman\\"}}
{"tenant_id":"default","source":"sysmon","timestamp":"2026-07-02T00:20:44.039Z","event":{"EventID":1,"Computer":"WKSTN-1196.aegiscorp.local","User":"AEGISCORP\\vlund2","Image":"C:\\Windows\\System32\\notepad.exe","CommandLine":"C:\\Windows\\System32\\notepad.exe C:\\Users\\vlund2\\Documents\\notes.txt","ParentImage":"C:\\Windows\\explorer.exe","ParentCommandLine":"C:\\Windows\\explorer.exe","ProcessId":64024,"ParentProcessId":907,"IntegrityLevel":"Medium","Hashes":"SHA256=3cdc680c035ae2318becb2c6fee7eadd902beda32d4cabc6e86b2eb3ec6a08c4","CurrentDirectory":"C:\\Users\\vlund2\\"}}
{"tenant_id":"default","source":"sysmon","timestamp":"2026-07-02T00:36:44.172Z","event":{"EventID":1,"Computer":"WKSTN-1103.aegiscorp.local","User":"AEGISCORP\\isilva","Image":"C:\\Windows\\System32\\conhost.exe","CommandLine":"C:\\Windows\\System32\\conhost.exe 0xffffffff -ForceV1","ParentImage":"C:\\Windows\\System32\\cmd.exe","ParentCommandLine":"C:\\Windows\\System32\\cmd.exe","ProcessId":25960,"ParentProcessId":810,"IntegrityLevel":"Medium","Hashes":"SHA256=f56f5e1fbaac8c0c7ea9095d900aac7fe7fd8cce155ac6a2aaf41edb7babdf3a","CurrentDirectory":"C:\\Users\\isilva\\"}}
{"tenant_id":"default","source":"sysmon","timestamp":"2026-07-02T00:46:39.388Z","event":{"EventID":1,"Computer":"WKSTN-1113.aegiscorp.local","User":"AEGISCORP\\ajohnson","Image":"C:\\Program","CommandLine":"C:\\Program Files\\Google\\Chrome\\Application\\chrome.exe --type=renderer","ParentImage":"C:\\Program Files\\Microsoft Office\\root\\Office16\\WINWORD.EXE","ParentCommandLine":"C:\\Program Files\\Microsoft Office\\root\\Office16\\WINWORD.EXE","ProcessId":54796,"ParentProcessId":871,"IntegrityLevel":"Medium","Hashes":"SHA256=bfd12f7e4ede87afbaca946e2faf7d5c87e4bc3a4c8d9fc71acee1abdd4dd06a","CurrentDirectory":"C:\\Users\\ajohnson\\"}}
{"tenant_id":"default","source":"sysmon","timestamp":"2026-07-02T01:27:15.067Z","event":{"EventID":13,"Computer":"WKSTN-1274.aegiscorp.local","User":"AEGISCORP\\vrossi","Image":"C:\\Windows\\System32\\svchost.exe","ProcessId":26561,"TargetObject":"HKCU\\Software\\Microsoft\\Office\\16.0\\Common\\General","EventType":"SetValue","Details":"DWORD (0x00000001)"}}
{"tenant_id":"default","source":"sysmon","timestamp":"2026-07-02T08:22:25.394Z","event":{"EventID":1,"Computer":"WKSTN-1283.aegiscorp.local","User":"AEGISCORP\\aferreira","Image":"C:\\Program","CommandLine":"C:\\Program Files\\Google\\Chrome\\Application\\chrome.exe --type=renderer","ParentImage":"C:\\Program Files\\Microsoft Office\\root\\Office16\\WINWORD.EXE","ParentCommandLine":"C:\\Program Files\\Microsoft Office\\root\\Office16\\WINWORD.EXE","ProcessId":31002,"ParentProcessId":705,"IntegrityLevel":"Medium","Hashes":"SHA256=8c6bbcc3b5cc54e3a2df54ad33bff4fc9d67babbc2e8d04e703edcdf82f8d6ee","CurrentDirectory":"C:\\Users\\aferreira\\"}}
{"tenant_id":"default","source":"sysmon","timestamp":"2026-07-02T08:24:31.201Z","event":{"EventID":3,"Computer":"WKSTN-1173.aegiscorp.local","User":"AEGISCORP\\bdubois","Image":"chrome.exe","ProcessId":7664,"SourceIp":"10.20.20.33","SourcePort":56312,"DestinationIp":"34.194.23.11","DestinationPort":443,"DestinationHostname":"zoom.us","Protocol":"tcp"}}
{"tenant_id":"default","source":"sysmon","timestamp":"2026-07-02T08:35:35.692Z","event":{"EventID":1,"Computer":"WKSTN-1269.aegiscorp.local","User":"AEGISCORP\\rokafor3","Image":"C:\\Program","CommandLine":"C:\\Program Files\\Microsoft Office\\root\\Office16\\OUTLOOK.EXE /recycle","ParentImage":"C:\\Program Files\\Microsoft Office\\root\\Office16\\EXCEL.EXE","ParentCommandLine":"C:\\Program Files\\Microsoft Office\\root\\Office16\\EXCEL.EXE","ProcessId":59229,"ParentProcessId":546,"IntegrityLevel":"Medium","Hashes":"SHA256=062ef4b9e84068dfcdf68e09c7bbd948dd2bbab2fac898bc7cb096ddaeafd7cf","CurrentDirectory":"C:\\Users\\rokafor3\\"}}
{"tenant_id":"default","source":"sysmon","timestamp":"2026-07-02T08:50:59.430Z","event":{"EventID":11,"Computer":"WKSTN-1211.aegiscorp.local","User":"AEGISCORP\\bkim","Image":"C:\\Program Files\\Google\\Chrome\\Application\\chrome.exe","ProcessId":54956,"TargetFilename":"C:\\Users\\bkim\\Documents\\budget.pptx","CreationUtcTime":"2026-07-02T08:50:59.430Z"}}
{"tenant_id":"default","source":"sysmon","timestamp":"2026-07-02T10:34:51.498Z","event":{"EventID":11,"Computer":"WKSTN-1239.aegiscorp.local","User":"AEGISCORP\\knguyen","Image":"C:\\Program Files\\Microsoft Office\\root\\Office16\\WINWORD.EXE","ProcessId":29433,"TargetFilename":"C:\\Users\\knguyen\\Documents\\backup.zip","CreationUtcTime":"2026-07-02T10:34:51.498Z"}}
{"tenant_id":"default","source":"sysmon","timestamp":"2026-07-02T10:39:18.525Z","event":{"EventID":11,"Computer":"WKSTN-1273.aegiscorp.local","User":"AEGISCORP\\djansen","Image":"C:\\Program Files\\Mozilla Firefox\\firefox.exe","ProcessId":23856,"TargetFilename":"C:\\Users\\djansen\\Documents\\notes.docx","CreationUtcTime":"2026-07-02T10:39:18.525Z"}}
{"tenant_id":"default","source":"sysmon","timestamp":"2026-07-02T11:46:13.225Z","event":{"EventID":1,"Computer":"WKSTN-1292.aegiscorp.local","User":"AEGISCORP\\pkhan","Image":"C:\\Windows\\System32\\notepad.exe","CommandLine":"C:\\Windows\\System32\\notepad.exe C:\\Users\\pkhan\\Documents\\notes.txt","ParentImage":"C:\\Windows\\System32\\WindowsPowerShell\\v1.0\\powershell.exe","ParentCommandLine":"C:\\Windows\\System32\\WindowsPowerShell\\v1.0\\powershell.exe","ProcessId":32047,"ParentProcessId":875,"IntegrityLevel":"Medium","Hashes":"SHA256=470aa4e8f8cf4ca1befa53abeed86ccf7cae68699aac0dc4ea997cd08cbdb1a8","CurrentDirectory":"C:\\Users\\pkhan\\"}}
{"tenant_id":"default","source":"sysmon","timestamp":"2026-07-02T11:54:20.421Z","event":{"EventID":11,"Computer":"WKSTN-1190.aegiscorp.local","User":"AEGISCORP\\gosei","Image":"C:\\Program Files\\Mozilla Firefox\\firefox.exe","ProcessId":55577,"TargetFilename":"C:\\Users\\gosei\\Documents\\notes.docx","CreationUtcTime":"2026-07-02T11:54:20.421Z"}}
{"tenant_id":"default","source":"sysmon","timestamp":"2026-07-02T12:57:02.674Z","event":{"EventID":3,"Computer":"WKSTN-1262.aegiscorp.local","User":"AEGISCORP\\ilarsen","Image":"firefox.exe","ProcessId":32293,"SourceIp":"10.20.40.22","SourcePort":54474,"DestinationIp":"52.96.10.4","DestinationPort":443,"DestinationHostname":"www.google.com","Protocol":"tcp"}}
{"tenant_id":"default","source":"sysmon","timestamp":"2026-07-02T13:32:25.002Z","event":{"EventID":11,"Computer":"WKSTN-1176.aegiscorp.local","User":"AEGISCORP\\akhan","Image":"C:\\Program Files\\Mozilla Firefox\\firefox.exe","ProcessId":64379,"TargetFilename":"C:\\Users\\akhan\\Documents\\meeting_minutes.pdf","CreationUtcTime":"2026-07-02T13:32:25.002Z"}}
{"tenant_id":"default","source":"sysmon","timestamp":"2026-07-02T17:01:02.284Z","event":{"EventID":1,"Computer":"WKSTN-1222.aegiscorp.local","User":"AEGISCORP\\aalvarez2","Image":"C:\\Windows\\System32\\svchost.exe","CommandLine":"C:\\Windows\\System32\\svchost.exe -k netsvcs -p","ParentImage":"C:\\Program Files\\Microsoft Office\\root\\Office16\\WINWORD.EXE","ParentCommandLine":"C:\\Program Files\\Microsoft Office\\root\\Office16\\WINWORD.EXE","ProcessId":44740,"ParentProcessId":705,"IntegrityLevel":"Medium","Hashes":"SHA256=1d0c5f4adcdeeeedcc4ca365ac38d1c63411baca6ef9efa3ade3edb0fec9f849","CurrentDirectory":"C:\\Users\\aalvarez2\\"}}
{"tenant_id":"default","source":"sysmon","timestamp":"2026-07-02T19:38:44.384Z","event":{"EventID":1,"Computer":"WKSTN-1121.aegiscorp.local","User":"AEGISCORP\\rtorres","Image":"C:\\Program","CommandLine":"C:\\Program Files\\Google\\Chrome\\Application\\chrome.exe --type=renderer","ParentImage":"C:\\Program Files\\Microsoft Office\\root\\Office16\\EXCEL.EXE","ParentCommandLine":"C:\\Program Files\\Microsoft Office\\root\\Office16\\EXCEL.EXE","ProcessId":45096,"ParentProcessId":672,"IntegrityLevel":"Medium","Hashes":"SHA256=c7d2de5fbac3c08db8286f4ceef38dc83e0f379a0fb3e1fdc2203d1efc48cf0a","CurrentDirectory":"C:\\Users\\rtorres\\"}}
{"tenant_id":"default","source":"sysmon","timestamp":"2026-07-02T20:40:28.599Z","event":{"EventID":13,"Computer":"WKSTN-1225.aegiscorp.local","User":"AEGISCORP\\jzhang2","Image":"C:\\Windows\\System32\\svchost.exe","ProcessId":25564,"TargetObject":"HKCU\\Software\\Microsoft\\Windows\\CurrentVersion\\Run\\OneDriveSync","EventType":"SetValue","Details":"DWORD (0x00000001)"}}
{"tenant_id":"default","source":"sysmon","timestamp":"2026-07-02T21:20:33.389Z","event":{"EventID":3,"Computer":"WKSTN-1217.aegiscorp.local","User":"AEGISCORP\\awallace","Image":"chrome.exe","ProcessId":6882,"SourceIp":"10.20.30.27","SourcePort":56965,"DestinationIp":"142.250.72.4","DestinationPort":443,"DestinationHostname":"docs.google.com","Protocol":"tcp"}}
{"tenant_id":"default","source":"sysmon","timestamp":"2026-07-02T21:29:23.639Z","event":{"EventID":1,"Computer":"WKSTN-1257.aegiscorp.local","User":"AEGISCORP\\dfischer","Image":"C:\\Windows\\System32\\SearchProtocolHost.exe","CommandLine":"C:\\Windows\\System32\\SearchProtocolHost.exe Global\\UsGthrFltPipeMssGthrPipe1","ParentImage":"C:\\Windows\\explorer.exe","ParentCommandLine":"C:\\Windows\\explorer.exe","ProcessId":32031,"ParentProcessId":748,"IntegrityLevel":"Medium","Hashes":"SHA256=afeb93c417cc646fcdbd5eed2bc2e6f5e49fcdf71bde9989affd50d00a0bfdef","CurrentDirectory":"C:\\Users\\dfischer\\"}}
{"tenant_id":"default","source":"sysmon","timestamp":"2026-07-02T22:17:19.086Z","event":{"EventID":1,"Computer":"WKSTN-1244.aegiscorp.local","User":"AEGISCORP\\ebaker","Image":"C:\\Windows\\System32\\notepad.exe","CommandLine":"C:\\Windows\\System32\\notepad.exe C:\\Users\\ebaker\\Documents\\notes.txt","ParentImage":"C:\\Windows\\explorer.exe","ParentCommandLine":"C:\\Windows\\explorer.exe","ProcessId":59881,"ParentProcessId":960,"IntegrityLevel":"Medium","Hashes":"SHA256=fb8dac451de228beeece87b8c20cd8d4e5677120c15986eea3225ecc588cfcec","CurrentDirectory":"C:\\Users\\ebaker\\"}}
{"tenant_id":"default","source":"sysmon","timestamp":"2026-07-02T22:34:13.703Z","event":{"EventID":1,"Computer":"WKSTN-1196.aegiscorp.local","User":"AEGISCORP\\vlund2","Image":"C:\\Windows\\System32\\dllhost.exe","CommandLine":"C:\\Windows\\System32\\dllhost.exe /Processid:{guid}","ParentImage":"C:\\Windows\\System32\\svchost.exe","ParentCommandLine":"C:\\Windows\\System32\\svchost.exe","ProcessId":16997,"ParentProcessId":977,"IntegrityLevel":"Medium","Hashes":"SHA256=0289d530c2a81ffa9eb0cf49eabedae9275c26e2bffee9faccdd5ce4f2eff2e2","CurrentDirectory":"C:\\Users\\vlund2\\"}}
{"tenant_id":"default","source":"sysmon","timestamp":"2026-07-02T23:46:03.055Z","event":{"EventID":11,"Computer":"WKSTN-1124.aegiscorp.local","User":"AEGISCORP\\tnovak","Image":"C:\\Windows\\explorer.exe","ProcessId":23348,"TargetFilename":"C:\\Users\\tnovak\\Documents\\notes.docx","CreationUtcTime":"2026-07-02T23:46:03.055Z"}}
{"tenant_id":"default","source":"sysmon","timestamp":"2026-07-03T00:13:06.884Z","event":{"EventID":3,"Computer":"WKSTN-1109.aegiscorp.local","User":"AEGISCORP\\jgrant","Image":"firefox.exe","ProcessId":46494,"SourceIp":"10.20.10.19","SourcePort":51815,"DestinationIp":"20.190.128.10","DestinationPort":80,"DestinationHostname":"slack.com","Protocol":"tcp"}}
{"tenant_id":"default","source":"sysmon","timestamp":"2026-07-03T00:15:29.631Z","event":{"EventID":1,"Computer":"WKSTN-1251.aegiscorp.local","User":"AEGISCORP\\mmendes","Image":"C:\\Windows\\System32\\svchost.exe","CommandLine":"C:\\Windows\\System32\\svchost.exe -k netsvcs -p","ParentImage":"C:\\Program Files\\Microsoft Office\\root\\Office16\\EXCEL.EXE","ParentCommandLine":"C:\\Program Files\\Microsoft Office\\root\\Office16\\EXCEL.EXE","ProcessId":54312,"ParentProcessId":538,"IntegrityLevel":"Medium","Hashes":"SHA256=736ae7c447548e981dde309d3aa0434f932a3d36c322ce61396dca5015f8a401","CurrentDirectory":"C:\\Users\\mmendes\\"}}
{"tenant_id":"default","source":"sysmon","timestamp":"2026-07-03T02:35:59.698Z","event":{"EventID":11,"Computer":"WKSTN-1157.aegiscorp.local","User":"AEGISCORP\\orossi","Image":"C:\\Windows\\explorer.exe","ProcessId":22789,"TargetFilename":"C:\\Users\\orossi\\Documents\\report.xlsx","CreationUtcTime":"2026-07-03T02:35:59.698Z"}}
{"tenant_id":"default","source":"sysmon","timestamp":"2026-07-03T02:50:25.681Z","event":{"EventID":1,"Computer":"WKSTN-1108.aegiscorp.local","User":"AEGISCORP\\zwallace","Image":"C:\\Windows\\System32\\svchost.exe","CommandLine":"C:\\Windows\\System32\\svchost.exe -k netsvcs -p","ParentImage":"C:\\Windows\\System32\\svchost.exe","ParentCommandLine":"C:\\Windows\\System32\\svchost.exe","ProcessId":25482,"ParentProcessId":910,"IntegrityLevel":"Medium","Hashes":"SHA256=44f3cfe921030aa83b78842e9fac8db90f6b0d244f9ccf0fced252babc41915e","CurrentDirectory":"C:\\Users\\zwallace\\"}}
{"tenant_id":"default","source":"sysmon","timestamp":"2026-07-03T05:39:26.295Z","event":{"EventID":11,"Computer":"WKSTN-1196.aegiscorp.local","User":"AEGISCORP\\vlund2","Image":"C:\\Program Files\\Microsoft Office\\root\\Office16\\WINWORD.EXE","ProcessId":20210,"TargetFilename":"C:\\Users\\vlund2\\Documents\\notes.docx","CreationUtcTime":"2026-07-03T05:39:26.295Z"}}
{"tenant_id":"default","source":"sysmon","timestamp":"2026-07-03T06:22:28.057Z","event":{"EventID":1,"Computer":"WKSTN-1109.aegiscorp.local","User":"AEGISCORP\\jgrant","Image":"C:\\Program","CommandLine":"C:\\Program Files\\Google\\Chrome\\Application\\chrome.exe --type=renderer","ParentImage":"C:\\Windows\\System32\\taskeng.exe","ParentCommandLine":"C:\\Windows\\System32\\taskeng.exe","ProcessId":10375,"ParentProcessId":960,"IntegrityLevel":"Medium","Hashes":"SHA256=eaa57afdd4aceca0a9ce64b2eafaaadc7a3ada78d6ff630ee17dba9b8febc0cf","CurrentDirectory":"C:\\Users\\jgrant\\"}}
{"tenant_id":"default","source":"sysmon","timestamp":"2026-07-03T06:49:19.365Z","event":{"EventID":13,"Computer":"WKSTN-1169.aegiscorp.local","User":"AEGISCORP\\jmendes","Image":"C:\\Windows\\System32\\svchost.exe","ProcessId":27495,"TargetObject":"HKLM\\SYSTEM\\CurrentControlSet\\Services\\Tcpip\\Parameters","EventType":"SetValue","Details":"DWORD (0x00000001)"}}
{"tenant_id":"default","source":"sysmon","timestamp":"2026-07-03T07:44:08.903Z","event":{"EventID":1,"Computer":"WKSTN-1128.aegiscorp.local","User":"AEGISCORP\\enakamura","Image":"C:\\Windows\\System32\\svchost.exe","CommandLine":"C:\\Windows\\System32\\svchost.exe -k netsvcs -p","ParentImage":"C:\\Program Files\\Microsoft Office\\root\\Office16\\WINWORD.EXE","ParentCommandLine":"C:\\Program Files\\Microsoft Office\\root\\Office16\\WINWORD.EXE","ProcessId":5852,"ParentProcessId":725,"IntegrityLevel":"Medium","Hashes":"SHA256=95e539a2958bbb7bbfe079c6af38a0c013b9befceabbb894cbe74233bb0afefb","CurrentDirectory":"C:\\Users\\enakamura\\"}}
{"tenant_id":"default","source":"sysmon","timestamp":"2026-07-03T08:57:01.610Z","event":{"EventID":1,"Computer":"WKSTN-1102.aegiscorp.local","User":"AEGISCORP\\ckowalski","Image":"C:\\Program","CommandLine":"C:\\Program Files\\Google\\Chrome\\Application\\chrome.exe --type=renderer","ParentImage":"C:\\Windows\\System32\\svchost.exe","ParentCommandLine":"C:\\Windows\\System32\\svchost.exe","ProcessId":8898,"ParentProcessId":954,"IntegrityLevel":"Medium","Hashes":"SHA256=1e42ea6f6bbd57670cbb5cfa393c9c1e8fda9f74f9dda0eadcbfe2f83faab17e","CurrentDirectory":"C:\\Users\\ckowalski\\"}}
{"tenant_id":"default","source":"sysmon","timestamp":"2026-07-03T09:07:43.493Z","event":{"EventID":3,"Computer":"WKSTN-1147.aegiscorp.local","User":"AEGISCORP\\jyamamoto","Image":"outlook.exe","ProcessId":34660,"SourceIp":"10.20.10.57","SourcePort":54282,"DestinationIp":"52.96.10.4","DestinationPort":443,"DestinationHostname":"outlook.office365.com","Protocol":"tcp"}}
{"tenant_id":"default","source":"sysmon","timestamp":"2026-07-03T10:00:57.769Z","event":{"EventID":1,"Computer":"WKSTN-1286.aegiscorp.local","User":"AEGISCORP\\psilva","Image":"C:\\Program","CommandLine":"C:\\Program Files\\Microsoft Office\\root\\Office16\\OUTLOOK.EXE /recycle","ParentImage":"C:\\Program Files\\Microsoft Office\\root\\Office16\\WINWORD.EXE","ParentCommandLine":"C:\\Program Files\\Microsoft Office\\root\\Office16\\WINWORD.EXE","ProcessId":45454,"ParentProcessId":720,"IntegrityLevel":"Medium","Hashes":"SHA256=7ac32e79b0ddf935dc7fc9f7667d2dc16c42b0f6efc3abac00f8a4bad5f127ae","CurrentDirectory":"C:\\Users\\psilva\\"}}
{"tenant_id":"default","source":"sysmon","timestamp":"2026-07-03T10:10:59.599Z","event":{"EventID":11,"Computer":"WKSTN-1227.aegiscorp.local","User":"AEGISCORP\\isuzuki2","Image":"C:\\Program Files\\Microsoft Office\\root\\Office16\\EXCEL.EXE","ProcessId":1726,"TargetFilename":"C:\\Users\\isuzuki2\\Documents\\meeting_minutes.pdf","CreationUtcTime":"2026-07-03T10:10:59.599Z"}}
{"tenant_id":"default","source":"sysmon","timestamp":"2026-07-03T10:31:37.365Z","event":{"EventID":11,"Computer":"WKSTN-1204.aegiscorp.local","User":"AEGISCORP\\jahmed","Image":"C:\\Program Files\\Microsoft Office\\root\\Office16\\OUTLOOK.EXE","ProcessId":33642,"TargetFilename":"C:\\Users\\jahmed\\Documents\\backup.zip","CreationUtcTime":"2026-07-03T10:31:37.365Z"}}
{"tenant_id":"default","source":"sysmon","timestamp":"2026-07-03T14:19:09.726Z","event":{"EventID":3,"Computer":"WKSTN-1179.aegiscorp.local","User":"AEGISCORP\\malvarez","Image":"chrome.exe","ProcessId":35166,"SourceIp":"10.20.20.39","SourcePort":49373,"DestinationIp":"142.250.72.4","DestinationPort":443,"DestinationHostname":"update.microsoft.com","Protocol":"tcp"}}
{"tenant_id":"default","source":"sysmon","timestamp":"2026-07-03T14:25:18.476Z","event":{"EventID":11,"Computer":"WKSTN-1227.aegiscorp.local","User":"AEGISCORP\\isuzuki2","Image":"C:\\Windows\\System32\\taskeng.exe","ProcessId":4584,"TargetFilename":"C:\\Users\\isuzuki2\\Documents\\meeting_minutes.pdf","CreationUtcTime":"2026-07-03T14:25:18.476Z"}}
{"tenant_id":"default","source":"sysmon","timestamp":"2026-07-03T14:36:17.170Z","event":{"EventID":11,"Computer":"WKSTN-1252.aegiscorp.local","User":"AEGISCORP\\mdubois","Image":"C:\\Program Files\\Google\\Chrome\\Application\\chrome.exe","ProcessId":12049,"TargetFilename":"C:\\Users\\mdubois\\Documents\\budget.pptx","CreationUtcTime":"2026-07-03T14:36:17.170Z"}}
{"tenant_id":"default","source":"sysmon","timestamp":"2026-07-03T17:50:34.294Z","event":{"EventID":11,"Computer":"WKSTN-1167.aegiscorp.local","User":"AEGISCORP\\rfischer","Image":"C:\\Program Files\\Mozilla Firefox\\firefox.exe","ProcessId":16169,"TargetFilename":"C:\\Users\\rfischer\\Documents\\meeting_minutes.pdf","CreationUtcTime":"2026-07-03T17:50:34.294Z"}}
{"tenant_id":"default","source":"sysmon","timestamp":"2026-07-03T18:05:06.922Z","event":{"EventID":1,"Computer":"WKSTN-1133.aegiscorp.local","User":"AEGISCORP\\pnakamura","Image":"C:\\Windows\\System32\\SearchProtocolHost.exe","CommandLine":"C:\\Windows\\System32\\SearchProtocolHost.exe Global\\UsGthrFltPipeMssGthrPipe1","ParentImage":"C:\\Windows\\System32\\cmd.exe","ParentCommandLine":"C:\\Windows\\System32\\cmd.exe","ProcessId":55758,"ParentProcessId":723,"IntegrityLevel":"Medium","Hashes":"SHA256=db3c0e3ffae85faaadb27fd54fd8dbbbfffda8a99d2696b3a0c134e458ba6b45","CurrentDirectory":"C:\\Users\\pnakamura\\"}}
{"tenant_id":"default","source":"sysmon","timestamp":"2026-07-03T18:19:06.794Z","event":{"EventID":1,"Computer":"SRV-JMP01.aegiscorp.local","User":"AEGISCORP\\jtorres","Image":"C:\\Program","CommandLine":"C:\\Program Files\\Google\\Chrome\\Application\\chrome.exe --type=renderer","ParentImage":"C:\\Windows\\System32\\taskeng.exe","ParentCommandLine":"C:\\Windows\\System32\\taskeng.exe","ProcessId":26571,"ParentProcessId":550,"IntegrityLevel":"Medium","Hashes":"SHA256=a38c08edb8d92fd3d92ff903aacd9a2eb506deaa1f43fddcaedffe6bc302fda6","CurrentDirectory":"C:\\Users\\jtorres\\"}}
{"tenant_id":"default","source":"sysmon","timestamp":"2026-07-03T18:45:02.407Z","event":{"EventID":1,"Computer":"WKSTN-1153.aegiscorp.local","User":"AEGISCORP\\kalvarez","Image":"C:\\Windows\\System32\\dllhost.exe","CommandLine":"C:\\Windows\\System32\\dllhost.exe /Processid:{guid}","ParentImage":"C:\\Program Files\\Microsoft Office\\root\\Office16\\OUTLOOK.EXE","ParentCommandLine":"C:\\Program Files\\Microsoft Office\\root\\Office16\\OUTLOOK.EXE","ProcessId":36921,"ParentProcessId":740,"IntegrityLevel":"Medium","Hashes":"SHA256=85866ed56445dfbf6b943e1cb307be5df2cdcd7ffeecd93884667aad1ac71284","CurrentDirectory":"C:\\Users\\kalvarez\\"}}
{"tenant_id":"default","source":"sysmon","timestamp":"2026-07-03T23:02:37.288Z","event":{"EventID":3,"Computer":"WKSTN-1248.aegiscorp.local","User":"AEGISCORP\\ahoffman2","Image":"firefox.exe","ProcessId":11223,"SourceIp":"10.20.30.58","SourcePort":57427,"DestinationIp":"104.16.85.20","DestinationPort":80,"DestinationHostname":"s3.amazonaws.com","Protocol":"tcp"}}
{"tenant_id":"default","source":"sysmon","timestamp":"2026-07-03T23:17:10.068Z","event":{"EventID":3,"Computer":"WKSTN-1111.aegiscorp.local","User":"AEGISCORP\\yosei","Image":"chrome.exe","ProcessId":27226,"SourceIp":"10.20.10.21","SourcePort":49410,"DestinationIp":"20.190.128.10","DestinationPort":80,"DestinationHostname":"zoom.us","Protocol":"tcp"}}
{"tenant_id":"default","source":"sysmon","timestamp":"2026-07-04T01:55:55.537Z","event":{"EventID":1,"Computer":"WKSTN-1170.aegiscorp.local","User":"AEGISCORP\\tokafor","Image":"C:\\Program","CommandLine":"C:\\Program Files\\Microsoft Office\\root\\Office16\\OUTLOOK.EXE /recycle","ParentImage":"C:\\Windows\\System32\\taskeng.exe","ParentCommandLine":"C:\\Windows\\System32\\taskeng.exe","ProcessId":51740,"ParentProcessId":601,"IntegrityLevel":"Medium","Hashes":"SHA256=6f8c08a592c85ab046cbf9dca45600e965e4a51a6b66fe8ef97bc9486cb04dbc","CurrentDirectory":"C:\\Users\\tokafor\\"}}
{"tenant_id":"default","source":"sysmon","timestamp":"2026-07-04T02:29:46.974Z","event":{"EventID":3,"Computer":"WKSTN-1110.aegiscorp.local","User":"AEGISCORP\\bwallace","Image":"firefox.exe","ProcessId":25185,"SourceIp":"10.20.10.20","SourcePort":53226,"DestinationIp":"8.8.8.8","DestinationPort":80,"DestinationHostname":"outlook.office365.com","Protocol":"tcp"}}
{"tenant_id":"default","source":"sysmon","timestamp":"2026-07-04T03:56:01.507Z","event":{"EventID":11,"Computer":"WKSTN-1261.aegiscorp.local","User":"AEGISCORP\\clund","Image":"C:\\Windows\\System32\\WindowsPowerShell\\v1.0\\powershell.exe","ProcessId":34655,"TargetFilename":"C:\\Users\\clund\\Documents\\budget.pptx","CreationUtcTime":"2026-07-04T03:56:01.507Z"}}
{"tenant_id":"default","source":"sysmon","timestamp":"2026-07-04T04:21:21.973Z","event":{"EventID":1,"Computer":"WKSTN-1152.aegiscorp.local","User":"AEGISCORP\\lkhan","Image":"C:\\Windows\\System32\\SearchProtocolHost.exe","CommandLine":"C:\\Windows\\System32\\SearchProtocolHost.exe Global\\UsGthrFltPipeMssGthrPipe1","ParentImage":"C:\\Program Files\\Mozilla Firefox\\firefox.exe","ParentCommandLine":"C:\\Program Files\\Mozilla Firefox\\firefox.exe","ProcessId":40159,"ParentProcessId":649,"IntegrityLevel":"Medium","Hashes":"SHA256=d57564da1af6a356bface9eebddf26f44fcaccbed3a3fbaeb283fb04b91e419c","CurrentDirectory":"C:\\Users\\lkhan\\"}}
{"tenant_id":"default","source":"sysmon","timestamp":"2026-07-04T07:36:02.821Z","event":{"EventID":1,"Computer":"WKSTN-1177.aegiscorp.local","User":"AEGISCORP\\rcosta","Image":"C:\\Windows\\System32\\dllhost.exe","CommandLine":"C:\\Windows\\System32\\dllhost.exe /Processid:{guid}","ParentImage":"C:\\Program Files\\Microsoft Office\\root\\Office16\\OUTLOOK.EXE","ParentCommandLine":"C:\\Program Files\\Microsoft Office\\root\\Office16\\OUTLOOK.EXE","ProcessId":61681,"ParentProcessId":764,"IntegrityLevel":"Medium","Hashes":"SHA256=bbd77bc0ddda19f8ebf97d5d8aee8a3865454d9ce5dd450acde84ceaaeef9c78","CurrentDirectory":"C:\\Users\\rcosta\\"}}
{"tenant_id":"default","source":"sysmon","timestamp":"2026-07-04T07:46:47.558Z","event":{"EventID":11,"Computer":"WKSTN-1240.aegiscorp.local","User":"AEGISCORP\\khaddad","Image":"C:\\Windows\\System32\\taskeng.exe","ProcessId":37351,"TargetFilename":"C:\\Users\\khaddad\\Documents\\budget.pptx","CreationUtcTime":"2026-07-04T07:46:47.558Z"}}
{"tenant_id":"default","source":"sysmon","timestamp":"2026-07-04T08:16:42.916Z","event":{"EventID":3,"Computer":"WKSTN-1121.aegiscorp.local","User":"AEGISCORP\\rtorres","Image":"teams.exe","ProcessId":58279,"SourceIp":"10.20.10.31","SourcePort":64187,"DestinationIp":"151.101.1.140","DestinationPort":443,"DestinationHostname":"github.com","Protocol":"tcp"}}
{"tenant_id":"default","source":"sysmon","timestamp":"2026-07-04T10:08:12.796Z","event":{"EventID":13,"Computer":"WKSTN-1242.aegiscorp.local","User":"AEGISCORP\\nwallace","Image":"C:\\Windows\\System32\\svchost.exe","ProcessId":41676,"TargetObject":"HKLM\\SYSTEM\\CurrentControlSet\\Services\\Tcpip\\Parameters","EventType":"SetValue","Details":"DWORD (0x00000001)"}}
{"tenant_id":"default","source":"sysmon","timestamp":"2026-07-04T10:29:11.800Z","event":{"EventID":13,"Computer":"WKSTN-1204.aegiscorp.local","User":"AEGISCORP\\jahmed","Image":"C:\\Windows\\System32\\svchost.exe","ProcessId":57944,"TargetObject":"HKLM\\SYSTEM\\CurrentControlSet\\Services\\Tcpip\\Parameters","EventType":"SetValue","Details":"DWORD (0x00000001)"}}
{"tenant_id":"default","source":"sysmon","timestamp":"2026-07-04T11:11:38.370Z","event":{"EventID":3,"Computer":"WKSTN-1144.aegiscorp.local","User":"AEGISCORP\\ksilva","Image":"outlook.exe","ProcessId":20329,"SourceIp":"10.20.10.54","SourcePort":57835,"DestinationIp":"13.107.42.14","DestinationPort":80,"DestinationHostname":"www.google.com","Protocol":"tcp"}}
{"tenant_id":"default","source":"sysmon","timestamp":"2026-07-04T12:59:47.837Z","event":{"EventID":1,"Computer":"WKSTN-1158.aegiscorp.local","User":"AEGISCORP\\tzhang","Image":"C:\\Windows\\System32\\SearchProtocolHost.exe","CommandLine":"C:\\Windows\\System32\\SearchProtocolHost.exe Global\\UsGthrFltPipeMssGthrPipe1","ParentImage":"C:\\Program Files\\Microsoft Office\\root\\Office16\\EXCEL.EXE","ParentCommandLine":"C:\\Program Files\\Microsoft Office\\root\\Office16\\EXCEL.EXE","ProcessId":42135,"ParentProcessId":727,"IntegrityLevel":"Medium","Hashes":"SHA256=a3f92e1b3676adcedf3104f7c0bbfad162aaa4abb8abe83e93116882f47453a4","CurrentDirectory":"C:\\Users\\tzhang\\"}}
{"tenant_id":"default","source":"sysmon","timestamp":"2026-07-04T13:09:07.392Z","event":{"EventID":1,"Computer":"WKSTN-1252.aegiscorp.local","User":"AEGISCORP\\mdubois","Image":"C:\\Program","CommandLine":"C:\\Program Files\\Google\\Chrome\\Application\\chrome.exe --type=renderer","ParentImage":"C:\\Program Files\\Google\\Chrome\\Application\\chrome.exe","ParentCommandLine":"C:\\Program Files\\Google\\Chrome\\Application\\chrome.exe","ProcessId":50173,"ParentProcessId":721,"IntegrityLevel":"Medium","Hashes":"SHA256=d9c57fad4b8696a4eaebed2a76eb85c86b74d6d2d6ee5e100dde8ed4875ca4af","CurrentDirectory":"C:\\Users\\mdubois\\"}}
{"tenant_id":"default","source":"sysmon","timestamp":"2026-07-04T13:53:29.593Z","event":{"EventID":13,"Computer":"WKSTN-1212.aegiscorp.local","User":"AEGISCORP\\cnguyen","Image":"C:\\Windows\\System32\\svchost.exe","ProcessId":14838,"TargetObject":"HKLM\\SYSTEM\\CurrentControlSet\\Services\\Tcpip\\Parameters","EventType":"SetValue","Details":"DWORD (0x00000001)"}}
