{"tenant_id":"default","source":"sysmon","timestamp":"2026-07-04T15:12:29.931Z","event":{"EventID":3,"Computer":"WKSTN-1132.aegiscorp.local","User":"AEGISCORP\\aosei","Image":"outlook.exe","ProcessId":49881,"SourceIp":"10.20.10.42","SourcePort":53206,"DestinationIp":"104.16.85.20","DestinationPort":80,"DestinationHostname":"www.salesforce.com","Protocol":"tcp"}}
{"tenant_id":"default","source":"sysmon","timestamp":"2026-07-04T15:42:53.196Z","event":{"EventID":11,"Computer":"WKSTN-1160.aegiscorp.local","User":"AEGISCORP\\rokafor2","Image":"C:\\Program Files\\Microsoft Office\\root\\Office16\\WINWORD.EXE","ProcessId":9356,"TargetFilename":"C:\\Users\\rokafor2\\Documents\\meeting_minutes.pdf","CreationUtcTime":"2026-07-04T15:42:53.196Z"}}
{"tenant_id":"default","source":"sysmon","timestamp":"2026-07-04T16:32:33.278Z","event":{"EventID":3,"Computer":"WKSTN-1299.aegiscorp.local","User":"AEGISCORP\\znakamura2","Image":"outlook.exe","ProcessId":39747,"SourceIp":"10.20.40.59","SourcePort":63965,"DestinationIp":"8.8.8.8","DestinationPort":443,"DestinationHostname":"slack.com","Protocol":"tcp"}}
{"tenant_id":"default","source":"sysmon","timestamp":"2026-07-04T18:57:43.493Z","event":{"EventID":1,"Computer":"WKSTN-1207.aegiscorp.local","User":"AEGISCORP\\rlindqvist","Image":"C:\\Windows\\System32\\svchost.exe","CommandLine":"C:\\Windows\\System32\\svchost.exe -k netsvcs -p","ParentImage":"C:\\Windows\\System32\\taskeng.exe","ParentCommandLine":"C:\\Windows\\System32\\taskeng.exe","ProcessId":49648,"ParentProcessId":751,"IntegrityLevel":"Medium","Hashes":"SHA256=88ca2e2bc12c1d0edbcdcee90587ef10e00fa7efbfcc2fb88dcfa09b3576fcf6","CurrentDirectory":"C:\\Users\\rlindqvist\\"}}
{"tenant_id":"default","source":"sysmon","timestamp":"2026-07-04T19:33:22.456Z","event":{"EventID":1,"Computer":"WKSTN-1243.aegiscorp.local","User":"AEGISCORP\\sahmed","Image":"C:\\Windows\\System32\\notepad.exe","CommandLine":"C:\\Windows\\System32\\notepad.exe C:\\Users\\sahmed\\Documents\\notes.txt","ParentImage":"C:\\Program Files\\Microsoft Office\\root\\Office16\\EXCEL.EXE","ParentCommandLine":"C:\\Program Files\\Microsoft Office\\root\\Office16\\EXCEL.EXE","ProcessId":48811,"ParentProcessId":569,"IntegrityLevel":"Medium","Hashes":"SHA256=fbfd07cbccf0c72ddfa8fbbe3158e9da54bfad0fb3fd180500a1d7d7962daacd","CurrentDirectory":"C:\\Users\\sahmed\\"}}
{"tenant_id":"default","source":"sysmon","timestamp":"2026-07-04T19:40:51.075Z","event":{"EventID":3,"Computer":"WKSTN-1211.aegiscorp.local","User":"AEGISCORP\\bkim","Image":"firefox.exe","ProcessId":28961,"SourceIp":"10.20.30.21","SourcePort":62761,"DestinationIp":"20.190.128.10","DestinationPort":443,"DestinationHostname":"github.com","Protocol":"tcp"}}
{"tenant_id":"default","source":"sysmon","timestamp":"2026-07-04T20:24:15.732Z","event":{"EventID":3,"Computer":"WKSTN-1263.aegiscorp.local","User":"AEGISCORP\\pkim","Image":"outlook.exe","ProcessId":60484,"SourceIp":"10.20.40.23","SourcePort":63189,"DestinationIp":"13.107.42.14","DestinationPort":443,"DestinationHostname":"login.microsoftonline.com","Protocol":"tcp"}}
{"tenant_id":"default","source":"sysmon","timestamp":"2026-07-04T21:36:24.781Z","event":{"EventID":11,"Computer":"WKSTN-1146.aegiscorp.local","User":"AEGISCORP\\tlindqvist2","Image":"C:\\Program Files\\Microsoft Office\\root\\Office16\\EXCEL.EXE","ProcessId":14955,"TargetFilename":"C:\\Users\\tlindqvist2\\Documents\\report.xlsx","CreationUtcTime":"2026-07-04T21:36:24.781Z"}}
{"tenant_id":"default","source":"sysmon","timestamp":"2026-07-04T21:50:12.796Z","event":{"EventID":11,"Computer":"WKSTN-1160.aegiscorp.local","User":"AEGISCORP\\rokafor2","Image":"C:\\Windows\\System32\\cmd.exe","ProcessId":15978,"TargetFilename":"C:\\Users\\rokafor2\\Documents\\backup.zip","CreationUtcTime":"2026-07-04T21:50:12.796Z"}}
{"tenant_id":"default","source":"sysmon","timestamp":"2026-07-04T22:50:22.309Z","event":{"EventID":3,"Computer":"WKSTN-1158.aegiscorp.local","User":"AEGISCORP\\tzhang","Image":"firefox.exe","ProcessId":33294,"SourceIp":"10.20.20.18","SourcePort":54759,"DestinationIp":"34.194.23.11","DestinationPort":80,"DestinationHostname":"www.google.com","Protocol":"tcp"}}
{"tenant_id":"default","source":"sysmon","timestamp":"2026-07-05T00:38:41.298Z","event":{"EventID":1,"Computer":"WKSTN-1215.aegiscorp.local","User":"AEGISCORP\\tkim","Image":"C:\\Program","CommandLine":"C:\\Program Files\\Microsoft Office\\root\\Office16\\OUTLOOK.EXE /recycle","ParentImage":"C:\\Program Files\\Mozilla Firefox\\firefox.exe","ParentCommandLine":"C:\\Program Files\\Mozilla Firefox\\firefox.exe","ProcessId":24545,"ParentProcessId":712,"IntegrityLevel":"Medium","Hashes":"SHA256=cdbfcbd10eed08b75ccbe4cdf0ae7eb14c2ef100b3ae0beda094dfaeb4ca5abb","CurrentDirectory":"C:\\Users\\tkim\\"}}
{"tenant_id":"default","source":"sysmon","timestamp":"2026-07-05T02:54:01.170Z","event":{"EventID":3,"Computer":"WKSTN-1261.aegiscorp.local","User":"AEGISCORP\\clund","Image":"outlook.exe","ProcessId":26233,"SourceIp":"10.20.40.21","SourcePort":63799,"DestinationIp":"151.101.1.140","DestinationPort":443,"DestinationHostname":"docs.google.com","Protocol":"tcp"}}
{"tenant_id":"default","source":"sysmon","timestamp":"2026-07-05T06:07:29.138Z","event":{"EventID":1,"Computer":"WKSTN-1163.aegiscorp.local","User":"AEGISCORP\\swallace2","Image":"C:\\Program","CommandLine":"C:\\Program Files\\Microsoft Office\\root\\Office16\\OUTLOOK.EXE /recycle","ParentImage":"C:\\Program Files\\Microsoft Office\\root\\Office16\\OUTLOOK.EXE","ParentCommandLine":"C:\\Program Files\\Microsoft Office\\root\\Office16\\OUTLOOK.EXE","ProcessId":11289,"ParentProcessId":852,"IntegrityLevel":"Medium","Hashes":"SHA256=b3d31f3ceffbeecab2d7e09e5e2ac558260b075d4c81abb85a141c674003fcca","CurrentDirectory":"C:\\Users\\swallace2\\"}}
{"tenant_id":"default","source":"sysmon","timestamp":"2026-07-05T06:13:25.395Z","event":{"EventID":1,"Computer":"WKSTN-1115.aegiscorp.local","User":"AEGISCORP\\cfischer","Image":"C:\\Program","CommandLine":"C:\\Program Files\\Google\\Chrome\\Application\\chrome.exe --type=renderer","ParentImage":"C:\\Windows\\System32\\cmd.exe","ParentCommandLine":"C:\\Windows\\System32\\cmd.exe","ProcessId":43154,"ParentProcessId":790,"IntegrityLevel":"Medium","Hashes":"SHA256=a833d54bfd4a3e4acbfdb092ccdae031c747201d1cad0ca4da79d9a9dca51bdc","CurrentDirectory":"C:\\Users\\cfischer\\"}}
{"tenant_id":"default","source":"sysmon","timestamp":"2026-07-05T06:29:02.095Z","event":{"EventID":11,"Computer":"WKSTN-1139.aegiscorp.local","User":"AEGISCORP\\mbaker","Image":"C:\\Program Files\\Mozilla Firefox\\firefox.exe","ProcessId":16460,"TargetFilename":"C:\\Users\\mbaker\\Documents\\meeting_minutes.pdf","CreationUtcTime":"2026-07-05T06:29:02.095Z"}}
{"tenant_id":"default","source":"sysmon","timestamp":"2026-07-05T08:30:07.772Z","event":{"EventID":3,"Computer":"WKSTN-1196.aegiscorp.local","User":"AEGISCORP\\vlund2","Image":"chrome.exe","ProcessId":37786,"SourceIp":"10.20.50.26","SourcePort":49336,"DestinationIp":"34.194.23.11","DestinationPort":443,"DestinationHostname":"zoom.us","Protocol":"tcp"}}
{"tenant_id":"default","source":"sysmon","timestamp":"2026-07-05T09:02:46.303Z","event":{"EventID":1,"Computer":"WKSTN-1124.aegiscorp.local","User":"AEGISCORP\\tnovak","Image":"C:\\Windows\\System32\\svchost.exe","CommandLine":"C:\\Windows\\System32\\svchost.exe -k netsvcs -p","ParentImage":"C:\\Program Files\\Microsoft Office\\root\\Office16\\OUTLOOK.EXE","ParentCommandLine":"C:\\Program Files\\Microsoft Office\\root\\Office16\\OUTLOOK.EXE","ProcessId":63683,"ParentProcessId":699,"IntegrityLevel":"Medium","Hashes":"SHA256=f3fcba3aaaf2effa8134dca12fbbc4d5615e8e2628cdbd845dffb03d2297f7da","CurrentDirectory":"C:\\Users\\tnovak\\"}}
{"tenant_id":"default","source":"sysmon","timestamp":"2026-07-05T10:38:50.730Z","event":{"EventID":1,"Computer":"WKSTN-1189.aegiscorp.local","User":"AEGISCORP\\djohnson","Image":"C:\\Windows\\System32\\dllhost.exe","CommandLine":"C:\\Windows\\System32\\dllhost.exe /Processid:{guid}","ParentImage":"C:\\Program Files\\Microsoft Office\\root\\Office16\\EXCEL.EXE","ParentCommandLine":"C:\\Program Files\\Microsoft Office\\root\\Office16\\EXCEL.EXE","ProcessId":62149,"ParentProcessId":969,"IntegrityLevel":"Medium","Hashes":"SHA256=89cabcca84fa0f5be255fc2e7dee8aabb57f7eea745bbcc9e61d82ebdaba08e6","CurrentDirectory":"C:\\Users\\djohnson\\"}}
{"tenant_id":"default","source":"sysmon","timestamp":"2026-07-05T10:43:18.760Z","event":{"EventID":11,"Computer":"WKSTN-1161.aegiscorp.local","User":"AEGISCORP\\ayamamoto2","Image":"C:\\Windows\\System32\\cmd.exe","ProcessId":56828,"TargetFilename":"C:\\Users\\ayamamoto2\\Documents\\report.xlsx","CreationUtcTime":"2026-07-05T10:43:18.760Z"}}
{"tenant_id":"default","source":"sysmon","timestamp":"2026-07-05T11:36:30.461Z","event":{"EventID":11,"Computer":"WKSTN-1248.aegiscorp.local","User":"AEGISCORP\\ahoffman2","Image":"C:\\Windows\\System32\\cmd.exe","ProcessId":43050,"TargetFilename":"C:\\Users\\ahoffman2\\Documents\\budget.pptx","CreationUtcTime":"2026-07-05T11:36:30.461Z"}}
{"tenant_id":"default","source":"sysmon","timestamp":"2026-07-05T13:20:58.746Z","event":{"EventID":1,"Computer":"WKSTN-1172.aegiscorp.local","User":"AEGISCORP\\iwallace","Image":"C:\\Windows\\System32\\SearchProtocolHost.exe","CommandLine":"C:\\Windows\\System32\\SearchProtocolHost.exe Global\\UsGthrFltPipeMssGthrPipe1","ParentImage":"C:\\Windows\\explorer.exe","ParentCommandLine":"C:\\Windows\\explorer.exe","ProcessId":37901,"ParentProcessId":836,"IntegrityLevel":"Medium","Hashes":"SHA256=41bfadf4fc6fe63b4f6befdd7a162dc89eea976dd2192c8fcc3267f6eb08f6b7","CurrentDirectory":"C:\\Users\\iwallace\\"}}
{"tenant_id":"default","source":"sysmon","timestamp":"2026-07-05T13:30:00.378Z","event":{"EventID":13,"Computer":"WKSTN-1109.aegiscorp.local","User":"AEGISCORP\\jgrant","Image":"C:\\Windows\\System32\\svchost.exe","ProcessId":24546,"TargetObject":"HKCU\\Software\\Microsoft\\Office\\16.0\\Common\\General","EventType":"SetValue","Details":"DWORD (0x00000001)"}}
{"tenant_id":"default","source":"sysmon","timestamp":"2026-07-05T16:59:57.339Z","event":{"EventID":1,"Computer":"WKSTN-1117.aegiscorp.local","User":"AEGISCORP\\ayamamoto","Image":"C:\\Windows\\System32\\conhost.exe","CommandLine":"C:\\Windows\\System32\\conhost.exe 0xffffffff -ForceV1","ParentImage":"C:\\Program Files\\Microsoft Office\\root\\Office16\\EXCEL.EXE","ParentCommandLine":"C:\\Program Files\\Microsoft Office\\root\\Office16\\EXCEL.EXE","ProcessId":53878,"ParentProcessId":679,"IntegrityLevel":"Medium","Hashes":"SHA256=3ac8a0ca8fcfacb7e5c8ac5c5f0af6e0fd8b8bc0eebe98fb38b0a1fe43f6c6e4","CurrentDirectory":"C:\\Users\\ayamamoto\\"}}
{"tenant_id":"default","source":"sysmon","timestamp":"2026-07-05T17:28:42.976Z","event":{"EventID":3,"Computer":"WKSTN-1243.aegiscorp.local","User":"AEGISCORP\\sahmed","Image":"firefox.exe","ProcessId":39309,"SourceIp":"10.20.30.53","SourcePort":53693,"DestinationIp":"142.250.72.4","DestinationPort":443,"DestinationHostname":"s3.amazonaws.com","Protocol":"tcp"}}
{"tenant_id":"default","source":"sysmon","timestamp":"2026-07-05T22:00:36.482Z","event":{"EventID":1,"Computer":"WKSTN-1258.aegiscorp.local","User":"AEGISCORP\\lbrooks","Image":"C:\\Program","CommandLine":"C:\\Program Files\\Google\\Chrome\\Application\\chrome.exe --type=renderer","ParentImage":"C:\\Windows\\System32\\taskeng.exe","ParentCommandLine":"C:\\Windows\\System32\\taskeng.exe","ProcessId":59218,"ParentProcessId":930,"IntegrityLevel":"Medium","Hashes":"SHA256=8cdb2cd6eebb9adfd8cfc4af8e3eb317b49ba7fc5db71dac808daa96f975a7b0","CurrentDirectory":"C:\\Users\\lbrooks\\"}}
{"tenant_id":"default","source":"sysmon","timestamp":"2026-07-05T23:20:25.354Z","event":{"EventID":3,"Computer":"WKSTN-1285.aegiscorp.local","User":"AEGISCORP\\cnakamura","Image":"firefox.exe","ProcessId":37183,"SourceIp":"10.20.40.45","SourcePort":55915,"DestinationIp":"142.250.72.4","DestinationPort":443,"DestinationHostname":"cdn.jsdelivr.net","Protocol":"tcp"}}
{"tenant_id":"default","source":"sysmon","timestamp":"2026-07-06T01:18:25.753Z","event":{"EventID":11,"Computer":"WKSTN-1229.aegiscorp.local","User":"AEGISCORP\\gbrooks2","Image":"C:\\Windows\\System32\\cmd.exe","ProcessId":28526,"TargetFilename":"C:\\Users\\gbrooks2\\Documents\\budget.pptx","CreationUtcTime":"2026-07-06T01:18:25.753Z"}}
{"tenant_id":"default","source":"sysmon","timestamp":"2026-07-06T01:58:03.918Z","event":{"EventID":1,"Computer":"WKSTN-1172.aegiscorp.local","User":"AEGISCORP\\iwallace","Image":"C:\\Windows\\System32\\notepad.exe","CommandLine":"C:\\Windows\\System32\\notepad.exe C:\\Users\\iwallace\\Documents\\notes.txt","ParentImage":"C:\\Program Files\\Google\\Chrome\\Application\\chrome.exe","ParentCommandLine":"C:\\Program Files\\Google\\Chrome\\Application\\chrome.exe","ProcessId":21403,"ParentProcessId":981,"IntegrityLevel":"Medium","Hashes":"SHA256=edd6d9ad2cfed72c7bbc36b0b8d87a4ae1b224a0edc9dae3afe6ef3b4a6be6ab","CurrentDirectory":"C:\\Users\\iwallace\\"}}
{"tenant_id":"default","source":"sysmon","timestamp":"2026-07-06T03:15:45.524Z","event":{"EventID":13,"Computer":"WKSTN-1289.aegiscorp.local","User":"AEGISCORP\\mcosta2","Image":"C:\\Windows\\System32\\svchost.exe","ProcessId":29637,"TargetObject":"HKCU\\Software\\Microsoft\\Office\\16.0\\Common\\General","EventType":"SetValue","Details":"DWORD (0x00000001)"}}
{"tenant_id":"default","source":"sysmon","timestamp":"2026-07-06T04:12:15.432Z","event":{"EventID":13,"Computer":"WKSTN-1225.aegiscorp.local","User":"AEGISCORP\\jzhang2","Image":"C:\\Windows\\System32\\svchost.exe","ProcessId":43962,"TargetObject":"HKCU\\Software\\Microsoft\\Windows\\CurrentVersion\\Run\\OneDriveSync","EventType":"SetValue","Details":"DWORD (0x00000001)"}}
{"tenant_id":"default","source":"sysmon","timestamp":"2026-07-06T04:22:29.615Z","event":{"EventID":11,"Computer":"WKSTN-1109.aegiscorp.local","User":"AEGISCORP\\jgrant","Image":"C:\\Program Files\\Google\\Chrome\\Application\\chrome.exe","ProcessId":27702,"TargetFilename":"C:\\Users\\jgrant\\Documents\\report.xlsx","CreationUtcTime":"2026-07-06T04:22:29.615Z"}}
{"tenant_id":"default","source":"sysmon","timestamp":"2026-07-06T08:57:00.153Z","event":{"EventID":1,"Computer":"WKSTN-1224.aegiscorp.local","User":"AEGISCORP\\jtorres2","Image":"C:\\Program","CommandLine":"C:\\Program Files\\Google\\Chrome\\Application\\chrome.exe --type=renderer","ParentImage":"C:\\Windows\\System32\\WindowsPowerShell\\v1.0\\powershell.exe","ParentCommandLine":"C:\\Windows\\System32\\WindowsPowerShell\\v1.0\\powershell.exe","ProcessId":57534,"ParentProcessId":504,"IntegrityLevel":"Medium","Hashes":"SHA256=a9c4e86006c6e28b0f2dbfcc0488a2fccafac403898a83b2175fc78d3ab9b3a0","CurrentDirectory":"C:\\Users\\jtorres2\\"}}
{"tenant_id":"default","source":"sysmon","timestamp":"2026-07-06T10:58:20.555Z","event":{"EventID":1,"Computer":"WKSTN-1124.aegiscorp.local","User":"AEGISCORP\\tnovak","Image":"C:\\Program","CommandLine":"C:\\Program Files\\Google\\Chrome\\Application\\chrome.exe --type=renderer","ParentImage":"C:\\Program Files\\Microsoft Office\\root\\Office16\\WINWORD.EXE","ParentCommandLine":"C:\\Program Files\\Microsoft Office\\root\\Office16\\WINWORD.EXE","ProcessId":26499,"ParentProcessId":860,"IntegrityLevel":"Medium","Hashes":"SHA256=9ba1b4f7bca6f77effb4f2cc61ba96dd5c98b050b917ce6e7b0f0ebda90371cd","CurrentDirectory":"C:\\Users\\tnovak\\"}}
{"tenant_id":"default","source":"sysmon","timestamp":"2026-07-06T11:09:50.390Z","event":{"EventID":11,"Computer":"WKSTN-1292.aegiscorp.local","User":"AEGISCORP\\pkhan","Image":"C:\\Program Files\\Microsoft Office\\root\\Office16\\EXCEL.EXE","ProcessId":8407,"TargetFilename":"C:\\Users\\pkhan\\Documents\\notes.docx","CreationUtcTime":"2026-07-06T11:09:50.390Z"}}
{"tenant_id":"default","source":"sysmon","timestamp":"2026-07-06T11:22:30.705Z","event":{"EventID":1,"Computer":"WKSTN-1156.aegiscorp.local","User":"AEGISCORP\\bmendes2","Image":"C:\\Program","CommandLine":"C:\\Program Files\\Microsoft Office\\root\\Office16\\OUTLOOK.EXE /recycle","ParentImage":"C:\\Windows\\explorer.exe","ParentCommandLine":"C:\\Windows\\explorer.exe","ProcessId":4165,"ParentProcessId":707,"IntegrityLevel":"Medium","Hashes":"SHA256=32ed17c4a8d2eec00a735c7b1efb77e6feac6d4e1da7b9fdccfe94b1cb84cfbf","CurrentDirectory":"C:\\Users\\bmendes2\\"}}
{"tenant_id":"default","source":"sysmon","timestamp":"2026-07-06T13:38:28.663Z","event":{"EventID":1,"Computer":"WKSTN-1195.aegiscorp.local","User":"AEGISCORP\\dkhan","Image":"C:\\Program","CommandLine":"C:\\Program Files\\Microsoft Office\\root\\Office16\\OUTLOOK.EXE /recycle","ParentImage":"C:\\Program Files\\Mozilla Firefox\\firefox.exe","ParentCommandLine":"C:\\Program Files\\Mozilla Firefox\\firefox.exe","ProcessId":14326,"ParentProcessId":957,"IntegrityLevel":"Medium","Hashes":"SHA256=a7d62e1bbd7cfbca0e7c5b7c28798dc8efbdfd4566e8cacccdccc95b0b674f1d","CurrentDirectory":"C:\\Users\\dkhan\\"}}
{"tenant_id":"default","source":"sysmon","timestamp":"2026-07-06T13:56:38.385Z","event":{"EventID":11,"Computer":"WKSTN-1218.aegiscorp.local","User":"AEGISCORP\\lmendes","Image":"C:\\Program Files\\Microsoft Office\\root\\Office16\\OUTLOOK.EXE","ProcessId":6987,"TargetFilename":"C:\\Users\\lmendes\\Documents\\notes.docx","CreationUtcTime":"2026-07-06T13:56:38.385Z"}}
{"tenant_id":"default","source":"sysmon","timestamp":"2026-07-06T14:17:09.055Z","event":{"EventID":1,"Computer":"WKSTN-1295.aegiscorp.local","User":"AEGISCORP\\kschmidt","Image":"C:\\Windows\\System32\\notepad.exe","CommandLine":"C:\\Windows\\System32\\notepad.exe C:\\Users\\kschmidt\\Documents\\notes.txt","ParentImage":"C:\\Windows\\System32\\taskeng.exe","ParentCommandLine":"C:\\Windows\\System32\\taskeng.exe","ProcessId":32154,"ParentProcessId":858,"IntegrityLevel":"Medium","Hashes":"SHA256=c1c8f8b643cb0fbe36670fe8cfbfdd20b0cc1b01ca8abf806ded4058a587c2c5","CurrentDirectory":"C:\\Users\\kschmidt\\"}}
{"tenant_id":"default","source":"sysmon","timestamp":"2026-07-06T14:19:07.608Z","event":{"EventID":11,"Computer":"WKSTN-1253.aegiscorp.local","User":"AEGISCORP\\vahmed","Image":"C:\\Windows\\System32\\WindowsPowerShell\\v1.0\\powershell.exe","ProcessId":18815,"TargetFilename":"C:\\Users\\vahmed\\Documents\\report.xlsx","CreationUtcTime":"2026-07-06T14:19:07.608Z"}}
{"tenant_id":"default","source":"sysmon","timestamp":"2026-07-06T16:17:12.434Z","event":{"EventID":3,"Computer":"WKSTN-1109.aegiscorp.local","User":"AEGISCORP\\jgrant","Image":"outlook.exe","ProcessId":34319,"SourceIp":"10.20.10.19","SourcePort":60669,"DestinationIp":"8.8.8.8","DestinationPort":80,"DestinationHostname":"outlook.office365.com","Protocol":"tcp"}}
{"tenant_id":"default","source":"sysmon","timestamp":"2026-07-06T17:41:41.009Z","event":{"EventID":3,"Computer":"WKSTN-1253.aegiscorp.local","User":"AEGISCORP\\vahmed","Image":"chrome.exe","ProcessId":28988,"SourceIp":"10.20.40.13","SourcePort":55887,"DestinationIp":"13.107.42.14","DestinationPort":443,"DestinationHostname":"api.stripe.com","Protocol":"tcp"}}
{"tenant_id":"default","source":"sysmon","timestamp":"2026-07-06T17:54:02.277Z","event":{"EventID":1,"Computer":"WKSTN-1255.aegiscorp.local","User":"AEGISCORP\\zhoffman","Image":"C:\\Windows\\System32\\conhost.exe","CommandLine":"C:\\Windows\\System32\\conhost.exe 0xffffffff -ForceV1","ParentImage":"C:\\Windows\\explorer.exe","ParentCommandLine":"C:\\Windows\\explorer.exe","ProcessId":58466,"ParentProcessId":585,"IntegrityLevel":"Medium","Hashes":"SHA256=8a6ef50ebd01972abacbe8ecdabaa9f3b77de764b4b24d40764bbdde0e08f453","CurrentDirectory":"C:\\Users\\zhoffman\\"}}
{"tenant_id":"default","source":"sysmon","timestamp":"2026-07-06T18:46:46.352Z","event":{"EventID":3,"Computer":"WKSTN-1233.aegiscorp.local","User":"AEGISCORP\\apetrov","Image":"outlook.exe","ProcessId":39365,"SourceIp":"10.20.30.43","SourcePort":57573,"DestinationIp":"104.16.85.20","DestinationPort":443,"DestinationHostname":"www.google.com","Protocol":"tcp"}}
{"tenant_id":"default","source":"sysmon","timestamp":"2026-07-06T20:40:46.473Z","event":{"EventID":11,"Computer":"WKSTN-1115.aegiscorp.local","User":"AEGISCORP\\cfischer","Image":"C:\\Windows\\System32\\svchost.exe","ProcessId":58657,"TargetFilename":"C:\\Users\\cfischer\\Documents\\notes.docx","CreationUtcTime":"2026-07-06T20:40:46.473Z"}}
{"tenant_id":"default","source":"sysmon","timestamp":"2026-07-07T01:10:37.416Z","event":{"EventID":11,"Computer":"WKSTN-1183.aegiscorp.local","User":"AEGISCORP\\mcosta","Image":"C:\\Program Files\\Mozilla Firefox\\firefox.exe","ProcessId":22880,"TargetFilename":"C:\\Users\\mcosta\\Documents\\notes.docx","CreationUtcTime":"2026-07-07T01:10:37.416Z"}}
{"tenant_id":"default","source":"sysmon","timestamp":"2026-07-07T01:47:53.744Z","event":{"EventID":1,"Computer":"WKSTN-1252.aegiscorp.local","User":"AEGISCORP\\mdubois","Image":"C:\\Windows\\System32\\conhost.exe","CommandLine":"C:\\Windows\\System32\\conhost.exe 0xffffffff -ForceV1","ParentImage":"C:\\Windows\\System32\\svchost.exe","ParentCommandLine":"C:\\Windows\\System32\\svchost.exe","ProcessId":4561,"ParentProcessId":502,"IntegrityLevel":"Medium","Hashes":"SHA256=ba1ba567eedb61fdd13abf13e71d8dcf98fb9c7338e3bcc873ccfca2e7cda5fa","CurrentDirectory":"C:\\Users\\mdubois\\"}}
{"tenant_id":"default","source":"sysmon","timestamp":"2026-07-07T02:00:20.743Z","event":{"EventID":1,"Computer":"WKSTN-1284.aegiscorp.local","User":"AEGISCORP\\storres","Image":"C:\\Program","CommandLine":"C:\\Program Files\\Microsoft Office\\root\\Office16\\OUTLOOK.EXE /recycle","ParentImage":"C:\\Program Files\\Mozilla Firefox\\firefox.exe","ParentCommandLine":"C:\\Program Files\\Mozilla Firefox\\firefox.exe","ProcessId":12696,"ParentProcessId":812,"IntegrityLevel":"Medium","Hashes":"SHA256=762eda3c1ef0ff5b5b791d3ce4ebb8e85ef63dc8e41fbfc4ef9a5d34fd6a9c27","CurrentDirectory":"C:\\Users\\storres\\"}}
{"tenant_id":"default","source":"sysmon","timestamp":"2026-07-07T02:18:13.516Z","event":{"EventID":1,"Computer":"WKSTN-1113.aegiscorp.local","User":"AEGISCORP\\ajohnson","Image":"C:\\Windows\\System32\\conhost.exe","CommandLine":"C:\\Windows\\System32\\conhost.exe 0xffffffff -ForceV1","ParentImage":"C:\\Program Files\\Microsoft Office\\root\\Office16\\WINWORD.EXE","ParentCommandLine":"C:\\Program Files\\Microsoft Office\\root\\Office16\\WINWORD.EXE","ProcessId":63889,"ParentProcessId":765,"IntegrityLevel":"Medium","Hashes":"SHA256=9cd7857aeacf1046d4edc8d087c7d5abf5beae24c4f2faf7c0b7e0bd4efaad1d","CurrentDirectory":"C:\\Users\\ajohnson\\"}}
{"tenant_id":"default","source":"sysmon","timestamp":"2026-07-07T03:39:44.676Z","event":{"EventID":1,"Computer":"WKSTN-1156.aegiscorp.local","User":"AEGISCORP\\bmendes2","Image":"C:\\Windows\\System32\\svchost.exe","CommandLine":"C:\\Windows\\System32\\svchost.exe -k netsvcs -p","ParentImage":"C:\\Program Files\\Mozilla Firefox\\firefox.exe","ParentCommandLine":"C:\\Program Files\\Mozilla Firefox\\firefox.exe","ProcessId":45049,"ParentProcessId":949,"IntegrityLevel":"Medium","Hashes":"SHA256=4baaf5ed8ba3f5fa5af4cbab0829d2362dacf2aba6ee3eaca5c721f05184610f","CurrentDirectory":"C:\\Users\\bmendes2\\"}}
{"tenant_id":"default","source":"sysmon","timestamp":"2026-07-07T03:55:02.155Z","event":{"EventID":1,"Computer":"WKSTN-1236.aegiscorp.local","User":"AEGISCORP\\lhaddad","Image":"C:\\Windows\\System32\\conhost.exe","CommandLine":"C:\\Windows\\System32\\conhost.exe 0xffffffff -ForceV1","ParentImage":"C:\\Windows\\System32\\svchost.exe","ParentCommandLine":"C:\\Windows\\System32\\svchost.exe","ProcessId":31220,"ParentProcessId":843,"IntegrityLevel":"Medium","Hashes":"SHA256=945c35feed60fef70aeecd16e8fee84033e4addda2bdc9c16050194e2c5acbde","CurrentDirectory":"C:\\Users\\lhaddad\\"}}
{"tenant_id":"default","source":"sysmon","timestamp":"2026-07-07T04:13:31.461Z","event":{"EventID":1,"Computer":"WKSTN-1286.aegiscorp.local","User":"AEGISCORP\\psilva","Image":"C:\\Windows\\System32\\conhost.exe","CommandLine":"C:\\Windows\\System32\\conhost.exe 0xffffffff -ForceV1","ParentImage":"C:\\Program Files\\Google\\Chrome\\Application\\chrome.exe","ParentCommandLine":"C:\\Program Files\\Google\\Chrome\\Application\\chrome.exe","ProcessId":24333,"ParentProcessId":852,"IntegrityLevel":"Medium","Hashes":"SHA256=ebf0f3b4256c03307fdcfb6128e684c4e1bdf1d4a18a212b93a0ed122effe3bd","CurrentDirectory":"C:\\Users\\psilva\\"}}
{"tenant_id":"default","source":"sysmon","timestamp":"2026-07-07T09:06:22.496Z","event":{"EventID":11,"Computer":"WKSTN-1244.aegiscorp.local","User":"AEGISCORP\\ebaker","Image":"C:\\Program Files\\Microsoft Office\\root\\Office16\\OUTLOOK.EXE","ProcessId":12186,"TargetFilename":"C:\\Users\\ebaker\\Documents\\notes.docx","CreationUtcTime":"2026-07-07T09:06:22.496Z"}}
{"tenant_id":"default","source":"sysmon","timestamp":"2026-07-07T09:43:10.165Z","event":{"EventID":1,"Computer":"WKSTN-1196.aegiscorp.local","User":"AEGISCORP\\vlund2","Image":"C:\\Windows\\System32\\conhost.exe","CommandLine":"C:\\Windows\\System32\\conhost.exe 0xffffffff -ForceV1","ParentImage":"C:\\Program Files\\Microsoft Office\\root\\Office16\\OUTLOOK.EXE","ParentCommandLine":"C:\\Program Files\\Microsoft Office\\root\\Office16\\OUTLOOK.EXE","ProcessId":14748,"ParentProcessId":792,"IntegrityLevel":"Medium","Hashes":"SHA256=1f38daeec48b8e740a58888bd33793fa966cc1d0a18bd8cc9edda240f9efdc9f","CurrentDirectory":"C:\\Users\\vlund2\\"}}
{"tenant_id":"default","source":"sysmon","timestamp":"2026-07-07T10:09:37.578Z","event":{"EventID":3,"Computer":"WKSTN-1269.aegiscorp.local","User":"AEGISCORP\\rokafor3","Image":"chrome.exe","ProcessId":23046,"SourceIp":"10.20.40.29","SourcePort":63404,"DestinationIp":"104.16.85.20","DestinationPort":443,"DestinationHostname":"outlook.office365.com","Protocol":"tcp"}}
{"tenant_id":"default","source":"sysmon","timestamp":"2026-07-07T10:41:37.703Z","event":{"EventID":13,"Computer":"WKSTN-1206.aegiscorp.local","User":"AEGISCORP\\gdubois","Image":"C:\\Windows\\System32\\svchost.exe","ProcessId":54030,"TargetObject":"HKCU\\Software\\Microsoft\\Windows\\CurrentVersion\\Run\\OneDriveSync","EventType":"SetValue","Details":"DWORD (0x00000001)"}}
{"tenant_id":"default","source":"sysmon","timestamp":"2026-07-07T11:19:52.669Z","event":{"EventID":1,"Computer":"WKSTN-1143.aegiscorp.local","User":"AEGISCORP\\jzhang","Image":"C:\\Windows\\System32\\SearchProtocolHost.exe","CommandLine":"C:\\Windows\\System32\\SearchProtocolHost.exe Global\\UsGthrFltPipeMssGthrPipe1","ParentImage":"C:\\Windows\\explorer.exe","ParentCommandLine":"C:\\Windows\\explorer.exe","ProcessId":14015,"ParentProcessId":995,"IntegrityLevel":"Medium","Hashes":"SHA256=bf73c15215b6a9f4b057b5212a3fbc6fbd4973e43d75598d5ab4eb7fc3bc04c9","CurrentDirectory":"C:\\Users\\jzhang\\"}}
{"tenant_id":"default","source":"sysmon","timestamp":"2026-07-07T12:09:18.497Z","event":{"EventID":1,"Computer":"WKSTN-1193.aegiscorp.local","User":"AEGISCORP\\jlarsen","Image":"C:\\Program","CommandLine":"C:\\Program Files\\Google\\Chrome\\Application\\chrome.exe --type=renderer","ParentImage":"C:\\Windows\\System32\\WindowsPowerShell\\v1.0\\powershell.exe","ParentCommandLine":"C:\\Windows\\System32\\WindowsPowerShell\\v1.0\\powershell.exe","ProcessId":52112,"ParentProcessId":981,"IntegrityLevel":"Medium","Hashes":"SHA256=64acefb0d3ae8fc22adcf101e43dce9ddf3a162e6fccb12dbcbc8fcf582f4440","CurrentDirectory":"C:\\Users\\jlarsen\\"}}
{"tenant_id":"default","source":"sysmon","timestamp":"2026-07-07T14:21:10.379Z","event":{"EventID":13,"Computer":"WKSTN-1194.aegiscorp.local","User":"AEGISCORP\\nlund","Image":"C:\\Windows\\System32\\svchost.exe","ProcessId":2423,"TargetObject":"HKCU\\Software\\Microsoft\\Office\\16.0\\Common\\General","EventType":"SetValue","Details":"DWORD (0x00000001)"}}
{"tenant_id":"default","source":"sysmon","timestamp":"2026-07-07T15:21:28.105Z","event":{"EventID":11,"Computer":"WKSTN-1142.aegiscorp.local","User":"AEGISCORP\\oyamamoto","Image":"C:\\Program Files\\Microsoft Office\\root\\Office16\\WINWORD.EXE","ProcessId":37534,"TargetFilename":"C:\\Users\\oyamamoto\\Documents\\backup.zip","CreationUtcTime":"2026-07-07T15:21:28.105Z"}}
{"tenant_id":"default","source":"sysmon","timestamp":"2026-07-07T15:44:57.584Z","event":{"EventID":13,"Computer":"WKSTN-1211.aegiscorp.local","User":"AEGISCORP\\bkim","Image":"C:\\Windows\\System32\\svchost.exe","ProcessId":41552,"TargetObject":"HKCU\\Software\\Microsoft\\Windows\\CurrentVersion\\Run\\OneDriveSync","EventType":"SetValue","Details":"DWORD (0x00000001)"}}
{"tenant_id":"default","source":"sysmon","timestamp":"2026-07-07T16:21:11.687Z","event":{"EventID":1,"Computer":"WKSTN-1179.aegiscorp.local","User":"AEGISCORP\\malvarez","Image":"C:\\Windows\\System32\\SearchProtocolHost.exe","CommandLine":"C:\\Windows\\System32\\SearchProtocolHost.exe Global\\UsGthrFltPipeMssGthrPipe1","ParentImage":"C:\\Windows\\explorer.exe","ParentCommandLine":"C:\\Windows\\explorer.exe","ProcessId":40403,"ParentProcessId":654,"IntegrityLevel":"Medium","Hashes":"SHA256=54ccb308cea0aba9ee4eec5d109e39d9ff9c7ede8ab70b55f21fde3465ea4ca7","CurrentDirectory":"C:\\Users\\malvarez\\"}}
{"tenant_id":"default","source":"sysmon","timestamp":"2026-07-07T17:58:55.633Z","event":{"EventID":3,"Computer":"WKSTN-1295.aegiscorp.local","User":"AEGISCORP\\kschmidt","Image":"firefox.exe","ProcessId":11380,"SourceIp":"10.20.40.55","SourcePort":62929,"DestinationIp":"34.194.23.11","DestinationPort":80,"DestinationHostname":"slack.com","Protocol":"tcp"}}
{"tenant_id":"default","source":"sysmon","timestamp":"2026-07-07T18:02:57.398Z","event":{"EventID":11,"Computer":"WKSTN-1258.aegiscorp.local","User":"AEGISCORP\\lbrooks","Image":"C:\\Program Files\\Microsoft Office\\root\\Office16\\EXCEL.EXE","ProcessId":9450,"TargetFilename":"C:\\Users\\lbrooks\\Documents\\meeting_minutes.pdf","CreationUtcTime":"2026-07-07T18:02:57.398Z"}}
{"tenant_id":"default","source":"sysmon","timestamp":"2026-07-07T18:59:02.947Z","event":{"EventID":1,"Computer":"WKSTN-1162.aegiscorp.local","User":"AEGISCORP\\cdubois","Image":"C:\\Program","CommandLine":"C:\\Program Files\\Microsoft Office\\root\\Office16\\OUTLOOK.EXE /recycle","ParentImage":"C:\\Windows\\explorer.exe","ParentCommandLine":"C:\\Windows\\explorer.exe","ProcessId":33640,"ParentProcessId":776,"IntegrityLevel":"Medium","Hashes":"SHA256=7dadf645964d8b489b8a65c7dfb7e9fae84f30ba2dcefb3e6cd3c31cdbd3081b","CurrentDirectory":"C:\\Users\\cdubois\\"}}
{"tenant_id":"default","source":"sysmon","timestamp":"2026-07-07T19:15:00.747Z","event":{"EventID":1,"Computer":"WKSTN-1102.aegiscorp.local","User":"AEGISCORP\\ckowalski","Image":"C:\\Windows\\System32\\notepad.exe","CommandLine":"C:\\Windows\\System32\\notepad.exe C:\\Users\\ckowalski\\Documents\\notes.txt","ParentImage":"C:\\Windows\\System32\\cmd.exe","ParentCommandLine":"C:\\Windows\\System32\\cmd.exe","ProcessId":50418,"ParentProcessId":532,"IntegrityLevel":"Medium","Hashes":"SHA256=db3ad0276ca223322b98e7b3efefcda9b3e22ac0b8d581cbaed5eb61da4a21da","CurrentDirectory":"C:\\Users\\ckowalski\\"}}
{"tenant_id":"default","source":"sysmon","timestamp":"2026-07-07T23:26:24.137Z","event":{"EventID":1,"Computer":"WKSTN-1210.aegiscorp.local","User":"AEGISCORP\\jokafor","Image":"C:\\Program","CommandLine":"C:\\Program Files\\Microsoft Office\\root\\Office16\\OUTLOOK.EXE /recycle","ParentImage":"C:\\Program Files\\Microsoft Office\\root\\Office16\\OUTLOOK.EXE","ParentCommandLine":"C:\\Program Files\\Microsoft Office\\root\\Office16\\OUTLOOK.EXE","ProcessId":62274,"ParentProcessId":661,"IntegrityLevel":"Medium","Hashes":"SHA256=ba09c21acd8304c61dedead2aacdbb89b1f268f8e98e7885b01e55edabfccbac","CurrentDirectory":"C:\\Users\\jokafor\\"}}
{"tenant_id":"default","source":"sysmon","timestamp":"2026-07-08T02:04:24.181Z","event":{"EventID":11,"Computer":"WKSTN-1295.aegiscorp.local","User":"AEGISCORP\\kschmidt","Image":"C:\\Windows\\System32\\WindowsPowerShell\\v1.0\\powershell.exe","ProcessId":41853,"TargetFilename":"C:\\Users\\kschmidt\\Documents\\budget.pptx","CreationUtcTime":"2026-07-08T02:04:24.181Z"}}
{"tenant_id":"default","source":"sysmon","timestamp":"2026-07-08T03:34:31.577Z","event":{"EventID":1,"Computer":"WKSTN-1109.aegiscorp.local","User":"AEGISCORP\\jgrant","Image":"C:\\Program","CommandLine":"C:\\Program Files\\Microsoft Office\\root\\Office16\\OUTLOOK.EXE /recycle","ParentImage":"C:\\Windows\\System32\\svchost.exe","ParentCommandLine":"C:\\Windows\\System32\\svchost.exe","ProcessId":64364,"ParentProcessId":665,"IntegrityLevel":"Medium","Hashes":"SHA256=f43fcfb6b9d0e6da8864878ceb44cbc3aa1c8eb84e566cc2cb7d02359fa278db","CurrentDirectory":"C:\\Users\\jgrant\\"}}
{"tenant_id":"default","source":"sysmon","timestamp":"2026-07-08T06:28:56.846Z","event":{"EventID":13,"Computer":"WKSTN-1208.aegiscorp.local","User":"AEGISCORP\\ewallace","Image":"C:\\Windows\\System32\\svchost.exe","ProcessId":57471,"TargetObject":"HKCU\\Software\\Microsoft\\Office\\16.0\\Common\\General","EventType":"SetValue","Details":"DWORD (0x00000001)"}}
{"tenant_id":"default","source":"sysmon","timestamp":"2026-07-08T11:41:40.531Z","event":{"EventID":11,"Computer":"WKSTN-1258.aegiscorp.local","User":"AEGISCORP\\lbrooks","Image":"C:\\Program Files\\Google\\Chrome\\Application\\chrome.exe","ProcessId":30091,"TargetFilename":"C:\\Users\\lbrooks\\Documents\\budget.pptx","CreationUtcTime":"2026-07-08T11:41:40.531Z"}}
{"tenant_id":"default","source":"sysmon","timestamp":"2026-07-08T13:20:37.742Z","event":{"EventID":1,"Computer":"WKSTN-1276.aegiscorp.local","User":"AEGISCORP\\ihaddad","Image":"C:\\Windows\\System32\\conhost.exe","CommandLine":"C:\\Windows\\System32\\conhost.exe 0xffffffff -ForceV1","ParentImage":"C:\\Windows\\explorer.exe","ParentCommandLine":"C:\\Windows\\explorer.exe","ProcessId":34778,"ParentProcessId":825,"IntegrityLevel":"Medium","Hashes":"SHA256=94d70eaeacdefdfffaf74e5a54caba784dd99b6caf301ccc42be1bd73fcbcf5d","CurrentDirectory":"C:\\Users\\ihaddad\\"}}
{"tenant_id":"default","source":"sysmon","timestamp":"2026-07-08T13:48:29.171Z","event":{"EventID":1,"Computer":"WKSTN-1265.aegiscorp.local","User":"AEGISCORP\\kwallace","Image":"C:\\Windows\\System32\\svchost.exe","CommandLine":"C:\\Windows\\System32\\svchost.exe -k netsvcs -p","ParentImage":"C:\\Program Files\\Mozilla Firefox\\firefox.exe","ParentCommandLine":"C:\\Program Files\\Mozilla Firefox\\firefox.exe","ProcessId":40105,"ParentProcessId":986,"IntegrityLevel":"Medium","Hashes":"SHA256=fe77cbee5f1b2de383262041cfe2d4fdb7cb79b846b4eb9a3caf3f1b60e2baea","CurrentDirectory":"C:\\Users\\kwallace\\"}}
{"tenant_id":"default","source":"sysmon","timestamp":"2026-07-08T14:00:54.575Z","event":{"EventID":1,"Computer":"WKSTN-1146.aegiscorp.local","User":"AEGISCORP\\tlindqvist2","Image":"C:\\Windows\\System32\\notepad.exe","CommandLine":"C:\\Windows\\System32\\notepad.exe C:\\Users\\tlindqvist2\\Documents\\notes.txt","ParentImage":"C:\\Program Files\\Microsoft Office\\root\\Office16\\OUTLOOK.EXE","ParentCommandLine":"C:\\Program Files\\Microsoft Office\\root\\Office16\\OUTLOOK.EXE","ProcessId":62875,"ParentProcessId":778,"IntegrityLevel":"Medium","Hashes":"SHA256=bd3cbafbf6cf30fccc6bbc90fdeb608129e84dca3cd21c5a2daf5cefceb60efb","CurrentDirectory":"C:\\Users\\tlindqvist2\\"}}
{"tenant_id":"default","source":"sysmon","timestamp":"2026-07-08T14:01:00.929Z","event":{"EventID":3,"Computer":"WKSTN-1272.aegiscorp.local","User":"AEGISCORP\\mnakamura2","Image":"firefox.exe","ProcessId":2841,"SourceIp":"10.20.40.32","SourcePort":62203,"DestinationIp":"104.16.85.20","DestinationPort":443,"DestinationHostname":"outlook.office365.com","Protocol":"tcp"}}
{"tenant_id":"default","source":"sysmon","timestamp":"2026-07-08T14:45:47.014Z","event":{"EventID":13,"Computer":"WKSTN-1231.aegiscorp.local","User":"AEGISCORP\\swallace3","Image":"C:\\Windows\\System32\\svchost.exe","ProcessId":57749,"TargetObject":"HKCU\\Software\\Microsoft\\Office\\16.0\\Common\\General","EventType":"SetValue","Details":"DWORD (0x00000001)"}}
{"tenant_id":"default","source":"sysmon","timestamp":"2026-07-08T15:21:39.994Z","event":{"EventID":1,"Computer":"WKSTN-1255.aegiscorp.local","User":"AEGISCORP\\zhoffman","Image":"C:\\Windows\\System32\\SearchProtocolHost.exe","CommandLine":"C:\\Windows\\System32\\SearchProtocolHost.exe Global\\UsGthrFltPipeMssGthrPipe1","ParentImage":"C:\\Windows\\System32\\taskeng.exe","ParentCommandLine":"C:\\Windows\\System32\\taskeng.exe","ProcessId":3370,"ParentProcessId":757,"IntegrityLevel":"Medium","Hashes":"SHA256=bfd70a9d45f853c7faf0d2cd2d3daf7cefd783d5a7beca0cee85787ce9d2eb35","CurrentDirectory":"C:\\Users\\zhoffman\\"}}
{"tenant_id":"default","source":"sysmon","timestamp":"2026-07-08T15:30:13.819Z","event":{"EventID":3,"Computer":"WKSTN-1110.aegiscorp.local","User":"AEGISCORP\\bwallace","Image":"teams.exe","ProcessId":63231,"SourceIp":"10.20.10.20","SourcePort":55483,"DestinationIp":"52.96.10.4","DestinationPort":443,"DestinationHostname":"s3.amazonaws.com","Protocol":"tcp"}}
{"tenant_id":"default","source":"sysmon","timestamp":"2026-07-08T17:24:38.178Z","event":{"EventID":1,"Computer":"WKSTN-1260.aegiscorp.local","User":"AEGISCORP\\ichen","Image":"C:\\Program","CommandLine":"C:\\Program Files\\Google\\Chrome\\Application\\chrome.exe --type=renderer","ParentImage":"C:\\Program Files\\Microsoft Office\\root\\Office16\\EXCEL.EXE","ParentCommandLine":"C:\\Program Files\\Microsoft Office\\root\\Office16\\EXCEL.EXE","ProcessId":29225,"ParentProcessId":852,"IntegrityLevel":"Medium","Hashes":"SHA256=5dfa431cadace8a5f58c5caf40fc7deec5a4f4ec9fed78dd5f24d0505dfa0d09","CurrentDirectory":"C:\\Users\\ichen\\"}}
{"tenant_id":"default","source":"sysmon","timestamp":"2026-07-08T17:44:19.170Z","event":{"EventID":1,"Computer":"WKSTN-1157.aegiscorp.local","User":"AEGISCORP\\orossi","Image":"C:\\Program","CommandLine":"C:\\Program Files\\Google\\Chrome\\Application\\chrome.exe --type=renderer","ParentImage":"C:\\Windows\\System32\\WindowsPowerShell\\v1.0\\powershell.exe","ParentCommandLine":"C:\\Windows\\System32\\WindowsPowerShell\\v1.0\\powershell.exe","ProcessId":63034,"ParentProcessId":656,"IntegrityLevel":"Medium","Hashes":"SHA256=f961fdefdaa4b9ea5de7bb2fb6c11bc27becb21d33e94fdf2a8ce2fc9b0a81ac","CurrentDirectory":"C:\\Users\\orossi\\"}}
{"tenant_id":"default","source":"sysmon","timestamp":"2026-07-08T17:51:55.032Z","event":{"EventID":3,"Computer":"WKSTN-1266.aegiscorp.local","User":"AEGISCORP\\mwallace","Image":"teams.exe","ProcessId":43141,"SourceIp":"10.20.40.26","SourcePort":53625,"DestinationIp":"34.194.23.11","DestinationPort":80,"DestinationHostname":"teams.microsoft.com","Protocol":"tcp"}}
{"tenant_id":"default","source":"sysmon","timestamp":"2026-07-08T18:31:16.500Z","event":{"EventID":1,"Computer":"WKSTN-1166.aegiscorp.local","User":"AEGISCORP\\cferreira","Image":"C:\\Windows\\System32\\dllhost.exe","CommandLine":"C:\\Windows\\System32\\dllhost.exe /Processid:{guid}","ParentImage":"C:\\Windows\\System32\\cmd.exe","ParentCommandLine":"C:\\Windows\\System32\\cmd.exe","ProcessId":44671,"ParentProcessId":558,"IntegrityLevel":"Medium","Hashes":"SHA256=8fde0fbffca63addd5a334daf5e6daa4eed43d4efdea7ada4cc2f36cffffa2dd","CurrentDirectory":"C:\\Users\\cferreira\\"}}
{"tenant_id":"default","source":"sysmon","timestamp":"2026-07-08T20:42:00.488Z","event":{"EventID":1,"Computer":"WKSTN-1137.aegiscorp.local","User":"AEGISCORP\\llund","Image":"C:\\Windows\\System32\\dllhost.exe","CommandLine":"C:\\Windows\\System32\\dllhost.exe /Processid:{guid}","ParentImage":"C:\\Windows\\System32\\cmd.exe","ParentCommandLine":"C:\\Windows\\System32\\cmd.exe","ProcessId":10678,"ParentProcessId":701,"IntegrityLevel":"Medium","Hashes":"SHA256=dfcff3ad4eaebab5f41aa4f5acfc52edbae6aeda8b0df8cffdeeaa6fb284aabb","CurrentDirectory":"C:\\Users\\llund\\"}}
{"tenant_id":"default","source":"sysmon","timestamp":"2026-07-08T22:21:49.361Z","event":{"EventID":11,"Computer":"WKSTN-1211.aegiscorp.local","User":"AEGISCORP\\bkim","Image":"C:\\Program Files\\Microsoft Office\\root\\Office16\\EXCEL.EXE","ProcessId":32560,"TargetFilename":"C:\\Users\\bkim\\Documents\\backup.zip","CreationUtcTime":"2026-07-08T22:21:49.361Z"}}
{"tenant_id":"default","source":"sysmon","timestamp":"2026-07-08T22:39:59.748Z","event":{"EventID":1,"Computer":"WKSTN-1245.aegiscorp.local","User":"AEGISCORP\\anovak2","Image":"C:\\Windows\\System32\\dllhost.exe","CommandLine":"C:\\Windows\\System32\\dllhost.exe /Processid:{guid}","ParentImage":"C:\\Program Files\\Mozilla Firefox\\firefox.exe","ParentCommandLine":"C:\\Program Files\\Mozilla Firefox\\firefox.exe","ProcessId":27627,"ParentProcessId":663,"IntegrityLevel":"Medium","Hashes":"SHA256=8b9f64bf0c5988a4fd55d9df66d6e75fac7ed2d57cc6f22aeeaffbc1d91fdc45","CurrentDirectory":"C:\\Users\\anovak2\\"}}
{"tenant_id":"default","source":"sysmon","timestamp":"2026-07-08T22:42:58.482Z","event":{"EventID":1,"Computer":"WKSTN-1121.aegiscorp.local","User":"AEGISCORP\\rtorres","Image":"C:\\Program","CommandLine":"C:\\Program Files\\Microsoft Office\\root\\Office16\\OUTLOOK.EXE /recycle","ParentImage":"C:\\Program Files\\Microsoft Office\\root\\Office16\\OUTLOOK.EXE","ParentCommandLine":"C:\\Program Files\\Microsoft Office\\root\\Office16\\OUTLOOK.EXE","ProcessId":30309,"ParentProcessId":891,"IntegrityLevel":"Medium","Hashes":"SHA256=0a5c8dca8e520be8ae0e9c7afc3b107ad8ce9e5af0fafecdbc17efeb5f89c5fb","CurrentDirectory":"C:\\Users\\rtorres\\"}}
{"tenant_id":"default","source":"sysmon","timestamp":"2026-07-09T01:10:08.817Z","event":{"EventID":11,"Computer":"WKSTN-1133.aegiscorp.local","User":"AEGISCORP\\pnakamura","Image":"C:\\Program Files\\Microsoft Office\\root\\Office16\\WINWORD.EXE","ProcessId":29839,"TargetFilename":"C:\\Users\\pnakamura\\Documents\\budget.pptx","CreationUtcTime":"2026-07-09T01:10:08.817Z"}}
{"tenant_id":"default","source":"sysmon","timestamp":"2026-07-09T01:13:34.284Z","event":{"EventID":1,"Computer":"WKSTN-1144.aegiscorp.local","User":"AEGISCORP\\ksilva","Image":"C:\\Windows\\System32\\svchost.exe","CommandLine":"C:\\Windows\\System32\\svchost.exe -k netsvcs -p","ParentImage":"C:\\Program Files\\Microsoft Office\\root\\Office16\\EXCEL.EXE","ParentCommandLine":"C:\\Program Files\\Microsoft Office\\root\\Office16\\EXCEL.EXE","ProcessId":8867,"ParentProcessId":538,"IntegrityLevel":"Medium","Hashes":"SHA256=35caf28fbba54334e252eb2f13cf3ce17ac428c817326e6a8efc510497f4ad53","CurrentDirectory":"C:\\Users\\ksilva\\"}}
{"tenant_id":"default","source":"sysmon","timestamp":"2026-07-09T01:31:08.275Z","event":{"EventID":1,"Computer":"WKSTN-1275.aegiscorp.local","User":"AEGISCORP\\malvarez2","Image":"C:\\Windows\\System32\\SearchProtocolHost.exe","CommandLine":"C:\\Windows\\System32\\SearchProtocolHost.exe Global\\UsGthrFltPipeMssGthrPipe1","ParentImage":"C:\\Windows\\System32\\svchost.exe","ParentCommandLine":"C:\\Windows\\System32\\svchost.exe","ProcessId":25652,"ParentProcessId":692,"IntegrityLevel":"Medium","Hashes":"SHA256=5aa6da0ad08f61f9e76faa7d7dea2fff7bf17da73ed1d0c9c3796d5ef0bc72ba","CurrentDirectory":"C:\\Users\\malvarez2\\"}}
{"tenant_id":"default","source":"sysmon","timestamp":"2026-07-09T02:16:40.664Z","event":{"EventID":1,"Computer":"WKSTN-1247.aegiscorp.local","User":"AEGISCORP\\tnguyen","Image":"C:\\Program","CommandLine":"C:\\Program Files\\Google\\Chrome\\Application\\chrome.exe --type=renderer","ParentImage":"C:\\Windows\\System32\\taskeng.exe","ParentCommandLine":"C:\\Windows\\System32\\taskeng.exe","ProcessId":42164,"ParentProcessId":590,"IntegrityLevel":"Medium","Hashes":"SHA256=94d49de5a9f25e71ecbf6fdf69fa08710e9983c5abb0f891deb74b61acad7db5","CurrentDirectory":"C:\\Users\\tnguyen\\"}}
{"tenant_id":"default","source":"sysmon","timestamp":"2026-07-09T07:18:24.108Z","event":{"EventID":3,"Computer":"WKSTN-1113.aegiscorp.local","User":"AEGISCORP\\ajohnson","Image":"outlook.exe","ProcessId":57639,"SourceIp":"10.20.10.23","SourcePort":51438,"DestinationIp":"52.96.10.4","DestinationPort":443,"DestinationHostname":"cdn.jsdelivr.net","Protocol":"tcp"}}
{"tenant_id":"default","source":"sysmon","timestamp":"2026-07-09T07:37:36.986Z","event":{"EventID":1,"Computer":"WKSTN-1128.aegiscorp.local","User":"AEGISCORP\\enakamura","Image":"C:\\Program","CommandLine":"C:\\Program Files\\Google\\Chrome\\Application\\chrome.exe --type=renderer","ParentImage":"C:\\Program Files\\Microsoft Office\\root\\Office16\\WINWORD.EXE","ParentCommandLine":"C:\\Program Files\\Microsoft Office\\root\\Office16\\WINWORD.EXE","ProcessId":3563,"ParentProcessId":876,"IntegrityLevel":"Medium","Hashes":"SHA256=ec577cc40efbe5a6cb3ffe520abcd1f72f9cc1c37b4febafdceeafdae17f00ae","CurrentDirectory":"C:\\Users\\enakamura\\"}}
{"tenant_id":"default","source":"sysmon","timestamp":"2026-07-09T10:29:56.137Z","event":{"EventID":1,"Computer":"WKSTN-1232.aegiscorp.local","User":"AEGISCORP\\nhoffman","Image":"C:\\Windows\\System32\\SearchProtocolHost.exe","CommandLine":"C:\\Windows\\System32\\SearchProtocolHost.exe Global\\UsGthrFltPipeMssGthrPipe1","ParentImage":"C:\\Program Files\\Mozilla Firefox\\firefox.exe","ParentCommandLine":"C:\\Program Files\\Mozilla Firefox\\firefox.exe","ProcessId":59731,"ParentProcessId":699,"IntegrityLevel":"Medium","Hashes":"SHA256=4cf2d0fccf2fb502b6a1cbba179da63dc1d4d1cb609ffee0d3ecdcab8d4ab4d6","CurrentDirectory":"C:\\Users\\nhoffman\\"}}
{"tenant_id":"default","source":"sysmon","timestamp":"2026-07-09T10:47:06.935Z","event":{"EventID":3,"Computer":"WKSTN-1286.aegiscorp.local","User":"AEGISCORP\\psilva","Image":"firefox.exe","ProcessId":17905,"SourceIp":"10.20.40.46","SourcePort":62875,"DestinationIp":"34.194.23.11","DestinationPort":443,"DestinationHostname":"update.microsoft.com","Protocol":"tcp"}}
{"tenant_id":"default","source":"sysmon","timestamp":"2026-07-09T11:28:15.817Z","event":{"EventID":3,"Computer":"WKSTN-1175.aegiscorp.local","User":"AEGISCORP\\isuzuki","Image":"firefox.exe","ProcessId":44835,"SourceIp":"10.20.20.35","SourcePort":61205,"DestinationIp":"104.16.85.20","DestinationPort":443,"DestinationHostname":"login.microsoftonline.com","Protocol":"tcp"}}
{"tenant_id":"default","source":"sysmon","timestamp":"2026-07-09T12:13:28.625Z","event":{"EventID":3,"Computer":"WKSTN-1256.aegiscorp.local","User":"AEGISCORP\\josei","Image":"teams.exe","ProcessId":49519,"SourceIp":"10.20.40.16","SourcePort":59008,"DestinationIp":"34.194.23.11","DestinationPort":443,"DestinationHostname":"www.salesforce.com","Protocol":"tcp"}}
{"tenant_id":"default","source":"sysmon","timestamp":"2026-07-09T12:31:17.824Z","event":{"EventID":1,"Computer":"WKSTN-1160.aegiscorp.local","User":"AEGISCORP\\rokafor2","Image":"C:\\Windows\\System32\\dllhost.exe","CommandLine":"C:\\Windows\\System32\\dllhost.exe /Processid:{guid}","ParentImage":"C:\\Windows\\System32\\cmd.exe","ParentCommandLine":"C:\\Windows\\System32\\cmd.exe","ProcessId":37618,"ParentProcessId":517,"IntegrityLevel":"Medium","Hashes":"SHA256=95d704d604c3f0b4cd03b7accb6dcadd16dcf17ad07ffbcfd0df6ff1bbcd283b","CurrentDirectory":"C:\\Users\\rokafor2\\"}}
{"tenant_id":"default","source":"sysmon","timestamp":"2026-07-09T13:59:10.188Z","event":{"EventID":11,"Computer":"WKSTN-1222.aegiscorp.local","User":"AEGISCORP\\aalvarez2","Image":"C:\\Program Files\\Microsoft Office\\root\\Office16\\WINWORD.EXE","ProcessId":34475,"TargetFilename":"C:\\Users\\aalvarez2\\Documents\\meeting_minutes.pdf","CreationUtcTime":"2026-07-09T13:59:10.188Z"}}
{"tenant_id":"default","source":"sysmon","timestamp":"2026-07-09T14:17:25.881Z","event":{"EventID":1,"Computer":"WKSTN-1168.aegiscorp.local","User":"AEGISCORP\\rchen","Image":"C:\\Windows\\System32\\SearchProtocolHost.exe","CommandLine":"C:\\Windows\\System32\\SearchProtocolHost.exe Global\\UsGthrFltPipeMssGthrPipe1","ParentImage":"C:\\Windows\\System32\\svchost.exe","ParentCommandLine":"C:\\Windows\\System32\\svchost.exe","ProcessId":56926,"ParentProcessId":723,"IntegrityLevel":"Medium","Hashes":"SHA256=ad28eee7daf1b31b5afed74b3e5585e9d60dea272efbadde539a19da57bbed7f","CurrentDirectory":"C:\\Users\\rchen\\"}}
{"tenant_id":"default","source":"sysmon","timestamp":"2026-07-09T14:23:20.682Z","event":{"EventID":13,"Computer":"WKSTN-1289.aegiscorp.local","User":"AEGISCORP\\mcosta2","Image":"C:\\Windows\\System32\\svchost.exe","ProcessId":56305,"TargetObject":"HKCU\\Software\\Microsoft\\Windows\\CurrentVersion\\Run\\OneDriveSync","EventType":"SetValue","Details":"DWORD (0x00000001)"}}
{"tenant_id":"default","source":"sysmon","timestamp":"2026-07-09T14:55:33.310Z","event":{"EventID":1,"Computer":"WKSTN-1112.aegiscorp.local","User":"AEGISCORP\\jmoreau","Image":"C:\\Windows\\System32\\SearchProtocolHost.exe","CommandLine":"C:\\Windows\\System32\\SearchProtocolHost.exe Global\\UsGthrFltPipeMssGthrPipe1","ParentImage":"C:\\Program Files\\Mozilla Firefox\\firefox.exe","ParentCommandLine":"C:\\Program Files\\Mozilla Firefox\\firefox.exe","ProcessId":20416,"ParentProcessId":925,"IntegrityLevel":"Medium","Hashes":"SHA256=e6778cbed8ebad607270ec8fea10f28ca7e35d390b18b30881b48b273a8caacb","CurrentDirectory":"C:\\Users\\jmoreau\\"}}
{"tenant_id":"default","source":"sysmon","timestamp":"2026-07-09T15:29:16.759Z","event":{"EventID":1,"Computer":"WKSTN-1212.aegiscorp.local","User":"AEGISCORP\\cnguyen","Image":"C:\\Windows\\System32\\dllhost.exe","CommandLine":"C:\\Windows\\System32\\dllhost.exe /Processid:{guid}","ParentImage":"C:\\Program Files\\Microsoft Office\\root\\Office16\\OUTLOOK.EXE","ParentCommandLine":"C:\\Program Files\\Microsoft Office\\root\\Office16\\OUTLOOK.EXE","ProcessId":2374,"ParentProcessId":600,"IntegrityLevel":"Medium","Hashes":"SHA256=b6de29787335faac5d8eff25ff2c7f95c7fdf1c85ffedc49128b7a13d4d03afa","CurrentDirectory":"C:\\Users\\cnguyen\\"}}
{"tenant_id":"default","source":"sysmon","timestamp":"2026-07-09T16:22:10.635Z","event":{"EventID":3,"Computer":"WKSTN-1203.aegiscorp.local","User":"AEGISCORP\\lalvarez","Image":"chrome.exe","ProcessId":4484,"SourceIp":"10.20.30.13","SourcePort":50887,"DestinationIp":"34.194.23.11","DestinationPort":80,"DestinationHostname":"docs.google.com","Protocol":"tcp"}}
